[2026-07-03 00:32:13] [INFO ] ========================================
[2026-07-03 00:32:13] [INFO ]   设备台账与运维管理系统 - 后端服务
[2026-07-03 00:32:13] [INFO ] ========================================
[2026-07-03 00:32:13] [INFO ]   服务地址: http://localhost:3000
[2026-07-03 00:32:13] [INFO ]   API 前缀: /api
[2026-07-03 00:32:13] [INFO ]   健康检查: http://localhost:3000/api/health
[2026-07-03 00:32:13] [INFO ]   数据文件: ./data/eqdm.json
[2026-07-03 00:32:13] [INFO ]   运行环境: production
[2026-07-03 00:32:13] [INFO ] ========================================
[2026-07-03 00:32:13] [INFO ]   默认账号:
[2026-07-03 00:32:13] [INFO ]     管理员: admin / admin123
[2026-07-03 00:32:13] [INFO ]     部门经理: manager / manager123
[2026-07-03 00:32:13] [INFO ]     员工共享: sa / 123456
[2026-07-03 00:32:13] [INFO ] ========================================
[2026-07-03 00:32:25] [INFO ] POST /api/auth/login 200 126ms - ::1
[2026-07-03 00:32:25] [INFO ] GET /api/logs?page=1&pageSize=3 200 11ms - ::1
[2026-07-03 00:32:59] [INFO ] ========================================
[2026-07-03 00:32:59] [INFO ]   设备台账与运维管理系统 - 后端服务
[2026-07-03 00:32:59] [INFO ] ========================================
[2026-07-03 00:32:59] [INFO ]   服务地址: http://localhost:3000
[2026-07-03 00:32:59] [INFO ]   API 前缀: /api
[2026-07-03 00:32:59] [INFO ]   健康检查: http://localhost:3000/api/health
[2026-07-03 00:32:59] [INFO ]   数据文件: ./data/eqdm.json
[2026-07-03 00:32:59] [INFO ]   运行环境: production
[2026-07-03 00:32:59] [INFO ] ========================================
[2026-07-03 00:32:59] [INFO ]   默认账号:
[2026-07-03 00:32:59] [INFO ]     管理员: admin / admin123
[2026-07-03 00:32:59] [INFO ]     部门经理: manager / manager123
[2026-07-03 00:32:59] [INFO ]     员工共享: sa / 123456
[2026-07-03 00:32:59] [INFO ] ========================================
[2026-07-03 00:33:11] [INFO ] POST /api/auth/login 200 84ms - ::1
[2026-07-03 00:33:12] [INFO ] GET /api/logs?page=1&pageSize=3 200 4ms - ::1
[2026-07-03 00:33:40] [INFO ] GET / 200 9ms - ::1
[2026-07-03 00:33:40] [INFO ] GET /assets/index-1PqUtUb4.css 200 8ms - ::1
[2026-07-03 00:33:40] [INFO ] GET /assets/index-BNHPYa55.js 200 18ms - ::1
[2026-07-03 00:33:40] [INFO ] GET /favicon.svg 200 3ms - ::1
[2026-07-03 00:33:40] [WARN ] GET /api/notifications/unread 401 1ms - ::1
[2026-07-03 00:33:40] [INFO ] GET /assets/index-Bb8dpAG3.js 200 2ms - ::1
[2026-07-03 00:33:40] [INFO ] GET /favicon.svg 304 1ms - ::1
[2026-07-03 00:33:40] [INFO ] GET /favicon.svg 304 2ms - ::1
[2026-07-03 00:33:47] [INFO ] POST /api/auth/login 200 140ms - ::1
[2026-07-03 00:33:47] [INFO ] GET /assets/index-BXSV598w.js 200 6ms - ::1
[2026-07-03 00:33:47] [INFO ] GET /assets/index-bLQQDj9G.js 200 10ms - ::1
[2026-07-03 00:33:47] [INFO ] GET /assets/record-Buzxj4K9.js 200 8ms - ::1
[2026-07-03 00:33:47] [INFO ] GET /assets/maintenance-FMpCSzlD.js 200 9ms - ::1
[2026-07-03 00:33:47] [INFO ] GET /assets/statistics-BXxAFQLm.js 200 11ms - ::1
[2026-07-03 00:33:47] [INFO ] GET /api/notifications/unread 200 20ms - ::1
[2026-07-03 00:33:47] [INFO ] GET /favicon.svg 304 23ms - ::1
[2026-07-03 00:33:47] [INFO ] GET /api/records?page=1&pageSize=10 200 3ms - ::1
[2026-07-03 00:33:47] [INFO ] GET /api/maintenance-plans/upcoming?days=7 200 1ms - ::1
[2026-07-03 00:33:47] [INFO ] GET /api/statistics/dashboard 200 2ms - ::1
[2026-07-03 00:33:49] [INFO ] GET /assets/index-CyNUJz-P.js 200 3ms - ::1
[2026-07-03 00:33:49] [INFO ] GET /assets/index-DVU2n_JJ.css 200 5ms - ::1
[2026-07-03 00:33:49] [INFO ] GET /api/logs?page=1&pageSize=20 200 9ms - ::1
[2026-07-03 00:34:05] [INFO ] GET /api/logs?page=1&pageSize=20 200 7ms - ::1
[2026-07-03 00:34:08] [INFO ] GET /api/logs?page=1&pageSize=20 200 6ms - ::1
[2026-07-03 00:34:09] [INFO ] GET /api/logs?page=1&pageSize=20 200 7ms - ::1
[2026-07-03 00:34:13] [INFO ] GET /api/logs?page=1&pageSize=20 200 7ms - ::1
[2026-07-03 00:34:13] [INFO ] GET /api/logs?page=1&pageSize=20 200 7ms - ::1
[2026-07-03 00:34:14] [INFO ] GET /api/logs?page=1&pageSize=20 200 6ms - ::1
[2026-07-03 00:34:14] [INFO ] GET /api/logs?page=1&pageSize=20 200 5ms - ::1
[2026-07-03 00:34:15] [INFO ] GET /api/logs?page=1&pageSize=20 200 4ms - ::1
[2026-07-03 00:34:15] [INFO ] GET /api/logs?page=1&pageSize=20 200 5ms - ::1
[2026-07-03 00:34:17] [INFO ] GET /api/logs?page=1&pageSize=20 200 6ms - ::1
[2026-07-03 00:34:17] [INFO ] GET /api/notifications/unread 304 9ms - ::1
[2026-07-03 00:34:18] [INFO ] GET /api/logs?page=1&pageSize=20 200 6ms - ::1
[2026-07-03 00:34:47] [INFO ] GET /api/notifications/unread 304 6ms - ::1
[2026-07-03 00:35:17] [INFO ] GET /api/notifications/unread 304 5ms - ::1
[2026-07-03 00:35:47] [INFO ] GET /api/notifications/unread 304 4ms - ::1
[2026-07-03 00:36:17] [INFO ] GET /api/notifications/unread 304 3ms - ::1
[2026-07-03 00:36:47] [INFO ] GET /api/notifications/unread 304 6ms - ::1
[2026-07-03 00:37:17] [INFO ] GET /api/notifications/unread 304 4ms - ::1
[2026-07-03 00:37:47] [INFO ] GET /api/notifications/unread 304 3ms - ::1
[2026-07-03 00:38:17] [INFO ] GET /api/notifications/unread 304 6ms - ::1
[2026-07-03 00:38:47] [INFO ] GET /api/notifications/unread 304 4ms - ::1
[2026-07-03 00:38:56] [INFO ] ========================================
[2026-07-03 00:38:56] [INFO ]   设备台账与运维管理系统 - 后端服务
[2026-07-03 00:38:56] [INFO ] ========================================
[2026-07-03 00:38:56] [INFO ]   服务地址: http://localhost:3000
[2026-07-03 00:38:56] [INFO ]   API 前缀: /api
[2026-07-03 00:38:56] [INFO ]   健康检查: http://localhost:3000/api/health
[2026-07-03 00:38:56] [INFO ]   数据文件: ./data/eqdm.json
[2026-07-03 00:38:56] [INFO ]   运行环境: production
[2026-07-03 00:38:56] [INFO ] ========================================
[2026-07-03 00:38:56] [INFO ]   默认账号:
[2026-07-03 00:38:56] [INFO ]     管理员: admin / admin123
[2026-07-03 00:38:56] [INFO ]     部门经理: manager / manager123
[2026-07-03 00:38:56] [INFO ]     员工共享: sa / 123456
[2026-07-03 00:38:56] [INFO ] ========================================
[2026-07-03 00:39:11] [INFO ] POST /api/auth/login 200 82ms - ::1
[2026-07-03 00:39:11] [INFO ] GET /api/logs?page=1&pageSize=3 200 10ms - ::1
[2026-07-03 00:39:11] [INFO ] GET /api/logs/files 200 1ms - ::1
[2026-07-03 00:39:17] [INFO ] GET /api/notifications/unread 304 13ms - ::1
[2026-07-03 00:39:44] [INFO ] GET /logs 200 8ms - ::1
[2026-07-03 00:39:44] [INFO ] GET /assets/index-BHMIkt7z.css 200 5ms - ::1
[2026-07-03 00:39:44] [INFO ] GET /assets/index-H-SHEhEd.js 200 12ms - ::1
[2026-07-03 00:39:44] [INFO ] GET /favicon.svg 304 0ms - ::1
[2026-07-03 00:39:44] [INFO ] GET /api/notifications/unread 304 6ms - ::1
[2026-07-03 00:39:44] [INFO ] GET /assets/index-CrAB5QtM.js 200 3ms - ::1
[2026-07-03 00:39:44] [INFO ] GET /assets/index-DvoSkFWH.css 200 3ms - ::1
[2026-07-03 00:39:44] [INFO ] GET /api/logs/files 200 2ms - ::1
[2026-07-03 00:39:44] [INFO ] GET /api/logs?page=1&pageSize=20&date=2026-07-03 200 4ms - ::1
[2026-07-03 00:39:44] [INFO ] GET /api/logs?page=1&pageSize=20&date=2026-07-03 200 2ms - ::1
[2026-07-03 00:40:14] [INFO ] GET /api/notifications/unread 304 6ms - ::1
[2026-07-03 00:40:44] [INFO ] GET /api/notifications/unread 304 4ms - ::1
[2026-07-03 00:41:03] [INFO ] PUT /api/notifications/read-all 200 167ms - ::1
[2026-07-03 00:41:03] [INFO ] GET /favicon.svg 304 1ms - ::1
[2026-07-03 00:41:14] [INFO ] GET /api/notifications/unread 200 5ms - ::1
[2026-07-03 00:41:44] [INFO ] GET /api/notifications/unread 304 6ms - ::1
[2026-07-03 00:41:57] [INFO ] GET /assets/index-CBj7U7Nb.js 200 4ms - ::1
[2026-07-03 00:41:57] [INFO ] GET /assets/record-DpM9OPSw.js 200 6ms - ::1
[2026-07-03 00:41:57] [INFO ] GET /assets/index-BXSV598w.js 200 5ms - ::1
[2026-07-03 00:41:57] [INFO ] GET /assets/maintenance-DvMAP8Mf.js 200 4ms - ::1
[2026-07-03 00:41:57] [INFO ] GET /assets/statistics-toWU_YCQ.js 200 5ms - ::1
[2026-07-03 00:41:57] [INFO ] GET /api/records?page=1&pageSize=10 304 7ms - ::1
[2026-07-03 00:41:57] [INFO ] GET /api/maintenance-plans/upcoming?days=7 304 1ms - ::1
[2026-07-03 00:41:57] [INFO ] GET /api/statistics/dashboard 304 1ms - ::1
[2026-07-03 00:41:57] [INFO ] GET /favicon.svg 304 1ms - ::1
[2026-07-03 00:41:58] [INFO ] GET /assets/list-CUkI-UXc.css 200 2ms - ::1
[2026-07-03 00:41:58] [INFO ] GET /assets/list-DoydxonE.js 200 4ms - ::1
[2026-07-03 00:41:58] [INFO ] GET /api/records?page=1&pageSize=10 304 5ms - ::1
[2026-07-03 00:41:59] [INFO ] GET /assets/recordTemplates-CRBGiWxJ.js 200 2ms - ::1
[2026-07-03 00:41:59] [INFO ] GET /assets/detail-CzEG0U3W.js 200 4ms - ::1
[2026-07-03 00:41:59] [INFO ] GET /assets/detail-BKM98a6R.css 200 5ms - ::1
[2026-07-03 00:41:59] [INFO ] GET /api/records/rmr3bf9k73prq 200 6ms - ::1
[2026-07-03 00:42:09] [INFO ] GET /api/records?page=1&pageSize=10 304 6ms - ::1
[2026-07-03 00:42:13] [INFO ] GET /api/records/rmr1t7rg7bm1r 200 6ms - ::1
[2026-07-03 00:42:14] [INFO ] GET /api/notifications/unread 304 9ms - ::1
[2026-07-03 00:42:44] [INFO ] GET /api/notifications/unread 304 8ms - ::1
[2026-07-03 00:42:51] [INFO ] GET /api/records?page=1&pageSize=10 304 8ms - ::1
[2026-07-03 00:42:51] [INFO ] GET /api/maintenance-plans/upcoming?days=7 304 1ms - ::1
[2026-07-03 00:42:51] [INFO ] GET /api/statistics/dashboard 304 1ms - ::1
[2026-07-03 01:18:35] [INFO ] ========================================
[2026-07-03 01:18:35] [INFO ]   设备台账与运维管理系统 - 后端服务
[2026-07-03 01:18:35] [INFO ] ========================================
[2026-07-03 01:18:35] [INFO ]   服务地址: http://localhost:3000
[2026-07-03 01:18:35] [INFO ]   API 前缀: /api
[2026-07-03 01:18:35] [INFO ]   健康检查: http://localhost:3000/api/health
[2026-07-03 01:18:35] [INFO ]   数据文件: ./data/eqdm.json
[2026-07-03 01:18:35] [INFO ]   运行环境: production
[2026-07-03 01:18:35] [INFO ] ========================================
[2026-07-03 01:18:35] [INFO ]   默认账号:
[2026-07-03 01:18:35] [INFO ]     管理员: admin / admin123
[2026-07-03 01:18:35] [INFO ]     部门经理: manager / manager123
[2026-07-03 01:18:35] [INFO ]     员工共享: sa / 123456
[2026-07-03 01:18:35] [INFO ] ========================================
[2026-07-03 01:19:38] [INFO ] GET / 200 11ms - ::1
[2026-07-03 01:19:38] [INFO ] GET /assets/index-BHMIkt7z.css 200 8ms - ::1
[2026-07-03 01:19:38] [INFO ] GET /assets/index-Dq_-8BsI.js 200 15ms - ::1
[2026-07-03 01:19:38] [INFO ] GET /favicon.svg 200 4ms - ::1
[2026-07-03 01:19:38] [INFO ] GET /api/notifications/unread 200 9ms - ::1
[2026-07-03 01:19:38] [INFO ] GET /assets/index-DZKGxJQ3.js 200 13ms - ::1
[2026-07-03 01:19:38] [INFO ] GET /assets/index-BXSV598w.js 200 13ms - ::1
[2026-07-03 01:19:38] [INFO ] GET /assets/record-BTPpOM2L.js 200 15ms - ::1
[2026-07-03 01:19:38] [INFO ] GET /assets/maintenance-CfXhyO4w.js 200 16ms - ::1
[2026-07-03 01:19:38] [INFO ] GET /assets/statistics-BqAa7yP7.js 200 15ms - ::1
[2026-07-03 01:19:38] [INFO ] GET /api/records?page=1&pageSize=10 200 14ms - ::1
[2026-07-03 01:19:38] [INFO ] GET /api/maintenance-plans/upcoming?days=7 200 1ms - ::1
[2026-07-03 01:19:38] [INFO ] GET /api/statistics/dashboard 200 3ms - ::1
[2026-07-03 01:19:38] [INFO ] GET /favicon.svg 304 1ms - ::1
[2026-07-03 01:19:42] [INFO ] GET /assets/index-CjdKFJSv.js 200 3ms - ::1
[2026-07-03 01:19:45] [INFO ] POST /api/auth/login 200 160ms - ::1
[2026-07-03 01:19:45] [INFO ] GET /favicon.svg 304 1ms - ::1
[2026-07-03 01:19:45] [INFO ] GET /api/notifications/unread 200 1ms - ::1
[2026-07-03 01:19:45] [INFO ] GET /api/records?page=1&pageSize=10&createdBy=u006 200 1ms - ::1
[2026-07-03 01:19:45] [INFO ] GET /api/maintenance-plans/upcoming?days=7 304 1ms - ::1
[2026-07-03 01:19:45] [INFO ] GET /api/statistics/dashboard 304 1ms - ::1
[2026-07-03 01:19:47] [INFO ] GET /assets/list-9C7lSjlE.js 200 2ms - ::1
[2026-07-03 01:19:47] [INFO ] GET /assets/list-XmUOnSQT.css 200 3ms - ::1
[2026-07-03 01:19:47] [INFO ] GET /assets/recordTemplates-CRBGiWxJ.js 200 5ms - ::1
[2026-07-03 01:19:48] [INFO ] GET /assets/index-V215X2l6.css 200 3ms - ::1
[2026-07-03 01:19:48] [INFO ] GET /assets/index-BgBpgPxd.js 200 4ms - ::1
[2026-07-03 01:19:48] [INFO ] GET /assets/knowledge-BSxA4fA1.js 200 6ms - ::1
[2026-07-03 01:19:48] [INFO ] GET /api/knowledge?page=1&pageSize=20 200 5ms - ::1
[2026-07-03 01:19:49] [INFO ] GET /assets/list-CUkI-UXc.css 200 2ms - ::1
[2026-07-03 01:19:49] [INFO ] GET /assets/list-aaG8J-0c.js 200 4ms - ::1
[2026-07-03 01:19:49] [INFO ] GET /api/records?page=1&pageSize=10&createdBy=u006 304 1ms - ::1
[2026-07-03 01:19:54] [INFO ] PUT /api/notifications/nmr3bf9rmji0w/read 200 166ms - ::1
[2026-07-03 01:19:54] [INFO ] GET /assets/detail-CJQNv7Xs.css 200 2ms - ::1
[2026-07-03 01:19:54] [INFO ] GET /assets/detail-D26qRjP7.js 200 3ms - ::1
[2026-07-03 01:19:54] [INFO ] GET /api/records/rmr3bf9k73prq 200 2ms - ::1
[2026-07-03 01:19:58] [INFO ] GET /api/records?page=1&pageSize=10&createdBy=u006 304 5ms - ::1
[2026-07-03 01:19:59] [INFO ] GET /assets/form-dKP0hH_u.js 200 3ms - ::1
[2026-07-03 01:19:59] [INFO ] GET /assets/equipment-DfvublPu.js 200 2ms - ::1
[2026-07-03 01:19:59] [INFO ] GET /assets/form-CD2u14bo.css 200 4ms - ::1
[2026-07-03 01:19:59] [INFO ] GET /api/equipments?pageSize=999 200 6ms - ::1
[2026-07-03 01:20:02] [INFO ] GET /api/records?equipmentId=emqwcj0ug9ug2&page=1&pageSize=1 200 5ms - ::1
[2026-07-03 01:20:15] [INFO ] GET /api/notifications/unread 200 9ms - ::1
[2026-07-03 01:20:36] [INFO ] POST /api/records 200 260ms - ::1
[2026-07-03 01:20:36] [INFO ] GET /api/records?page=1&pageSize=10&createdBy=u006 200 3ms - ::1
[2026-07-03 01:20:37] [INFO ] GET /api/records/rmr48ybl4bdum 200 5ms - ::1
[2026-07-03 01:20:42] [INFO ] GET /api/records?page=1&pageSize=10&createdBy=u006 304 7ms - ::1
[2026-07-03 01:20:43] [INFO ] GET /api/records/rmr48ybl4bdum 304 6ms - ::1
[2026-07-03 01:20:45] [INFO ] GET /api/notifications/unread 304 4ms - ::1
[2026-07-03 01:21:15] [INFO ] GET /api/notifications/unread 304 6ms - ::1
[2026-07-03 01:21:45] [INFO ] GET /api/notifications/unread 304 10ms - ::1
[2026-07-03 01:22:15] [INFO ] GET /api/notifications/unread 304 5ms - ::1
[2026-07-03 01:22:30] [INFO ] ========================================
[2026-07-03 01:22:30] [INFO ]   设备台账与运维管理系统 - 后端服务
[2026-07-03 01:22:30] [INFO ] ========================================
[2026-07-03 01:22:30] [INFO ]   服务地址: http://localhost:3000
[2026-07-03 01:22:30] [INFO ]   API 前缀: /api
[2026-07-03 01:22:30] [INFO ]   健康检查: http://localhost:3000/api/health
[2026-07-03 01:22:30] [INFO ]   数据文件: ./data/eqdm.json
[2026-07-03 01:22:30] [INFO ]   运行环境: production
[2026-07-03 01:22:30] [INFO ] ========================================
[2026-07-03 01:22:30] [INFO ]   默认账号:
[2026-07-03 01:22:30] [INFO ]     管理员: admin / admin123
[2026-07-03 01:22:30] [INFO ]     部门经理: manager / manager123
[2026-07-03 01:22:30] [INFO ]     员工共享: sa / 123456
[2026-07-03 01:22:30] [INFO ] ========================================
[2026-07-03 01:22:45] [INFO ] GET /api/notifications/unread 304 13ms - ::1
[2026-07-03 01:22:47] [INFO ] POST /api/auth/login 200 115ms - ::1
[2026-07-03 01:22:48] [INFO ] POST /api/records 200 283ms - ::1
[2026-07-03 01:22:48] [INFO ] GET /api/records/rmr49156qztk1 200 2ms - ::1
[2026-07-03 01:22:48] [INFO ] DELETE /api/records/rmr49156qztk1 200 33ms - ::1
[2026-07-03 01:23:15] [INFO ] GET /api/notifications/unread 200 8ms - ::1
[2026-07-03 01:23:45] [INFO ] GET /api/notifications/unread 304 10ms - ::1
[2026-07-03 01:24:15] [INFO ] GET /api/notifications/unread 304 11ms - ::1
[2026-07-03 01:24:45] [INFO ] GET /api/notifications/unread 304 10ms - ::1
[2026-07-03 01:25:00] [INFO ] PUT /api/notifications/nmr4915ds6ieo/read 200 58ms - ::1
[2026-07-03 01:25:09] [INFO ] PUT /api/notifications/nmr4915ds6ieo/read 200 78ms - ::1
[2026-07-03 01:25:14] [INFO ] GET /record/rmr48ybl4bdum 200 6ms - ::1
[2026-07-03 01:25:14] [INFO ] GET /assets/index-Dq_-8BsI.js 304 2ms - ::1
[2026-07-03 01:25:14] [INFO ] GET /assets/index-BHMIkt7z.css 304 2ms - ::1
[2026-07-03 01:25:14] [INFO ] GET /favicon.svg 304 0ms - ::1
[2026-07-03 01:25:14] [INFO ] GET /api/notifications/unread 200 9ms - ::1
[2026-07-03 01:25:14] [INFO ] GET /assets/detail-D26qRjP7.js 304 2ms - ::1
[2026-07-03 01:25:14] [INFO ] GET /assets/index-BXSV598w.js 304 2ms - ::1
[2026-07-03 01:25:14] [INFO ] GET /assets/recordTemplates-CRBGiWxJ.js 304 3ms - ::1
[2026-07-03 01:25:14] [INFO ] GET /assets/record-BTPpOM2L.js 304 1ms - ::1
[2026-07-03 01:25:14] [INFO ] GET /assets/detail-CJQNv7Xs.css 304 4ms - ::1
[2026-07-03 01:25:14] [INFO ] GET /api/records/rmr48ybl4bdum 200 1ms - ::1
[2026-07-03 01:25:14] [INFO ] GET /favicon.svg 304 2ms - ::1
[2026-07-03 01:25:26] [INFO ] GET /record/rmr48ybl4bdum 304 2ms - ::1
[2026-07-03 01:25:26] [INFO ] GET /assets/index-Dq_-8BsI.js 304 1ms - ::1
[2026-07-03 01:25:26] [INFO ] GET /assets/index-BHMIkt7z.css 304 2ms - ::1
[2026-07-03 01:25:26] [INFO ] GET /favicon.svg 304 1ms - ::1
[2026-07-03 01:25:26] [INFO ] GET /api/notifications/unread 304 6ms - ::1
[2026-07-03 01:25:26] [INFO ] GET /assets/detail-D26qRjP7.js 304 3ms - ::1
[2026-07-03 01:25:26] [INFO ] GET /assets/index-BXSV598w.js 304 3ms - ::1
[2026-07-03 01:25:26] [INFO ] GET /assets/recordTemplates-CRBGiWxJ.js 304 3ms - ::1
[2026-07-03 01:25:26] [INFO ] GET /assets/record-BTPpOM2L.js 304 5ms - ::1
[2026-07-03 01:25:26] [INFO ] GET /assets/detail-CJQNv7Xs.css 304 7ms - ::1
[2026-07-03 01:25:26] [INFO ] GET /api/records/rmr48ybl4bdum 304 1ms - ::1
[2026-07-03 01:25:26] [INFO ] GET /favicon.svg 304 2ms - ::1
[2026-07-03 01:25:26] [INFO ] GET /record/rmr48ybl4bdum 304 1ms - ::1
[2026-07-03 01:25:26] [INFO ] GET /assets/index-Dq_-8BsI.js 304 1ms - ::1
[2026-07-03 01:25:26] [INFO ] GET /assets/index-BHMIkt7z.css 304 1ms - ::1
[2026-07-03 01:25:26] [INFO ] GET /favicon.svg 304 1ms - ::1
[2026-07-03 01:25:26] [INFO ] GET /api/notifications/unread 304 1ms - ::1
[2026-07-03 01:25:26] [INFO ] GET /assets/detail-D26qRjP7.js 304 3ms - ::1
[2026-07-03 01:25:26] [INFO ] GET /assets/index-BXSV598w.js 304 4ms - ::1
[2026-07-03 01:25:26] [INFO ] GET /assets/recordTemplates-CRBGiWxJ.js 304 6ms - ::1
[2026-07-03 01:25:26] [INFO ] GET /assets/detail-CJQNv7Xs.css 304 8ms - ::1
[2026-07-03 01:25:26] [INFO ] GET /assets/record-BTPpOM2L.js 304 8ms - ::1
[2026-07-03 01:25:26] [INFO ] GET /api/records/rmr48ybl4bdum 304 0ms - ::1
[2026-07-03 01:25:26] [INFO ] GET /favicon.svg 304 0ms - ::1
[2026-07-03 01:25:26] [INFO ] GET /record/rmr48ybl4bdum 304 1ms - ::1
[2026-07-03 01:25:26] [INFO ] GET /assets/index-Dq_-8BsI.js 304 1ms - ::1
[2026-07-03 01:25:26] [INFO ] GET /assets/index-BHMIkt7z.css 304 1ms - ::1
[2026-07-03 01:25:26] [INFO ] GET /favicon.svg 304 1ms - ::1
[2026-07-03 01:25:26] [INFO ] GET /api/notifications/unread 304 1ms - ::1
[2026-07-03 01:25:26] [INFO ] GET /assets/detail-D26qRjP7.js 304 2ms - ::1
[2026-07-03 01:25:26] [INFO ] GET /assets/index-BXSV598w.js 304 5ms - ::1
[2026-07-03 01:25:26] [INFO ] GET /assets/recordTemplates-CRBGiWxJ.js 304 6ms - ::1
[2026-07-03 01:25:26] [INFO ] GET /assets/record-BTPpOM2L.js 304 7ms - ::1
[2026-07-03 01:25:26] [INFO ] GET /assets/detail-CJQNv7Xs.css 304 9ms - ::1
[2026-07-03 01:25:26] [INFO ] GET /api/records/rmr48ybl4bdum 304 1ms - ::1
[2026-07-03 01:25:26] [INFO ] GET /favicon.svg 304 1ms - ::1
[2026-07-03 01:25:26] [INFO ] GET /record/rmr48ybl4bdum 304 1ms - ::1
[2026-07-03 01:25:26] [INFO ] GET /assets/index-Dq_-8BsI.js 304 1ms - ::1
[2026-07-03 01:25:26] [INFO ] GET /assets/index-BHMIkt7z.css 304 1ms - ::1
[2026-07-03 01:25:26] [INFO ] GET /favicon.svg 304 0ms - ::1
[2026-07-03 01:25:26] [INFO ] GET /api/notifications/unread 304 1ms - ::1
[2026-07-03 01:25:26] [INFO ] GET /assets/detail-D26qRjP7.js 304 1ms - ::1
[2026-07-03 01:25:26] [INFO ] GET /assets/index-BXSV598w.js 304 3ms - ::1
[2026-07-03 01:25:26] [INFO ] GET /assets/recordTemplates-CRBGiWxJ.js 304 3ms - ::1
[2026-07-03 01:25:26] [INFO ] GET /assets/record-BTPpOM2L.js 304 1ms - ::1
[2026-07-03 01:25:26] [INFO ] GET /assets/detail-CJQNv7Xs.css 304 4ms - ::1
[2026-07-03 01:25:26] [INFO ] GET /api/records/rmr48ybl4bdum 304 1ms - ::1
[2026-07-03 01:25:26] [INFO ] GET /favicon.svg 304 2ms - ::1
[2026-07-03 01:25:28] [INFO ] GET /assets/index-DZKGxJQ3.js 304 2ms - ::1
[2026-07-03 01:25:28] [INFO ] GET /assets/maintenance-CfXhyO4w.js 304 2ms - ::1
[2026-07-03 01:25:28] [INFO ] GET /assets/statistics-BqAa7yP7.js 304 4ms - ::1
[2026-07-03 01:25:28] [INFO ] GET /api/records?page=1&pageSize=10&createdBy=u006 200 16ms - ::1
[2026-07-03 01:25:28] [INFO ] GET /api/maintenance-plans/upcoming?days=7 304 1ms - ::1
[2026-07-03 01:25:28] [INFO ] GET /api/statistics/dashboard 200 3ms - ::1
[2026-07-03 01:25:31] [INFO ] GET /assets/form-dKP0hH_u.js 304 1ms - ::1
[2026-07-03 01:25:31] [INFO ] GET /assets/equipment-DfvublPu.js 304 1ms - ::1
[2026-07-03 01:25:31] [INFO ] GET /assets/form-CD2u14bo.css 304 2ms - ::1
[2026-07-03 01:25:31] [INFO ] GET /api/equipments?pageSize=999 304 7ms - ::1
[2026-07-03 01:25:34] [INFO ] GET /api/records?equipmentId=emqwcj0ukij7n&page=1&pageSize=1 200 6ms - ::1
[2026-07-03 01:25:56] [INFO ] GET /api/notifications/unread 304 10ms - ::1
[2026-07-03 01:26:26] [INFO ] GET /api/notifications/unread 304 6ms - ::1
[2026-07-03 01:26:56] [INFO ] GET /api/notifications/unread 304 8ms - ::1
[2026-07-03 01:27:26] [INFO ] GET /api/notifications/unread 304 8ms - ::1
[2026-07-03 01:27:55] [INFO ] POST /api/records 200 248ms - ::1
[2026-07-03 01:27:55] [INFO ] GET /assets/list-aaG8J-0c.js 304 0ms - ::1
[2026-07-03 01:27:55] [INFO ] GET /assets/list-CUkI-UXc.css 304 2ms - ::1
[2026-07-03 01:27:56] [INFO ] GET /api/records?page=1&pageSize=10&createdBy=u006 200 2ms - ::1
[2026-07-03 01:27:56] [INFO ] GET /api/notifications/unread 304 1ms - ::1
[2026-07-03 01:27:58] [INFO ] GET /api/records/rmr497qr6heqj 200 8ms - ::1
[2026-07-03 01:41:45] [INFO ] ========================================
[2026-07-03 01:41:45] [INFO ]   设备台账与运维管理系统 - 后端服务
[2026-07-03 01:41:45] [INFO ] ========================================
[2026-07-03 01:41:45] [INFO ]   服务地址: http://localhost:3000
[2026-07-03 01:41:45] [INFO ]   API 前缀: /api
[2026-07-03 01:41:45] [INFO ]   健康检查: http://localhost:3000/api/health
[2026-07-03 01:41:45] [INFO ]   数据文件: ./data/eqdm.json
[2026-07-03 01:41:45] [INFO ]   运行环境: production
[2026-07-03 01:41:45] [INFO ] ========================================
[2026-07-03 01:41:45] [INFO ]   默认账号:
[2026-07-03 01:41:45] [INFO ]     管理员: admin / admin123
[2026-07-03 01:41:45] [INFO ]     部门经理: manager / manager123
[2026-07-03 01:41:45] [INFO ]     员工共享: sa / 123456
[2026-07-03 01:41:45] [INFO ] ========================================
[2026-07-03 01:42:05] [INFO ] GET /api/notifications/unread 200 22ms - ::1
[2026-07-03 01:42:05] [INFO ] GET /api/records?page=1&pageSize=10 200 6ms - ::1
[2026-07-03 01:42:05] [INFO ] GET /api/maintenance-plans/upcoming?days=7 200 1ms - ::1
[2026-07-03 01:42:05] [INFO ] GET /api/statistics/dashboard 200 2ms - ::1
[2026-07-03 01:42:25] [INFO ] PUT /api/notifications/nmr497qubhhfs/read 200 11ms - ::1
[2026-07-03 01:42:26] [INFO ] GET /api/records/rmr497qr6heqj 200 4ms - ::1
[2026-07-03 01:42:31] [INFO ] GET /api/records?page=1&pageSize=10 304 6ms - ::1
[2026-07-03 01:42:31] [INFO ] GET /api/maintenance-plans/upcoming?days=7 304 1ms - ::1
[2026-07-03 01:42:32] [INFO ] GET /api/statistics/dashboard 304 2ms - ::1
[2026-07-03 01:42:35] [INFO ] GET /api/notifications/unread 200 10ms - ::1
[2026-07-03 01:43:05] [INFO ] GET /api/notifications/unread 304 7ms - ::1
[2026-07-03 01:43:15] [INFO ] GET /api/notifications/unread 304 5ms - ::1
[2026-07-03 01:43:23] [INFO ] GET /api/notifications/unread 304 8ms - ::1
[2026-07-03 01:43:53] [INFO ] GET /api/notifications/unread 304 5ms - ::1
[2026-07-03 01:44:08] [INFO ] GET /api/notifications/unread 304 8ms - ::1
[2026-07-03 01:44:08] [INFO ] GET /api/records?page=1&pageSize=10 304 4ms - ::1
[2026-07-03 01:44:08] [INFO ] GET /api/maintenance-plans/upcoming?days=7 304 1ms - ::1
[2026-07-03 01:44:08] [INFO ] GET /api/statistics/dashboard 304 1ms - ::1
[2026-07-03 01:44:38] [INFO ] GET /api/notifications/unread 304 8ms - ::1
[2026-07-03 01:44:41] [INFO ] GET / 200 7ms - ::1
[2026-07-03 01:44:41] [INFO ] GET /.well-known/appspecific/com.chrome.devtools.json 200 4ms - ::1
[2026-07-03 01:44:41] [INFO ] GET /assets/index-f0GuBwg1.css 200 5ms - ::1
[2026-07-03 01:44:41] [INFO ] GET /assets/index-C4io4smS.js 200 13ms - ::1
[2026-07-03 01:44:41] [INFO ] GET /favicon.svg 200 1ms - ::1
[2026-07-03 01:44:41] [INFO ] GET /api/notifications/unread 200 5ms - ::1
[2026-07-03 01:44:41] [INFO ] GET /assets/index-C5NVsirG.js 200 5ms - ::1
[2026-07-03 01:44:41] [INFO ] GET /assets/record-BEKSqcmD.js 200 6ms - ::1
[2026-07-03 01:44:41] [INFO ] GET /assets/index-BXSV598w.js 200 8ms - ::1
[2026-07-03 01:44:41] [INFO ] GET /assets/maintenance-CtKnX5hl.js 200 9ms - ::1
[2026-07-03 01:44:41] [INFO ] GET /assets/statistics-Y9nXBAfF.js 200 11ms - ::1
[2026-07-03 01:44:41] [INFO ] GET /api/records?page=1&pageSize=10&createdBy=u006 200 3ms - ::1
[2026-07-03 01:44:41] [INFO ] GET /api/maintenance-plans/upcoming?days=7 200 1ms - ::1
[2026-07-03 01:44:41] [INFO ] GET /api/statistics/dashboard 200 1ms - ::1
[2026-07-03 01:44:41] [INFO ] GET /favicon.svg 304 2ms - ::1
[2026-07-03 01:44:44] [INFO ] GET /assets/list-CUkI-UXc.css 200 2ms - ::1
[2026-07-03 01:44:44] [INFO ] GET /assets/list-B17PFL_x.js 200 3ms - ::1
[2026-07-03 01:44:44] [INFO ] GET /api/records?page=1&pageSize=10&createdBy=u006 304 11ms - ::1
[2026-07-03 01:44:47] [INFO ] GET /assets/index-CIH3cuei.js 200 1ms - ::1
[2026-07-03 01:44:49] [INFO ] POST /api/auth/login 200 120ms - ::1
[2026-07-03 01:44:49] [INFO ] GET /favicon.svg 304 0ms - ::1
[2026-07-03 01:44:49] [INFO ] GET /api/notifications/unread 200 1ms - ::1
[2026-07-03 01:44:49] [INFO ] GET /api/records?page=1&pageSize=10 200 4ms - ::1
[2026-07-03 01:44:49] [INFO ] GET /api/maintenance-plans/upcoming?days=7 304 1ms - ::1
[2026-07-03 01:44:49] [INFO ] GET /api/statistics/dashboard 304 1ms - ::1
[2026-07-03 01:44:52] [INFO ] GET / 304 1ms - ::1
[2026-07-03 01:44:52] [INFO ] GET /.well-known/appspecific/com.chrome.devtools.json 304 1ms - ::1
[2026-07-03 01:44:52] [INFO ] GET /assets/index-f0GuBwg1.css 304 1ms - ::1
[2026-07-03 01:44:52] [INFO ] GET /assets/index-C4io4smS.js 304 2ms - ::1
[2026-07-03 01:44:52] [INFO ] GET /favicon.svg 304 2ms - ::1
[2026-07-03 01:44:52] [INFO ] GET /api/notifications/unread 304 7ms - ::1
[2026-07-03 01:44:52] [INFO ] GET /assets/index-C5NVsirG.js 304 0ms - ::1
[2026-07-03 01:44:52] [INFO ] GET /assets/index-BXSV598w.js 304 1ms - ::1
[2026-07-03 01:44:52] [INFO ] GET /assets/record-BEKSqcmD.js 304 2ms - ::1
[2026-07-03 01:44:52] [INFO ] GET /assets/maintenance-CtKnX5hl.js 304 2ms - ::1
[2026-07-03 01:44:52] [INFO ] GET /assets/statistics-Y9nXBAfF.js 304 0ms - ::1
[2026-07-03 01:44:52] [INFO ] GET /api/records?page=1&pageSize=10 304 2ms - ::1
[2026-07-03 01:44:52] [INFO ] GET /api/maintenance-plans/upcoming?days=7 304 0ms - ::1
[2026-07-03 01:44:52] [INFO ] GET /api/statistics/dashboard 304 1ms - ::1
[2026-07-03 01:44:56] [INFO ] GET /assets/list-B17PFL_x.js 304 1ms - ::1
[2026-07-03 01:44:56] [INFO ] GET /assets/list-CUkI-UXc.css 304 2ms - ::1
[2026-07-03 01:44:56] [INFO ] GET /api/records?page=1&pageSize=10 304 7ms - ::1
[2026-07-03 01:45:01] [INFO ] GET /assets/detail-SgrH5HO6.js 200 3ms - ::1
[2026-07-03 01:45:01] [INFO ] GET /assets/recordTemplates-CRBGiWxJ.js 200 4ms - ::1
[2026-07-03 01:45:01] [INFO ] GET /assets/detail-CJQNv7Xs.css 200 4ms - ::1
[2026-07-03 01:45:01] [INFO ] GET /api/records/rmr497qr6heqj 200 4ms - ::1
[2026-07-03 01:45:04] [INFO ] GET /api/records?page=1&pageSize=10 304 7ms - ::1
[2026-07-03 01:45:20] [INFO ] GET /record 200 5ms - ::1
[2026-07-03 01:45:20] [INFO ] GET /.well-known/appspecific/com.chrome.devtools.json 304 2ms - ::1
[2026-07-03 01:45:20] [INFO ] GET /assets/index-C4io4smS.js 304 1ms - ::1
[2026-07-03 01:45:20] [INFO ] GET /assets/index-f0GuBwg1.css 304 1ms - ::1
[2026-07-03 01:45:20] [INFO ] GET /favicon.svg 304 0ms - ::1
[2026-07-03 01:45:20] [INFO ] GET /api/notifications/unread 304 6ms - ::1
[2026-07-03 01:45:20] [INFO ] GET /assets/list-B17PFL_x.js 304 0ms - ::1
[2026-07-03 01:45:20] [INFO ] GET /assets/index-BXSV598w.js 304 1ms - ::1
[2026-07-03 01:45:20] [INFO ] GET /assets/record-BEKSqcmD.js 304 2ms - ::1
[2026-07-03 01:45:20] [INFO ] GET /assets/list-CUkI-UXc.css 304 1ms - ::1
[2026-07-03 01:45:20] [INFO ] GET /api/records?page=1&pageSize=10 304 3ms - ::1
[2026-07-03 01:45:50] [INFO ] GET /api/notifications/unread 304 6ms - ::1
[2026-07-03 01:45:58] [INFO ] PUT /api/notifications/nmr4915ae32ja/read 200 12ms - ::1
[2026-07-03 01:45:58] [INFO ] GET /assets/detail-SgrH5HO6.js 304 2ms - ::1
[2026-07-03 01:45:58] [INFO ] GET /assets/recordTemplates-CRBGiWxJ.js 304 3ms - ::1
[2026-07-03 01:45:58] [INFO ] GET /assets/detail-CJQNv7Xs.css 304 1ms - ::1
[2026-07-03 01:45:58] [INFO ] GET /api/records/rmr49156qztk1 200 2ms - ::1
[2026-07-03 01:45:59] [INFO ] GET /api/records?page=1&pageSize=10 304 11ms - ::1
[2026-07-03 01:46:00] [INFO ] PUT /api/notifications/nmr48ybouwctj/read 200 11ms - ::1
[2026-07-03 01:46:00] [INFO ] GET /api/records/rmr48ybl4bdum 200 1ms - ::1
[2026-07-03 01:46:02] [INFO ] GET /api/records?page=1&pageSize=10 304 8ms - ::1
[2026-07-03 01:46:02] [INFO ] GET /assets/index-C5NVsirG.js 304 1ms - ::1
[2026-07-03 01:46:02] [INFO ] GET /assets/maintenance-CtKnX5hl.js 304 1ms - ::1
[2026-07-03 01:46:02] [INFO ] GET /assets/statistics-Y9nXBAfF.js 304 2ms - ::1
[2026-07-03 01:46:02] [INFO ] GET /api/records?page=1&pageSize=10 304 3ms - ::1
[2026-07-03 01:46:02] [INFO ] GET /api/maintenance-plans/upcoming?days=7 304 0ms - ::1
[2026-07-03 01:46:02] [INFO ] GET /api/statistics/dashboard 304 1ms - ::1
[2026-07-03 01:46:20] [INFO ] GET /api/notifications/unread 200 11ms - ::1
[2026-07-03 01:46:50] [INFO ] GET /api/notifications/unread 304 7ms - ::1
[2026-07-03 01:47:20] [INFO ] GET /api/notifications/unread 304 9ms - ::1
[2026-07-03 01:47:50] [INFO ] GET /api/notifications/unread 304 11ms - ::1
[2026-07-03 02:31:49] [INFO ] ========================================
[2026-07-03 02:31:49] [INFO ]   设备台账与运维管理系统 - 后端服务
[2026-07-03 02:31:49] [INFO ] ========================================
[2026-07-03 02:31:49] [INFO ]   服务地址: http://localhost:3000
[2026-07-03 02:31:49] [INFO ]   API 前缀: /api
[2026-07-03 02:31:49] [INFO ]   健康检查: http://localhost:3000/api/health
[2026-07-03 02:31:49] [INFO ]   数据文件: ./data/eqdm.json
[2026-07-03 02:31:49] [INFO ]   运行环境: production
[2026-07-03 02:31:49] [INFO ] ========================================
[2026-07-03 02:31:49] [INFO ]   默认账号:
[2026-07-03 02:31:49] [INFO ]     管理员: admin / admin123
[2026-07-03 02:31:49] [INFO ]     部门经理: manager / manager123
[2026-07-03 02:31:49] [INFO ]     员工共享: sa / 123456
[2026-07-03 02:31:49] [INFO ] ========================================
[2026-07-03 02:34:52] [INFO ] ========================================
[2026-07-03 02:34:52] [INFO ]   设备台账与运维管理系统 - 后端服务
[2026-07-03 02:34:52] [INFO ] ========================================
[2026-07-03 02:34:52] [INFO ]   服务地址: http://localhost:3000
[2026-07-03 02:34:52] [INFO ]   API 前缀: /api
[2026-07-03 02:34:52] [INFO ]   健康检查: http://localhost:3000/api/health
[2026-07-03 02:34:52] [INFO ]   数据文件: ./data/eqdm.json
[2026-07-03 02:34:52] [INFO ]   运行环境: production
[2026-07-03 02:34:52] [INFO ] ========================================
[2026-07-03 02:34:52] [INFO ]   默认账号:
[2026-07-03 02:34:52] [INFO ]     管理员: admin / admin123
[2026-07-03 02:34:52] [INFO ]     部门经理: manager / manager123
[2026-07-03 02:34:52] [INFO ]     员工共享: sa / 123456
[2026-07-03 02:34:52] [INFO ] ========================================
