[2026-06-29 00:14:18] [INFO ] ========================================
[2026-06-29 00:14:18] [INFO ]   设备台账与运维管理系统 - 后端服务
[2026-06-29 00:14:18] [INFO ] ========================================
[2026-06-29 00:14:18] [INFO ]   服务地址: http://localhost:3000
[2026-06-29 00:14:18] [INFO ]   API 前缀: /api
[2026-06-29 00:14:18] [INFO ]   健康检查: http://localhost:3000/api/health
[2026-06-29 00:14:18] [INFO ]   数据文件: ./data/eqdm.json
[2026-06-29 00:14:18] [INFO ]   运行环境: production
[2026-06-29 00:14:18] [INFO ] ========================================
[2026-06-29 00:14:18] [INFO ]   默认账号:
[2026-06-29 00:14:18] [INFO ]     管理员: admin / admin123
[2026-06-29 00:14:18] [INFO ]     部门经理: manager / manager123
[2026-06-29 00:14:18] [INFO ]     员工共享: sa / 123456
[2026-06-29 00:14:18] [INFO ] ========================================
[2026-06-29 00:14:55] [INFO ] GET / 200 8ms - ::1
[2026-06-29 00:14:55] [INFO ] GET /assets/index-X1NEY4gZ.css 200 12ms - ::1
[2026-06-29 00:14:55] [INFO ] GET /assets/index-xYdH4o7V.js 200 23ms - ::1
[2026-06-29 00:14:55] [INFO ] GET /assets/index-BXSV598w.js 200 4ms - ::1
[2026-06-29 00:14:55] [INFO ] GET /assets/maintenance-BWXHFRLs.js 200 5ms - ::1
[2026-06-29 00:14:55] [INFO ] GET /assets/statistics-BufRPcll.js 200 6ms - ::1
[2026-06-29 00:14:55] [INFO ] GET /assets/index-DCTPTmoq.js 200 10ms - ::1
[2026-06-29 00:14:55] [INFO ] GET /assets/record-BnE3s75p.js 200 9ms - ::1
[2026-06-29 00:14:55] [INFO ] GET /api/records?page=1&pageSize=10 200 8ms - ::1
[2026-06-29 00:14:55] [INFO ] GET /api/maintenance-plans/upcoming?days=7 200 2ms - ::1
[2026-06-29 00:14:55] [INFO ] GET /api/statistics/dashboard 200 2ms - ::1
[2026-06-29 00:14:55] [INFO ] GET /favicon.svg 200 2ms - ::1
[2026-06-29 00:14:57] [INFO ] GET /assets/equipment-BqsaQPNO.js 200 1ms - ::1
[2026-06-29 00:14:57] [INFO ] GET /assets/list-B3o_4f3-.js 200 7ms - ::1
[2026-06-29 00:14:57] [INFO ] GET /api/equipments?page=1&pageSize=10&keyword= 200 16ms - ::1
[2026-06-29 00:14:57] [INFO ] GET /api/equipments?page=1&pageSize=10&keyword= 304 2ms - ::1
[2026-06-29 00:14:57] [INFO ] GET /api/attachments/equipment/emqwcj0udcd92 200 1ms - ::1
[2026-06-29 00:14:57] [INFO ] GET /api/attachments/equipment/emqwcj0ug9ug2 200 1ms - ::1
[2026-06-29 00:14:57] [INFO ] GET /api/attachments/equipment/emqwcj0ukij7n 200 1ms - ::1
[2026-06-29 00:14:57] [INFO ] GET /api/attachments/equipment/emqwcj0ummo9e 200 3ms - ::1
[2026-06-29 00:14:57] [INFO ] GET /api/attachments/equipment/emqwcj0upvh4b 200 1ms - ::1
[2026-06-29 00:14:57] [INFO ] GET /api/attachments/equipment/emqwcj0ushnlr 200 1ms - ::1
[2026-06-29 00:14:57] [INFO ] GET /api/attachments/equipment/emqwcj0uvi2uk 200 1ms - ::1
[2026-06-29 00:14:57] [INFO ] GET /api/attachments/equipment/emqwcj0uyskuk 200 1ms - ::1
[2026-06-29 00:14:57] [INFO ] GET /api/attachments/equipment/emqwcj0v0dtg7 200 1ms - ::1
[2026-06-29 00:14:57] [INFO ] GET /api/attachments/equipment/emqwcj0v3gqx6 200 1ms - ::1
[2026-06-29 00:14:57] [INFO ] GET /api/attachments/equipment/emqwcj0udcd92 304 2ms - ::1
[2026-06-29 00:14:57] [INFO ] GET /api/attachments/equipment/emqwcj0ug9ug2 304 1ms - ::1
[2026-06-29 00:14:57] [INFO ] GET /api/attachments/equipment/emqwcj0ushnlr 304 3ms - ::1
[2026-06-29 00:14:57] [INFO ] GET /api/attachments/equipment/emqwcj0v0dtg7 304 3ms - ::1
[2026-06-29 00:14:57] [INFO ] GET /api/attachments/equipment/emqwcj0v3gqx6 304 1ms - ::1
[2026-06-29 00:14:57] [INFO ] GET /api/attachments/equipment/emqwcj0ukij7n 304 1ms - ::1
[2026-06-29 00:14:57] [INFO ] GET /api/attachments/equipment/emqwcj0ummo9e 304 1ms - ::1
[2026-06-29 00:14:57] [INFO ] GET /api/attachments/equipment/emqwcj0uvi2uk 304 0ms - ::1
[2026-06-29 00:14:57] [INFO ] GET /api/attachments/equipment/emqwcj0uyskuk 304 1ms - ::1
[2026-06-29 00:14:57] [INFO ] GET /api/attachments/equipment/emqwcj0upvh4b 304 1ms - ::1
[2026-06-29 00:15:00] [INFO ] GET /assets/detail-66ahzQsa.js 200 2ms - ::1
[2026-06-29 00:15:00] [INFO ] GET /api/equipments/emqwcj0udcd92 200 5ms - ::1
[2026-06-29 00:15:16] [INFO ] POST /api/attachments/equipment/emqwcj0udcd92 200 18ms - ::1
[2026-06-29 00:15:16] [INFO ] GET /api/attachments/equipment/emqwcj0udcd92 200 1ms - ::1
[2026-06-29 00:15:18] [INFO ] GET /api/equipments?page=1&pageSize=10&keyword= 304 4ms - ::1
[2026-06-29 00:15:18] [INFO ] GET /api/equipments?page=1&pageSize=10&keyword= 304 2ms - ::1
[2026-06-29 00:15:18] [INFO ] GET /api/attachments/equipment/emqwcj0ug9ug2 304 1ms - ::1
[2026-06-29 00:15:18] [INFO ] GET /api/attachments/equipment/emqwcj0uvi2uk 304 1ms - ::1
[2026-06-29 00:15:18] [INFO ] GET /api/attachments/equipment/emqwcj0uyskuk 304 1ms - ::1
[2026-06-29 00:15:18] [INFO ] GET /api/attachments/equipment/emqwcj0v0dtg7 304 1ms - ::1
[2026-06-29 00:15:18] [INFO ] GET /api/attachments/equipment/emqwcj0v3gqx6 304 1ms - ::1
[2026-06-29 00:15:18] [INFO ] GET /api/attachments/equipment/emqwcj0udcd92 304 1ms - ::1
[2026-06-29 00:15:18] [INFO ] GET /api/attachments/equipment/emqwcj0ukij7n 304 1ms - ::1
[2026-06-29 00:15:18] [INFO ] GET /api/attachments/equipment/emqwcj0ummo9e 304 2ms - ::1
[2026-06-29 00:15:18] [INFO ] GET /api/attachments/equipment/emqwcj0upvh4b 304 1ms - ::1
[2026-06-29 00:15:18] [INFO ] GET /api/attachments/equipment/emqwcj0ushnlr 304 1ms - ::1
[2026-06-29 00:15:18] [INFO ] GET /api/attachments/equipment/emqwcj0uvi2uk 304 2ms - ::1
[2026-06-29 00:15:18] [INFO ] GET /api/attachments/equipment/emqwcj0uyskuk 304 2ms - ::1
[2026-06-29 00:15:18] [INFO ] GET /api/attachments/equipment/emqwcj0ummo9e 304 1ms - ::1
[2026-06-29 00:15:18] [INFO ] GET /api/attachments/equipment/emqwcj0v0dtg7 304 2ms - ::1
[2026-06-29 00:15:18] [INFO ] GET /api/attachments/equipment/emqwcj0v3gqx6 304 1ms - ::1
[2026-06-29 00:15:18] [INFO ] GET /api/attachments/equipment/emqwcj0upvh4b 304 6ms - ::1
[2026-06-29 00:15:18] [INFO ] GET /api/attachments/equipment/emqwcj0ushnlr 304 2ms - ::1
[2026-06-29 00:15:18] [INFO ] GET /api/attachments/equipment/emqwcj0udcd92 304 3ms - ::1
[2026-06-29 00:15:18] [INFO ] GET /api/attachments/equipment/emqwcj0ug9ug2 304 0ms - ::1
[2026-06-29 00:15:18] [INFO ] GET /api/attachments/equipment/emqwcj0ukij7n 304 0ms - ::1
[2026-06-29 00:15:18] [INFO ] GET /uploads/equipment/emqwcj0udcd92/mqyguwa9ouke.png 200 8ms - ::1
[2026-06-29 00:15:25] [INFO ] DELETE /api/attachments/amqyguwae3nry 200 456ms - ::1
[2026-06-29 00:15:25] [INFO ] GET /api/equipments/emqwcj0udcd92 304 5ms - ::1
[2026-06-29 00:15:36] [INFO ] POST /api/attachments/equipment/emqwcj0udcd92 200 16ms - ::1
[2026-06-29 00:15:36] [INFO ] GET /api/attachments/equipment/emqwcj0udcd92 200 1ms - ::1
[2026-06-29 00:15:38] [INFO ] GET /api/equipments?page=1&pageSize=10&keyword= 304 5ms - ::1
[2026-06-29 00:15:38] [INFO ] GET /api/equipments?page=1&pageSize=10&keyword= 304 1ms - ::1
[2026-06-29 00:15:38] [INFO ] GET /api/attachments/equipment/emqwcj0udcd92 304 0ms - ::1
[2026-06-29 00:15:38] [INFO ] GET /api/attachments/equipment/emqwcj0uvi2uk 304 1ms - ::1
[2026-06-29 00:15:38] [INFO ] GET /api/attachments/equipment/emqwcj0uyskuk 304 1ms - ::1
[2026-06-29 00:15:38] [INFO ] GET /api/attachments/equipment/emqwcj0v0dtg7 304 1ms - ::1
[2026-06-29 00:15:38] [INFO ] GET /api/attachments/equipment/emqwcj0v3gqx6 304 2ms - ::1
[2026-06-29 00:15:38] [INFO ] GET /api/attachments/equipment/emqwcj0ug9ug2 304 1ms - ::1
[2026-06-29 00:15:38] [INFO ] GET /api/attachments/equipment/emqwcj0ukij7n 304 1ms - ::1
[2026-06-29 00:15:38] [INFO ] GET /api/attachments/equipment/emqwcj0ummo9e 304 0ms - ::1
[2026-06-29 00:15:38] [INFO ] GET /api/attachments/equipment/emqwcj0upvh4b 304 1ms - ::1
[2026-06-29 00:15:38] [INFO ] GET /api/attachments/equipment/emqwcj0ushnlr 304 0ms - ::1
[2026-06-29 00:15:38] [INFO ] GET /api/attachments/equipment/emqwcj0udcd92 304 1ms - ::1
[2026-06-29 00:15:38] [INFO ] GET /api/attachments/equipment/emqwcj0ummo9e 304 3ms - ::1
[2026-06-29 00:15:38] [INFO ] GET /api/attachments/equipment/emqwcj0ug9ug2 304 1ms - ::1
[2026-06-29 00:15:38] [INFO ] GET /api/attachments/equipment/emqwcj0ukij7n 304 1ms - ::1
[2026-06-29 00:15:38] [INFO ] GET /api/attachments/equipment/emqwcj0upvh4b 304 1ms - ::1
[2026-06-29 00:15:38] [INFO ] GET /api/attachments/equipment/emqwcj0uyskuk 304 0ms - ::1
[2026-06-29 00:15:38] [INFO ] GET /api/attachments/equipment/emqwcj0v0dtg7 304 1ms - ::1
[2026-06-29 00:15:38] [INFO ] GET /api/attachments/equipment/emqwcj0v3gqx6 304 0ms - ::1
[2026-06-29 00:15:38] [INFO ] GET /api/attachments/equipment/emqwcj0ushnlr 304 1ms - ::1
[2026-06-29 00:15:38] [INFO ] GET /api/attachments/equipment/emqwcj0uvi2uk 304 1ms - ::1
[2026-06-29 00:15:40] [INFO ] GET /uploads/equipment/emqwcj0udcd92/mqygvbur76zq.pdf 200 4ms - ::1
[2026-06-29 00:15:40] [INFO ] GET /favicon.ico 200 2ms - ::1
[2026-06-29 00:15:45] [INFO ] DELETE /api/attachments/amqygvbuzb5lm 200 175ms - ::1
[2026-06-29 00:16:38] [INFO ] GET /api/equipments/emqwcj0udcd92 304 4ms - ::1
[2026-06-29 00:16:40] [INFO ] POST /api/attachments/equipment/emqwcj0udcd92 200 14ms - ::1
[2026-06-29 00:16:40] [INFO ] GET /api/attachments/equipment/emqwcj0udcd92 200 1ms - ::1
[2026-06-29 00:16:41] [INFO ] GET /api/equipments?page=1&pageSize=10&keyword= 304 5ms - ::1
[2026-06-29 00:16:41] [INFO ] GET /api/equipments?page=1&pageSize=10&keyword= 304 1ms - ::1
[2026-06-29 00:16:42] [INFO ] GET /api/attachments/equipment/emqwcj0udcd92 304 1ms - ::1
[2026-06-29 00:16:42] [INFO ] GET /api/attachments/equipment/emqwcj0ummo9e 304 1ms - ::1
[2026-06-29 00:16:42] [INFO ] GET /api/attachments/equipment/emqwcj0ug9ug2 304 1ms - ::1
[2026-06-29 00:16:42] [INFO ] GET /api/attachments/equipment/emqwcj0ukij7n 304 1ms - ::1
[2026-06-29 00:16:42] [INFO ] GET /api/attachments/equipment/emqwcj0uyskuk 304 1ms - ::1
[2026-06-29 00:16:42] [INFO ] GET /api/attachments/equipment/emqwcj0v0dtg7 304 1ms - ::1
[2026-06-29 00:16:42] [INFO ] GET /api/attachments/equipment/emqwcj0upvh4b 304 1ms - ::1
[2026-06-29 00:16:42] [INFO ] GET /api/attachments/equipment/emqwcj0ushnlr 304 1ms - ::1
[2026-06-29 00:16:42] [INFO ] GET /api/attachments/equipment/emqwcj0uvi2uk 304 2ms - ::1
[2026-06-29 00:16:42] [INFO ] GET /api/attachments/equipment/emqwcj0udcd92 304 1ms - ::1
[2026-06-29 00:16:42] [INFO ] GET /api/attachments/equipment/emqwcj0ummo9e 304 1ms - ::1
[2026-06-29 00:16:42] [INFO ] GET /api/attachments/equipment/emqwcj0uyskuk 304 1ms - ::1
[2026-06-29 00:16:42] [INFO ] GET /api/attachments/equipment/emqwcj0v0dtg7 304 7ms - ::1
[2026-06-29 00:16:42] [INFO ] GET /api/attachments/equipment/emqwcj0upvh4b 304 1ms - ::1
[2026-06-29 00:16:42] [INFO ] GET /api/attachments/equipment/emqwcj0ushnlr 304 0ms - ::1
[2026-06-29 00:16:42] [INFO ] GET /api/attachments/equipment/emqwcj0uvi2uk 304 1ms - ::1
[2026-06-29 00:16:42] [INFO ] GET /api/attachments/equipment/emqwcj0v3gqx6 304 1ms - ::1
[2026-06-29 00:16:42] [INFO ] GET /api/attachments/equipment/emqwcj0ug9ug2 304 1ms - ::1
[2026-06-29 00:16:42] [INFO ] GET /api/attachments/equipment/emqwcj0ukij7n 304 1ms - ::1
[2026-06-29 00:16:42] [INFO ] GET /api/attachments/equipment/emqwcj0v3gqx6 304 0ms - ::1
[2026-06-29 00:16:42] [INFO ] GET /api/equipments/emqwcj0ug9ug2 200 3ms - ::1
[2026-06-29 00:16:46] [INFO ] GET /api/equipments?page=1&pageSize=10&keyword= 304 4ms - ::1
[2026-06-29 00:16:46] [INFO ] GET /api/equipments?page=1&pageSize=10&keyword= 304 2ms - ::1
[2026-06-29 00:16:46] [INFO ] GET /api/attachments/equipment/emqwcj0udcd92 304 1ms - ::1
[2026-06-29 00:16:46] [INFO ] GET /api/attachments/equipment/emqwcj0ushnlr 304 1ms - ::1
[2026-06-29 00:16:46] [INFO ] GET /api/attachments/equipment/emqwcj0uyskuk 304 1ms - ::1
[2026-06-29 00:16:46] [INFO ] GET /api/attachments/equipment/emqwcj0v0dtg7 304 1ms - ::1
[2026-06-29 00:16:46] [INFO ] GET /api/attachments/equipment/emqwcj0v3gqx6 304 0ms - ::1
[2026-06-29 00:16:46] [INFO ] GET /api/attachments/equipment/emqwcj0ug9ug2 304 1ms - ::1
[2026-06-29 00:16:46] [INFO ] GET /api/attachments/equipment/emqwcj0ukij7n 304 2ms - ::1
[2026-06-29 00:16:46] [INFO ] GET /api/attachments/equipment/emqwcj0ummo9e 304 1ms - ::1
[2026-06-29 00:16:46] [INFO ] GET /api/attachments/equipment/emqwcj0upvh4b 304 1ms - ::1
[2026-06-29 00:16:46] [INFO ] GET /api/attachments/equipment/emqwcj0uvi2uk 304 1ms - ::1
[2026-06-29 00:16:46] [INFO ] GET /api/attachments/equipment/emqwcj0udcd92 304 1ms - ::1
[2026-06-29 00:16:46] [INFO ] GET /api/attachments/equipment/emqwcj0ummo9e 304 1ms - ::1
[2026-06-29 00:16:46] [INFO ] GET /api/attachments/equipment/emqwcj0uyskuk 304 2ms - ::1
[2026-06-29 00:16:46] [INFO ] GET /api/attachments/equipment/emqwcj0v0dtg7 304 1ms - ::1
[2026-06-29 00:16:46] [INFO ] GET /api/attachments/equipment/emqwcj0v3gqx6 304 1ms - ::1
[2026-06-29 00:16:46] [INFO ] GET /api/attachments/equipment/emqwcj0ug9ug2 304 6ms - ::1
[2026-06-29 00:16:46] [INFO ] GET /api/attachments/equipment/emqwcj0ukij7n 304 1ms - ::1
[2026-06-29 00:16:46] [INFO ] GET /api/attachments/equipment/emqwcj0upvh4b 304 2ms - ::1
[2026-06-29 00:16:46] [INFO ] GET /api/attachments/equipment/emqwcj0uvi2uk 304 1ms - ::1
[2026-06-29 00:16:46] [INFO ] GET /api/attachments/equipment/emqwcj0ushnlr 304 0ms - ::1
[2026-06-29 00:16:47] [INFO ] GET /api/equipments/emqwcj0ug9ug2 304 4ms - ::1
[2026-06-29 00:16:49] [INFO ] POST /api/attachments/equipment/emqwcj0ug9ug2 200 18ms - ::1
[2026-06-29 00:16:49] [INFO ] GET /api/attachments/equipment/emqwcj0ug9ug2 200 0ms - ::1
[2026-06-29 00:16:51] [INFO ] GET /api/equipments?page=1&pageSize=10&keyword= 304 4ms - ::1
[2026-06-29 00:16:51] [INFO ] GET /api/equipments?page=1&pageSize=10&keyword= 304 1ms - ::1
[2026-06-29 00:16:51] [INFO ] GET /api/attachments/equipment/emqwcj0udcd92 304 1ms - ::1
[2026-06-29 00:16:51] [INFO ] GET /api/attachments/equipment/emqwcj0uvi2uk 304 0ms - ::1
[2026-06-29 00:16:51] [INFO ] GET /api/attachments/equipment/emqwcj0uyskuk 304 1ms - ::1
[2026-06-29 00:16:51] [INFO ] GET /api/attachments/equipment/emqwcj0v0dtg7 304 1ms - ::1
[2026-06-29 00:16:51] [INFO ] GET /api/attachments/equipment/emqwcj0v3gqx6 304 1ms - ::1
[2026-06-29 00:16:51] [INFO ] GET /api/attachments/equipment/emqwcj0ug9ug2 304 0ms - ::1
[2026-06-29 00:16:51] [INFO ] GET /api/attachments/equipment/emqwcj0ukij7n 304 0ms - ::1
[2026-06-29 00:16:51] [INFO ] GET /api/attachments/equipment/emqwcj0ummo9e 304 1ms - ::1
[2026-06-29 00:16:51] [INFO ] GET /api/attachments/equipment/emqwcj0upvh4b 304 1ms - ::1
[2026-06-29 00:16:51] [INFO ] GET /api/attachments/equipment/emqwcj0ushnlr 304 1ms - ::1
[2026-06-29 00:16:51] [INFO ] GET /api/attachments/equipment/emqwcj0ug9ug2 304 2ms - ::1
[2026-06-29 00:16:51] [INFO ] GET /api/attachments/equipment/emqwcj0ummo9e 304 1ms - ::1
[2026-06-29 00:16:51] [INFO ] GET /api/attachments/equipment/emqwcj0uvi2uk 304 1ms - ::1
[2026-06-29 00:16:51] [INFO ] GET /api/attachments/equipment/emqwcj0uyskuk 304 0ms - ::1
[2026-06-29 00:16:51] [INFO ] GET /api/attachments/equipment/emqwcj0v0dtg7 304 1ms - ::1
[2026-06-29 00:16:51] [INFO ] GET /api/attachments/equipment/emqwcj0v3gqx6 304 1ms - ::1
[2026-06-29 00:16:51] [INFO ] GET /api/attachments/equipment/emqwcj0upvh4b 304 1ms - ::1
[2026-06-29 00:16:51] [INFO ] GET /api/attachments/equipment/emqwcj0ushnlr 304 1ms - ::1
[2026-06-29 00:16:51] [INFO ] GET /api/attachments/equipment/emqwcj0ukij7n 304 0ms - ::1
[2026-06-29 00:16:51] [INFO ] GET /api/attachments/equipment/emqwcj0udcd92 304 1ms - ::1
[2026-06-29 00:16:51] [INFO ] GET /api/records?page=1&pageSize=10 304 5ms - ::1
[2026-06-29 00:16:51] [INFO ] GET /api/maintenance-plans/upcoming?days=7 304 0ms - ::1
[2026-06-29 00:16:51] [INFO ] GET /api/statistics/dashboard 304 1ms - ::1
[2026-06-29 00:16:53] [INFO ] GET /api/equipments?page=1&pageSize=10&keyword= 304 4ms - ::1
[2026-06-29 00:16:53] [INFO ] GET /api/equipments?page=1&pageSize=10&keyword= 304 1ms - ::1
[2026-06-29 00:16:53] [INFO ] GET /api/attachments/equipment/emqwcj0udcd92 304 1ms - ::1
[2026-06-29 00:16:53] [INFO ] GET /api/attachments/equipment/emqwcj0uvi2uk 304 0ms - ::1
[2026-06-29 00:16:53] [INFO ] GET /api/attachments/equipment/emqwcj0uyskuk 304 1ms - ::1
[2026-06-29 00:16:53] [INFO ] GET /api/attachments/equipment/emqwcj0v0dtg7 304 1ms - ::1
[2026-06-29 00:16:53] [INFO ] GET /api/attachments/equipment/emqwcj0v3gqx6 304 1ms - ::1
[2026-06-29 00:16:53] [INFO ] GET /api/attachments/equipment/emqwcj0ug9ug2 304 0ms - ::1
[2026-06-29 00:16:53] [INFO ] GET /api/attachments/equipment/emqwcj0ukij7n 304 0ms - ::1
[2026-06-29 00:16:53] [INFO ] GET /api/attachments/equipment/emqwcj0ummo9e 304 1ms - ::1
[2026-06-29 00:16:53] [INFO ] GET /api/attachments/equipment/emqwcj0upvh4b 304 1ms - ::1
[2026-06-29 00:16:53] [INFO ] GET /api/attachments/equipment/emqwcj0ushnlr 304 2ms - ::1
[2026-06-29 00:16:53] [INFO ] GET /api/attachments/equipment/emqwcj0udcd92 304 1ms - ::1
[2026-06-29 00:16:53] [INFO ] GET /api/attachments/equipment/emqwcj0uvi2uk 304 1ms - ::1
[2026-06-29 00:16:53] [INFO ] GET /api/attachments/equipment/emqwcj0ummo9e 304 1ms - ::1
[2026-06-29 00:16:53] [INFO ] GET /api/attachments/equipment/emqwcj0uyskuk 304 1ms - ::1
[2026-06-29 00:16:53] [INFO ] GET /api/attachments/equipment/emqwcj0v0dtg7 304 1ms - ::1
[2026-06-29 00:16:53] [INFO ] GET /api/attachments/equipment/emqwcj0v3gqx6 304 1ms - ::1
[2026-06-29 00:16:53] [INFO ] GET /api/attachments/equipment/emqwcj0upvh4b 304 1ms - ::1
[2026-06-29 00:16:53] [INFO ] GET /api/attachments/equipment/emqwcj0ushnlr 304 0ms - ::1
[2026-06-29 00:16:53] [INFO ] GET /api/attachments/equipment/emqwcj0ug9ug2 304 1ms - ::1
[2026-06-29 00:16:53] [INFO ] GET /api/attachments/equipment/emqwcj0ukij7n 304 1ms - ::1
[2026-06-29 00:16:55] [INFO ] GET /uploads/equipment/emqwcj0udcd92/mqygwpa92qee.pdf 200 4ms - ::1
[2026-06-29 00:16:55] [INFO ] GET /favicon.ico 304 1ms - ::1
[2026-06-29 00:16:59] [INFO ] DELETE /api/attachments/amqygwpafelxp 200 205ms - ::1
[2026-06-29 00:17:02] [INFO ] DELETE /api/attachments/amqygww6o4roi 200 150ms - ::1
[2026-06-29 00:19:11] [INFO ] ========================================
[2026-06-29 00:19:11] [INFO ]   设备台账与运维管理系统 - 后端服务
[2026-06-29 00:19:11] [INFO ] ========================================
[2026-06-29 00:19:11] [INFO ]   服务地址: http://localhost:3000
[2026-06-29 00:19:11] [INFO ]   API 前缀: /api
[2026-06-29 00:19:11] [INFO ]   健康检查: http://localhost:3000/api/health
[2026-06-29 00:19:11] [INFO ]   数据文件: ./data/eqdm.json
[2026-06-29 00:19:11] [INFO ]   运行环境: production
[2026-06-29 00:19:11] [INFO ] ========================================
[2026-06-29 00:19:11] [INFO ]   默认账号:
[2026-06-29 00:19:11] [INFO ]     管理员: admin / admin123
[2026-06-29 00:19:11] [INFO ]     部门经理: manager / manager123
[2026-06-29 00:19:11] [INFO ]     员工共享: sa / 123456
[2026-06-29 00:19:11] [INFO ] ========================================
[2026-06-29 00:20:38] [INFO ] GET / 200 6ms - ::1
[2026-06-29 00:20:38] [INFO ] GET /assets/index-X1NEY4gZ.css 200 5ms - ::1
[2026-06-29 00:20:38] [INFO ] GET /assets/index-xYdH4o7V.js 200 14ms - ::1
[2026-06-29 00:20:38] [INFO ] GET /assets/index-DCTPTmoq.js 200 5ms - ::1
[2026-06-29 00:20:38] [INFO ] GET /assets/index-BXSV598w.js 200 7ms - ::1
[2026-06-29 00:20:38] [INFO ] GET /assets/record-BnE3s75p.js 200 10ms - ::1
[2026-06-29 00:20:38] [INFO ] GET /assets/statistics-BufRPcll.js 200 11ms - ::1
[2026-06-29 00:20:38] [INFO ] GET /assets/maintenance-BWXHFRLs.js 200 12ms - ::1
[2026-06-29 00:20:38] [INFO ] GET /api/records?page=1&pageSize=10 200 9ms - ::1
[2026-06-29 00:20:38] [INFO ] GET /api/maintenance-plans/upcoming?days=7 200 1ms - ::1
[2026-06-29 00:20:38] [INFO ] GET /api/statistics/dashboard 200 2ms - ::1
[2026-06-29 00:20:38] [INFO ] GET /favicon.svg 200 2ms - ::1
[2026-06-29 00:20:39] [INFO ] GET /assets/equipment-BqsaQPNO.js 200 1ms - ::1
[2026-06-29 00:20:39] [INFO ] GET /assets/list-B3o_4f3-.js 200 4ms - ::1
[2026-06-29 00:20:39] [INFO ] GET /api/equipments?page=1&pageSize=10&keyword= 200 13ms - ::1
[2026-06-29 00:20:39] [INFO ] GET /api/equipments?page=1&pageSize=10&keyword= 304 1ms - ::1
[2026-06-29 00:20:39] [INFO ] GET /api/attachments/equipment/emqwcj0udcd92 200 1ms - ::1
[2026-06-29 00:20:39] [INFO ] GET /api/attachments/equipment/emqwcj0ug9ug2 200 2ms - ::1
[2026-06-29 00:20:39] [INFO ] GET /api/attachments/equipment/emqwcj0ukij7n 200 1ms - ::1
[2026-06-29 00:20:39] [INFO ] GET /api/attachments/equipment/emqwcj0ummo9e 200 1ms - ::1
[2026-06-29 00:20:39] [INFO ] GET /api/attachments/equipment/emqwcj0upvh4b 200 0ms - ::1
[2026-06-29 00:20:39] [INFO ] GET /api/attachments/equipment/emqwcj0ushnlr 200 0ms - ::1
[2026-06-29 00:20:39] [INFO ] GET /api/attachments/equipment/emqwcj0uyskuk 200 1ms - ::1
[2026-06-29 00:20:40] [INFO ] GET /api/attachments/equipment/emqwcj0v3gqx6 200 1ms - ::1
[2026-06-29 00:20:40] [INFO ] GET /api/attachments/equipment/emqwcj0uvi2uk 200 0ms - ::1
[2026-06-29 00:20:40] [INFO ] GET /api/attachments/equipment/emqwcj0v0dtg7 200 0ms - ::1
[2026-06-29 00:20:40] [INFO ] GET /api/attachments/equipment/emqwcj0udcd92 304 1ms - ::1
[2026-06-29 00:20:40] [INFO ] GET /api/attachments/equipment/emqwcj0ug9ug2 304 0ms - ::1
[2026-06-29 00:20:40] [INFO ] GET /api/attachments/equipment/emqwcj0ukij7n 304 1ms - ::1
[2026-06-29 00:20:40] [INFO ] GET /api/attachments/equipment/emqwcj0ummo9e 304 0ms - ::1
[2026-06-29 00:20:40] [INFO ] GET /api/attachments/equipment/emqwcj0upvh4b 304 1ms - ::1
[2026-06-29 00:20:40] [INFO ] GET /api/attachments/equipment/emqwcj0ushnlr 304 0ms - ::1
[2026-06-29 00:20:40] [INFO ] GET /api/attachments/equipment/emqwcj0uvi2uk 304 2ms - ::1
[2026-06-29 00:20:40] [INFO ] GET /api/attachments/equipment/emqwcj0v0dtg7 304 4ms - ::1
[2026-06-29 00:20:40] [INFO ] GET /api/attachments/equipment/emqwcj0uyskuk 304 1ms - ::1
[2026-06-29 00:20:40] [INFO ] GET /api/attachments/equipment/emqwcj0v3gqx6 304 0ms - ::1
[2026-06-29 00:20:41] [INFO ] GET /assets/detail-66ahzQsa.js 200 1ms - ::1
[2026-06-29 00:20:41] [INFO ] GET /api/equipments/emqwcj0udcd92 200 4ms - ::1
[2026-06-29 00:20:43] [INFO ] POST /api/attachments/equipment/emqwcj0udcd92 200 19ms - ::1
[2026-06-29 00:20:43] [INFO ] GET /api/attachments/equipment/emqwcj0udcd92 200 1ms - ::1
[2026-06-29 00:20:44] [INFO ] GET /api/equipments?page=1&pageSize=10&keyword= 304 4ms - ::1
[2026-06-29 00:20:44] [INFO ] GET /api/equipments?page=1&pageSize=10&keyword= 304 1ms - ::1
[2026-06-29 00:20:44] [INFO ] GET /api/attachments/equipment/emqwcj0udcd92 304 1ms - ::1
[2026-06-29 00:20:44] [INFO ] GET /api/attachments/equipment/emqwcj0uvi2uk 304 1ms - ::1
[2026-06-29 00:20:44] [INFO ] GET /api/attachments/equipment/emqwcj0uyskuk 304 0ms - ::1
[2026-06-29 00:20:44] [INFO ] GET /api/attachments/equipment/emqwcj0v0dtg7 304 0ms - ::1
[2026-06-29 00:20:44] [INFO ] GET /api/attachments/equipment/emqwcj0v3gqx6 304 1ms - ::1
[2026-06-29 00:20:44] [INFO ] GET /api/attachments/equipment/emqwcj0ug9ug2 304 1ms - ::1
[2026-06-29 00:20:44] [INFO ] GET /api/attachments/equipment/emqwcj0ukij7n 304 1ms - ::1
[2026-06-29 00:20:44] [INFO ] GET /api/attachments/equipment/emqwcj0ummo9e 304 1ms - ::1
[2026-06-29 00:20:44] [INFO ] GET /api/attachments/equipment/emqwcj0upvh4b 304 1ms - ::1
[2026-06-29 00:20:44] [INFO ] GET /api/attachments/equipment/emqwcj0ushnlr 304 1ms - ::1
[2026-06-29 00:20:44] [INFO ] GET /api/attachments/equipment/emqwcj0upvh4b 304 1ms - ::1
[2026-06-29 00:20:44] [INFO ] GET /api/attachments/equipment/emqwcj0uvi2uk 304 1ms - ::1
[2026-06-29 00:20:44] [INFO ] GET /api/attachments/equipment/emqwcj0uyskuk 304 0ms - ::1
[2026-06-29 00:20:44] [INFO ] GET /api/attachments/equipment/emqwcj0v0dtg7 304 1ms - ::1
[2026-06-29 00:20:44] [INFO ] GET /api/attachments/equipment/emqwcj0v3gqx6 304 1ms - ::1
[2026-06-29 00:20:44] [INFO ] GET /api/attachments/equipment/emqwcj0ushnlr 304 1ms - ::1
[2026-06-29 00:20:44] [INFO ] GET /api/attachments/equipment/emqwcj0udcd92 304 1ms - ::1
[2026-06-29 00:20:44] [INFO ] GET /api/attachments/equipment/emqwcj0ug9ug2 304 1ms - ::1
[2026-06-29 00:20:44] [INFO ] GET /api/attachments/equipment/emqwcj0ummo9e 304 0ms - ::1
[2026-06-29 00:20:44] [INFO ] GET /api/attachments/equipment/emqwcj0ukij7n 304 1ms - ::1
[2026-06-29 00:20:45] [INFO ] GET /api/equipments/emqwcj0ummo9e 200 4ms - ::1
[2026-06-29 00:20:46] [INFO ] POST /api/attachments/equipment/emqwcj0ummo9e 200 11ms - ::1
[2026-06-29 00:20:46] [INFO ] GET /api/attachments/equipment/emqwcj0ummo9e 200 1ms - ::1
[2026-06-29 00:20:47] [INFO ] GET /api/equipments?page=1&pageSize=10&keyword= 304 3ms - ::1
[2026-06-29 00:20:47] [INFO ] GET /api/equipments?page=1&pageSize=10&keyword= 304 2ms - ::1
[2026-06-29 00:20:47] [INFO ] GET /api/attachments/equipment/emqwcj0udcd92 304 1ms - ::1
[2026-06-29 00:20:47] [INFO ] GET /api/attachments/equipment/emqwcj0uvi2uk 304 1ms - ::1
[2026-06-29 00:20:47] [INFO ] GET /api/attachments/equipment/emqwcj0uyskuk 304 1ms - ::1
[2026-06-29 00:20:47] [INFO ] GET /api/attachments/equipment/emqwcj0v0dtg7 304 1ms - ::1
[2026-06-29 00:20:47] [INFO ] GET /api/attachments/equipment/emqwcj0v3gqx6 304 1ms - ::1
[2026-06-29 00:20:47] [INFO ] GET /api/attachments/equipment/emqwcj0ug9ug2 304 1ms - ::1
[2026-06-29 00:20:47] [INFO ] GET /api/attachments/equipment/emqwcj0ukij7n 304 1ms - ::1
[2026-06-29 00:20:47] [INFO ] GET /api/attachments/equipment/emqwcj0ummo9e 304 1ms - ::1
[2026-06-29 00:20:47] [INFO ] GET /api/attachments/equipment/emqwcj0upvh4b 304 1ms - ::1
[2026-06-29 00:20:47] [INFO ] GET /api/attachments/equipment/emqwcj0ushnlr 304 1ms - ::1
[2026-06-29 00:20:47] [INFO ] GET /api/attachments/equipment/emqwcj0udcd92 304 0ms - ::1
[2026-06-29 00:20:47] [INFO ] GET /api/attachments/equipment/emqwcj0uvi2uk 304 1ms - ::1
[2026-06-29 00:20:47] [INFO ] GET /api/attachments/equipment/emqwcj0uyskuk 304 1ms - ::1
[2026-06-29 00:20:47] [INFO ] GET /api/attachments/equipment/emqwcj0v0dtg7 304 1ms - ::1
[2026-06-29 00:20:47] [INFO ] GET /api/attachments/equipment/emqwcj0v3gqx6 304 5ms - ::1
[2026-06-29 00:20:47] [INFO ] GET /api/attachments/equipment/emqwcj0ummo9e 304 2ms - ::1
[2026-06-29 00:20:47] [INFO ] GET /api/attachments/equipment/emqwcj0upvh4b 304 0ms - ::1
[2026-06-29 00:20:47] [INFO ] GET /api/attachments/equipment/emqwcj0ushnlr 304 0ms - ::1
[2026-06-29 00:20:47] [INFO ] GET /api/attachments/equipment/emqwcj0ukij7n 304 1ms - ::1
[2026-06-29 00:20:47] [INFO ] GET /api/attachments/equipment/emqwcj0ug9ug2 304 1ms - ::1
[2026-06-29 00:20:49] [INFO ] GET /api/equipments/emqwcj0uvi2uk 200 4ms - ::1
[2026-06-29 00:20:50] [INFO ] POST /api/attachments/equipment/emqwcj0uvi2uk 200 28ms - ::1
[2026-06-29 00:20:50] [INFO ] GET /api/attachments/equipment/emqwcj0uvi2uk 200 0ms - ::1
[2026-06-29 00:20:51] [INFO ] GET /api/equipments?page=1&pageSize=10&keyword= 304 5ms - ::1
[2026-06-29 00:20:51] [INFO ] GET /api/equipments?page=1&pageSize=10&keyword= 304 2ms - ::1
[2026-06-29 00:20:51] [INFO ] GET /api/attachments/equipment/emqwcj0udcd92 304 1ms - ::1
[2026-06-29 00:20:51] [INFO ] GET /api/attachments/equipment/emqwcj0uvi2uk 304 0ms - ::1
[2026-06-29 00:20:51] [INFO ] GET /api/attachments/equipment/emqwcj0uyskuk 304 1ms - ::1
[2026-06-29 00:20:51] [INFO ] GET /api/attachments/equipment/emqwcj0v0dtg7 304 1ms - ::1
[2026-06-29 00:20:51] [INFO ] GET /api/attachments/equipment/emqwcj0v3gqx6 304 1ms - ::1
[2026-06-29 00:20:51] [INFO ] GET /api/attachments/equipment/emqwcj0ug9ug2 304 1ms - ::1
[2026-06-29 00:20:51] [INFO ] GET /api/attachments/equipment/emqwcj0ukij7n 304 1ms - ::1
[2026-06-29 00:20:51] [INFO ] GET /api/attachments/equipment/emqwcj0ummo9e 304 1ms - ::1
[2026-06-29 00:20:51] [INFO ] GET /api/attachments/equipment/emqwcj0upvh4b 304 2ms - ::1
[2026-06-29 00:20:51] [INFO ] GET /api/attachments/equipment/emqwcj0ushnlr 304 1ms - ::1
[2026-06-29 00:20:51] [INFO ] GET /api/attachments/equipment/emqwcj0udcd92 304 1ms - ::1
[2026-06-29 00:20:51] [INFO ] GET /api/attachments/equipment/emqwcj0uvi2uk 304 1ms - ::1
[2026-06-29 00:20:51] [INFO ] GET /api/attachments/equipment/emqwcj0ukij7n 304 0ms - ::1
[2026-06-29 00:20:51] [INFO ] GET /api/attachments/equipment/emqwcj0uyskuk 304 1ms - ::1
[2026-06-29 00:20:51] [INFO ] GET /api/attachments/equipment/emqwcj0v0dtg7 304 1ms - ::1
[2026-06-29 00:20:51] [INFO ] GET /api/attachments/equipment/emqwcj0v3gqx6 304 1ms - ::1
[2026-06-29 00:20:51] [INFO ] GET /api/attachments/equipment/emqwcj0ummo9e 304 1ms - ::1
[2026-06-29 00:20:51] [INFO ] GET /api/attachments/equipment/emqwcj0upvh4b 304 0ms - ::1
[2026-06-29 00:20:51] [INFO ] GET /api/attachments/equipment/emqwcj0ushnlr 304 1ms - ::1
[2026-06-29 00:20:51] [INFO ] GET /api/attachments/equipment/emqwcj0ug9ug2 304 1ms - ::1
[2026-06-29 00:20:52] [INFO ] GET /uploads/equipment/emqwcj0uvi2uk/mqyh222t7465.pdf 200 4ms - ::1
[2026-06-29 00:20:52] [INFO ] GET /favicon.ico 200 2ms - ::1
[2026-06-29 00:20:57] [INFO ] DELETE /api/attachments/amqyh1wmlxp38 200 374ms - ::1
[2026-06-29 00:20:59] [INFO ] DELETE /api/attachments/amqyh1z9m1loy 200 173ms - ::1
[2026-06-29 00:21:00] [INFO ] GET /uploads/equipment/emqwcj0uvi2uk/mqyh222t7465.pdf 304 1ms - ::1
[2026-06-29 00:21:00] [INFO ] GET /favicon.ico 304 1ms - ::1
[2026-06-29 00:21:04] [INFO ] DELETE /api/attachments/amqyh223dh73p 200 162ms - ::1
[2026-06-29 00:28:23] [INFO ] ========================================
[2026-06-29 00:28:23] [INFO ]   设备台账与运维管理系统 - 后端服务
[2026-06-29 00:28:23] [INFO ] ========================================
[2026-06-29 00:28:23] [INFO ]   服务地址: http://localhost:3000
[2026-06-29 00:28:23] [INFO ]   API 前缀: /api
[2026-06-29 00:28:23] [INFO ]   健康检查: http://localhost:3000/api/health
[2026-06-29 00:28:23] [INFO ]   数据文件: ./data/eqdm.json
[2026-06-29 00:28:23] [INFO ]   运行环境: production
[2026-06-29 00:28:23] [INFO ] ========================================
[2026-06-29 00:28:23] [INFO ]   默认账号:
[2026-06-29 00:28:23] [INFO ]     管理员: admin / admin123
[2026-06-29 00:28:23] [INFO ]     部门经理: manager / manager123
[2026-06-29 00:28:23] [INFO ]     员工共享: sa / 123456
[2026-06-29 00:28:23] [INFO ] ========================================
[2026-06-29 00:33:41] [INFO ] GET / 200 14ms - ::1
[2026-06-29 00:33:41] [INFO ] GET /assets/index-X1NEY4gZ.css 200 8ms - ::1
[2026-06-29 00:33:41] [INFO ] GET /assets/index-xYdH4o7V.js 200 17ms - ::1
[2026-06-29 00:33:41] [INFO ] GET /assets/index-DCTPTmoq.js 200 2ms - ::1
[2026-06-29 00:33:41] [INFO ] GET /assets/index-BXSV598w.js 200 7ms - ::1
[2026-06-29 00:33:41] [INFO ] GET /assets/record-BnE3s75p.js 200 4ms - ::1
[2026-06-29 00:33:41] [INFO ] GET /assets/maintenance-BWXHFRLs.js 200 5ms - ::1
[2026-06-29 00:33:41] [INFO ] GET /assets/statistics-BufRPcll.js 200 7ms - ::1
[2026-06-29 00:33:41] [INFO ] GET /api/records?page=1&pageSize=10 200 9ms - ::1
[2026-06-29 00:33:41] [INFO ] GET /api/maintenance-plans/upcoming?days=7 200 1ms - ::1
[2026-06-29 00:33:41] [INFO ] GET /api/statistics/dashboard 200 2ms - ::1
[2026-06-29 00:33:41] [INFO ] GET /favicon.svg 200 1ms - ::1
[2026-06-29 00:33:42] [INFO ] GET /assets/equipment-BqsaQPNO.js 200 3ms - ::1
[2026-06-29 00:33:42] [INFO ] GET /assets/list-B3o_4f3-.js 200 7ms - ::1
[2026-06-29 00:33:42] [INFO ] GET /api/equipments?page=1&pageSize=10&keyword= 200 16ms - ::1
[2026-06-29 00:33:42] [INFO ] GET /api/equipments?page=1&pageSize=10&keyword= 304 1ms - ::1
[2026-06-29 00:33:42] [INFO ] GET /api/attachments/equipment/emqwcj0udcd92 200 1ms - ::1
[2026-06-29 00:33:42] [INFO ] GET /api/attachments/equipment/emqwcj0uvi2uk 200 1ms - ::1
[2026-06-29 00:33:42] [INFO ] GET /api/attachments/equipment/emqwcj0ug9ug2 200 2ms - ::1
[2026-06-29 00:33:42] [INFO ] GET /api/attachments/equipment/emqwcj0ukij7n 200 1ms - ::1
[2026-06-29 00:33:42] [INFO ] GET /api/attachments/equipment/emqwcj0ummo9e 200 1ms - ::1
[2026-06-29 00:33:42] [INFO ] GET /api/attachments/equipment/emqwcj0upvh4b 200 1ms - ::1
[2026-06-29 00:33:42] [INFO ] GET /api/attachments/equipment/emqwcj0v0dtg7 200 1ms - ::1
[2026-06-29 00:33:42] [INFO ] GET /api/attachments/equipment/emqwcj0ushnlr 200 1ms - ::1
[2026-06-29 00:33:42] [INFO ] GET /api/attachments/equipment/emqwcj0uyskuk 200 3ms - ::1
[2026-06-29 00:33:42] [INFO ] GET /api/attachments/equipment/emqwcj0v3gqx6 200 1ms - ::1
[2026-06-29 00:33:43] [INFO ] GET /api/attachments/equipment/emqwcj0udcd92 304 1ms - ::1
[2026-06-29 00:33:43] [INFO ] GET /api/attachments/equipment/emqwcj0upvh4b 304 3ms - ::1
[2026-06-29 00:33:43] [INFO ] GET /api/attachments/equipment/emqwcj0uyskuk 304 1ms - ::1
[2026-06-29 00:33:43] [INFO ] GET /api/attachments/equipment/emqwcj0v0dtg7 304 4ms - ::1
[2026-06-29 00:33:43] [INFO ] GET /api/attachments/equipment/emqwcj0v3gqx6 304 1ms - ::1
[2026-06-29 00:33:43] [INFO ] GET /api/attachments/equipment/emqwcj0ug9ug2 304 1ms - ::1
[2026-06-29 00:33:43] [INFO ] GET /api/attachments/equipment/emqwcj0ukij7n 304 1ms - ::1
[2026-06-29 00:33:43] [INFO ] GET /api/attachments/equipment/emqwcj0ummo9e 304 1ms - ::1
[2026-06-29 00:33:43] [INFO ] GET /api/attachments/equipment/emqwcj0ushnlr 304 0ms - ::1
[2026-06-29 00:33:43] [INFO ] GET /api/attachments/equipment/emqwcj0uvi2uk 304 1ms - ::1
[2026-06-29 00:33:45] [INFO ] GET /assets/index-DUIarMxO.css 200 3ms - ::1
[2026-06-29 00:33:45] [INFO ] GET /assets/index-BJszEM3w.js 200 4ms - ::1
[2026-06-29 00:33:47] [INFO ] GET /assets/index-DTkmiqEP.js 200 11ms - ::1
[2026-06-29 00:33:49] [INFO ] GET /assets/recordTemplates-rnFIkSDC.js 200 9ms - ::1
[2026-06-29 00:33:49] [INFO ] GET /assets/list-hyZ8jXYO.js 200 12ms - ::1
[2026-06-29 00:33:49] [INFO ] GET /assets/list-XmUOnSQT.css 200 11ms - ::1
[2026-06-29 00:34:00] [INFO ] GET /assets/index-BCrLU32r.css 200 4ms - ::1
[2026-06-29 00:34:00] [INFO ] GET /assets/index-CcpAlcej.js 200 8ms - ::1
[2026-06-29 00:34:00] [INFO ] GET /api/statistics/dashboard 304 3ms - ::1
[2026-06-29 00:34:00] [INFO ] GET /api/statistics/monthly?year=2026&month=6 200 2ms - ::1
[2026-06-29 00:34:00] [INFO ] GET /api/statistics/trend?days=30 200 1ms - ::1
[2026-06-29 00:34:00] [INFO ] GET /api/statistics/cost?months=6 200 1ms - ::1
[2026-06-29 00:34:00] [INFO ] GET /api/statistics/record-type-distribution 200 1ms - ::1
[2026-06-29 00:34:00] [INFO ] GET /api/statistics/parts-replacement 200 1ms - ::1
[2026-06-29 00:34:05] [INFO ] GET /assets/list-Czy8e2a3.js 200 10ms - ::1
[2026-06-29 00:34:05] [INFO ] GET /assets/list-BSDoolOA.css 200 10ms - ::1
[2026-06-29 00:34:05] [INFO ] GET /api/maintenance-plans?page=1&pageSize=10 200 3ms - ::1
[2026-06-29 00:34:07] [INFO ] GET /assets/list-Cx5UzeU1.css 200 3ms - ::1
[2026-06-29 00:34:07] [INFO ] GET /assets/list-Cbv3ukhI.js 200 11ms - ::1
[2026-06-29 00:34:07] [INFO ] GET /api/records?page=1&pageSize=10 304 3ms - ::1
[2026-06-29 00:34:10] [INFO ] GET /assets/qrcode-oCOZlWhn.js 200 9ms - ::1
[2026-06-29 00:34:10] [INFO ] GET /assets/qrcode-BDzvbXqV.css 200 9ms - ::1
[2026-06-29 00:34:10] [INFO ] GET /api/equipments?page=1&pageSize=20 200 2ms - ::1
[2026-06-29 00:34:12] [INFO ] GET /api/equipments?page=1&pageSize=10&keyword= 304 3ms - ::1
[2026-06-29 00:34:12] [INFO ] GET /api/equipments?page=1&pageSize=10&keyword= 304 1ms - ::1
[2026-06-29 00:34:12] [INFO ] GET /api/attachments/equipment/emqwcj0udcd92 304 1ms - ::1
[2026-06-29 00:34:12] [INFO ] GET /api/attachments/equipment/emqwcj0ug9ug2 304 1ms - ::1
[2026-06-29 00:34:12] [INFO ] GET /api/attachments/equipment/emqwcj0uvi2uk 304 1ms - ::1
[2026-06-29 00:34:12] [INFO ] GET /api/attachments/equipment/emqwcj0uyskuk 304 1ms - ::1
[2026-06-29 00:34:12] [INFO ] GET /api/attachments/equipment/emqwcj0v0dtg7 304 1ms - ::1
[2026-06-29 00:34:12] [INFO ] GET /api/attachments/equipment/emqwcj0v3gqx6 304 1ms - ::1
[2026-06-29 00:34:12] [INFO ] GET /api/attachments/equipment/emqwcj0ukij7n 304 1ms - ::1
[2026-06-29 00:34:12] [INFO ] GET /api/attachments/equipment/emqwcj0udcd92 304 1ms - ::1
[2026-06-29 00:34:12] [INFO ] GET /api/attachments/equipment/emqwcj0ummo9e 304 1ms - ::1
[2026-06-29 00:34:12] [INFO ] GET /api/attachments/equipment/emqwcj0upvh4b 304 1ms - ::1
[2026-06-29 00:34:12] [INFO ] GET /api/attachments/equipment/emqwcj0ushnlr 304 2ms - ::1
[2026-06-29 00:34:12] [INFO ] GET /api/attachments/equipment/emqwcj0uvi2uk 304 1ms - ::1
[2026-06-29 00:34:12] [INFO ] GET /api/attachments/equipment/emqwcj0uyskuk 304 1ms - ::1
[2026-06-29 00:34:12] [INFO ] GET /api/attachments/equipment/emqwcj0v0dtg7 304 1ms - ::1
[2026-06-29 00:34:12] [INFO ] GET /api/attachments/equipment/emqwcj0v3gqx6 304 1ms - ::1
[2026-06-29 00:34:12] [INFO ] GET /api/attachments/equipment/emqwcj0ummo9e 304 0ms - ::1
[2026-06-29 00:34:12] [INFO ] GET /api/attachments/equipment/emqwcj0upvh4b 304 0ms - ::1
[2026-06-29 00:34:12] [INFO ] GET /api/attachments/equipment/emqwcj0ushnlr 304 0ms - ::1
[2026-06-29 00:34:12] [INFO ] GET /api/attachments/equipment/emqwcj0ug9ug2 304 0ms - ::1
[2026-06-29 00:34:12] [INFO ] GET /api/attachments/equipment/emqwcj0ukij7n 304 2ms - ::1
[2026-06-29 00:44:13] [INFO ] GET / 200 2ms - ::1
[2026-06-29 00:44:13] [INFO ] GET /assets/index-X1NEY4gZ.css 200 6ms - ::1
[2026-06-29 00:44:13] [INFO ] GET /assets/index-xYdH4o7V.js 200 14ms - ::1
[2026-06-29 00:44:13] [INFO ] GET /assets/index-BXSV598w.js 200 2ms - ::1
[2026-06-29 00:44:13] [INFO ] GET /assets/index-DCTPTmoq.js 200 4ms - ::1
[2026-06-29 00:44:13] [INFO ] GET /assets/record-BnE3s75p.js 200 5ms - ::1
[2026-06-29 00:44:13] [INFO ] GET /assets/maintenance-BWXHFRLs.js 200 7ms - ::1
[2026-06-29 00:44:13] [INFO ] GET /assets/statistics-BufRPcll.js 200 8ms - ::1
[2026-06-29 00:44:13] [INFO ] GET /api/records?page=1&pageSize=10 200 4ms - ::1
[2026-06-29 00:44:13] [INFO ] GET /api/maintenance-plans/upcoming?days=7 200 0ms - ::1
[2026-06-29 00:44:13] [INFO ] GET /api/statistics/dashboard 200 1ms - ::1
[2026-06-29 00:44:13] [INFO ] GET /favicon.svg 200 2ms - ::1
[2026-06-29 00:44:17] [INFO ] GET /assets/index-X1NEY4gZ.css 304 0ms - ::1
[2026-06-29 00:44:17] [INFO ] GET /.well-known/appspecific/com.chrome.devtools.json 200 3ms - ::1
[2026-06-29 00:44:20] [INFO ] GET /assets/equipment-BqsaQPNO.js 200 2ms - ::1
[2026-06-29 00:44:20] [INFO ] GET /assets/list-B3o_4f3-.js 200 6ms - ::1
[2026-06-29 00:44:20] [INFO ] GET /api/equipments?page=1&pageSize=10&keyword= 200 2ms - ::1
[2026-06-29 00:44:20] [INFO ] GET /api/equipments?page=1&pageSize=10&keyword= 304 1ms - ::1
[2026-06-29 00:44:20] [INFO ] GET /api/attachments/equipment/emqwcj0udcd92 200 1ms - ::1
[2026-06-29 00:44:20] [INFO ] GET /api/attachments/equipment/emqwcj0ug9ug2 200 1ms - ::1
[2026-06-29 00:44:20] [INFO ] GET /api/attachments/equipment/emqwcj0ukij7n 200 1ms - ::1
[2026-06-29 00:44:20] [INFO ] GET /api/attachments/equipment/emqwcj0uvi2uk 200 1ms - ::1
[2026-06-29 00:44:20] [INFO ] GET /api/attachments/equipment/emqwcj0uyskuk 200 1ms - ::1
[2026-06-29 00:44:20] [INFO ] GET /api/attachments/equipment/emqwcj0ummo9e 200 0ms - ::1
[2026-06-29 00:44:20] [INFO ] GET /api/attachments/equipment/emqwcj0upvh4b 200 1ms - ::1
[2026-06-29 00:44:20] [INFO ] GET /api/attachments/equipment/emqwcj0ushnlr 200 1ms - ::1
[2026-06-29 00:44:20] [INFO ] GET /api/attachments/equipment/emqwcj0v0dtg7 200 1ms - ::1
[2026-06-29 00:44:20] [INFO ] GET /api/attachments/equipment/emqwcj0v3gqx6 200 1ms - ::1
[2026-06-29 00:44:20] [INFO ] GET /api/attachments/equipment/emqwcj0udcd92 304 1ms - ::1
[2026-06-29 00:44:20] [INFO ] GET /api/attachments/equipment/emqwcj0ummo9e 304 1ms - ::1
[2026-06-29 00:44:20] [INFO ] GET /api/attachments/equipment/emqwcj0uyskuk 304 1ms - ::1
[2026-06-29 00:44:20] [INFO ] GET /api/attachments/equipment/emqwcj0v0dtg7 304 1ms - ::1
[2026-06-29 00:44:20] [INFO ] GET /api/attachments/equipment/emqwcj0v3gqx6 304 8ms - ::1
[2026-06-29 00:44:20] [INFO ] GET /api/attachments/equipment/emqwcj0ug9ug2 304 0ms - ::1
[2026-06-29 00:44:20] [INFO ] GET /api/attachments/equipment/emqwcj0ukij7n 304 0ms - ::1
[2026-06-29 00:44:20] [INFO ] GET /api/attachments/equipment/emqwcj0upvh4b 304 1ms - ::1
[2026-06-29 00:44:20] [INFO ] GET /api/attachments/equipment/emqwcj0ushnlr 304 1ms - ::1
[2026-06-29 00:44:20] [INFO ] GET /api/attachments/equipment/emqwcj0uvi2uk 304 1ms - ::1
[2026-06-29 00:44:25] [INFO ] GET /assets/qrcode-BDzvbXqV.css 200 3ms - ::1
[2026-06-29 00:44:25] [INFO ] GET /assets/qrcode-oCOZlWhn.js 200 3ms - ::1
[2026-06-29 00:44:25] [INFO ] GET /api/equipments?page=1&pageSize=20 200 4ms - ::1
[2026-06-29 00:44:25] [INFO ] GET /assets/list-Cbv3ukhI.js 200 1ms - ::1
[2026-06-29 00:44:25] [INFO ] GET /assets/list-Cx5UzeU1.css 200 3ms - ::1
[2026-06-29 00:44:26] [INFO ] GET /api/records?page=1&pageSize=10 304 4ms - ::1
[2026-06-29 00:44:27] [INFO ] GET /assets/list-BSDoolOA.css 200 1ms - ::1
[2026-06-29 00:44:27] [INFO ] GET /assets/list-Czy8e2a3.js 200 3ms - ::1
[2026-06-29 00:44:27] [INFO ] GET /api/maintenance-plans?page=1&pageSize=10 200 3ms - ::1
[2026-06-29 00:44:28] [INFO ] GET /assets/index-BCrLU32r.css 200 1ms - ::1
[2026-06-29 00:44:28] [INFO ] GET /assets/index-CcpAlcej.js 200 6ms - ::1
[2026-06-29 00:44:28] [INFO ] GET /api/statistics/dashboard 304 3ms - ::1
[2026-06-29 00:44:28] [INFO ] GET /api/statistics/monthly?year=2026&month=6 200 1ms - ::1
[2026-06-29 00:44:28] [INFO ] GET /api/statistics/trend?days=30 200 1ms - ::1
[2026-06-29 00:44:28] [INFO ] GET /api/statistics/cost?months=6 200 1ms - ::1
[2026-06-29 00:44:28] [INFO ] GET /api/statistics/record-type-distribution 200 1ms - ::1
[2026-06-29 00:44:28] [INFO ] GET /api/statistics/parts-replacement 200 1ms - ::1
[2026-06-29 00:45:13] [INFO ] GET /assets/index-BJszEM3w.js 200 2ms - ::1
[2026-06-29 00:45:13] [INFO ] GET /assets/index-DUIarMxO.css 200 3ms - ::1
[2026-06-29 00:45:16] [INFO ] GET /assets/index-DTkmiqEP.js 200 1ms - ::1
[2026-06-29 00:45:17] [INFO ] GET /assets/list-hyZ8jXYO.js 200 2ms - ::1
[2026-06-29 00:45:17] [INFO ] GET /assets/recordTemplates-rnFIkSDC.js 200 2ms - ::1
[2026-06-29 00:45:17] [INFO ] GET /assets/list-XmUOnSQT.css 200 3ms - ::1
[2026-06-29 00:45:26] [INFO ] GET /api/records?page=1&pageSize=10 304 3ms - ::1
[2026-06-29 00:45:26] [INFO ] GET /api/equipments?page=1&pageSize=20 304 3ms - ::1
[2026-06-29 00:45:28] [INFO ] GET /api/maintenance-plans?page=1&pageSize=10 304 3ms - ::1
[2026-06-29 00:45:29] [INFO ] GET /api/statistics/dashboard 304 4ms - ::1
[2026-06-29 00:45:29] [INFO ] GET /api/statistics/monthly?year=2026&month=6 304 1ms - ::1
[2026-06-29 00:45:29] [INFO ] GET /api/statistics/trend?days=30 304 1ms - ::1
[2026-06-29 00:45:29] [INFO ] GET /api/statistics/cost?months=6 304 1ms - ::1
[2026-06-29 00:45:29] [INFO ] GET /api/statistics/record-type-distribution 304 1ms - ::1
[2026-06-29 00:45:29] [INFO ] GET /api/statistics/parts-replacement 304 1ms - ::1
