[2026-06-12 07:19:59] [INFO ] ========================================
[2026-06-12 07:19:59] [INFO ]   设备台账与运维管理系统 - 后端服务
[2026-06-12 07:19:59] [INFO ] ========================================
[2026-06-12 07:19:59] [INFO ]   服务地址: http://localhost:3000
[2026-06-12 07:19:59] [INFO ]   API 前缀: /api
[2026-06-12 07:19:59] [INFO ]   健康检查: http://localhost:3000/api/health
[2026-06-12 07:19:59] [INFO ]   数据文件: ./data/eqdm.json
[2026-06-12 07:19:59] [INFO ]   运行环境: development
[2026-06-12 07:19:59] [INFO ] ========================================
[2026-06-12 07:19:59] [INFO ]   默认账号:
[2026-06-12 07:19:59] [INFO ]     管理员: admin / admin123
[2026-06-12 07:19:59] [INFO ]     部门经理: manager / manager123
[2026-06-12 07:19:59] [INFO ]     普通员工: zhangsan / 123456
[2026-06-12 07:19:59] [INFO ]     李四: lisi / 123456
[2026-06-12 07:19:59] [INFO ] ========================================
[2026-06-12 07:20:11] [INFO ] GET /api/health 200 4ms - ::1
[2026-06-12 07:20:21] [INFO ] GET /api/health 200 0ms - ::1
[2026-06-12 07:20:32] [INFO ] GET /api/health 200 1ms - ::1
[2026-06-12 07:20:42] [INFO ] POST /api/auth/login 200 76ms - ::1
[2026-06-12 07:20:52] [INFO ] GET /api/equipments 200 12ms - ::1
[2026-06-12 08:20:15] [INFO ] ========================================
[2026-06-12 08:20:15] [INFO ]   设备台账与运维管理系统 - 后端服务
[2026-06-12 08:20:15] [INFO ] ========================================
[2026-06-12 08:20:15] [INFO ]   服务地址: http://localhost:3000
[2026-06-12 08:20:15] [INFO ]   API 前缀: /api
[2026-06-12 08:20:15] [INFO ]   健康检查: http://localhost:3000/api/health
[2026-06-12 08:20:15] [INFO ]   数据文件: ./data/eqdm.json
[2026-06-12 08:20:15] [INFO ]   运行环境: development
[2026-06-12 08:20:15] [INFO ] ========================================
[2026-06-12 08:20:15] [INFO ]   默认账号:
[2026-06-12 08:20:15] [INFO ]     管理员: admin / admin123
[2026-06-12 08:20:15] [INFO ]     部门经理: manager / manager123
[2026-06-12 08:20:15] [INFO ]     普通员工: zhangsan / 123456
[2026-06-12 08:20:15] [INFO ]     李四: lisi / 123456
[2026-06-12 08:20:15] [INFO ] ========================================
[2026-06-12 08:20:42] [INFO ] POST /api/auth/login 200 108ms - ::1
[2026-06-12 08:20:44] [INFO ] GET /api/records?page=1&pageSize=10 200 3ms - ::1
[2026-06-12 08:20:44] [INFO ] GET /api/maintenance-plans/upcoming?days=7 200 1ms - ::1
[2026-06-12 08:20:51] [INFO ] GET /api/equipments?page=1&pageSize=100 200 17ms - ::1
[2026-06-12 08:21:03] [INFO ] GET /api/scan/1350T%E6%A0%A1%E7%9B%B4%E6%9C%BA 304 4ms - ::ffff:192.168.102.19
[2026-06-12 08:21:03] [INFO ] GET /favicon.ico 200 11ms - ::ffff:192.168.102.19
[2026-06-12 08:21:04] [INFO ] GET / 200 3ms - ::ffff:192.168.102.19
[2026-06-12 08:21:04] [INFO ] GET /assets/uni.27c3240a.css 200 1ms - ::ffff:192.168.102.19
[2026-06-12 08:21:04] [INFO ] GET /assets/index-xKgvulEd.css 200 3ms - ::ffff:192.168.102.19
[2026-06-12 08:21:04] [INFO ] GET /static/index.css 200 7ms - ::ffff:192.168.102.19
[2026-06-12 08:21:04] [INFO ] GET /assets/index-CqTHUM2Q.js 200 59ms - ::ffff:192.168.102.19
[2026-06-12 08:21:04] [INFO ] GET /static/icons/home-active.png 304 3ms - ::ffff:192.168.102.19
[2026-06-12 08:21:04] [INFO ] GET /static/icons/record.png 304 4ms - ::ffff:192.168.102.19
[2026-06-12 08:21:04] [INFO ] GET /static/icons/statistics.png 304 7ms - ::ffff:192.168.102.19
[2026-06-12 08:21:04] [INFO ] GET /static/icons/equipment.png 304 9ms - ::ffff:192.168.102.19
[2026-06-12 08:21:04] [INFO ] GET /assets/add-BhpbX3JX.css 200 4ms - ::ffff:192.168.102.19
[2026-06-12 08:21:04] [INFO ] GET /assets/equipment.BgHZmUiH.js 200 6ms - ::ffff:192.168.102.19
[2026-06-12 08:21:04] [INFO ] GET /assets/pages-record-add.C3mDLzfl.js 200 9ms - ::ffff:192.168.102.19
[2026-06-12 08:21:04] [INFO ] GET /assets/_plugin-vue_export-helper.BCo6x5W8.js 200 6ms - ::ffff:192.168.102.19
[2026-06-12 08:21:04] [INFO ] GET /assets/record.B48vUyjS.js 200 7ms - ::ffff:192.168.102.19
[2026-06-12 08:21:04] [INFO ] GET /assets/request.hp4oH3GY.js 200 10ms - ::ffff:192.168.102.19
[2026-06-12 08:21:04] [INFO ] GET /assets/stores-user.Cv06qrEN.js 200 2ms - ::ffff:192.168.102.19
[2026-06-12 08:21:04] [INFO ] GET /favicon.ico 304 2ms - ::ffff:192.168.102.19
[2026-06-12 08:21:06] [INFO ] GET /favicon.ico 304 2ms - ::ffff:192.168.102.19
[2026-06-12 08:21:07] [INFO ] GET /favicon.ico 304 2ms - ::ffff:192.168.102.19
[2026-06-12 08:21:07] [INFO ] GET /favicon.ico 304 2ms - ::ffff:192.168.102.19
[2026-06-12 08:21:07] [INFO ] GET /favicon.ico 304 2ms - ::ffff:192.168.102.19
[2026-06-12 08:22:26] [INFO ] GET / 200 2ms - ::ffff:192.168.102.19
[2026-06-12 08:22:26] [INFO ] GET /assets/uni.27c3240a.css 200 5ms - ::ffff:192.168.102.19
[2026-06-12 08:22:26] [INFO ] GET /static/index.css 200 5ms - ::ffff:192.168.102.19
[2026-06-12 08:22:26] [INFO ] GET /assets/index-xKgvulEd.css 200 2ms - ::ffff:192.168.102.19
[2026-06-12 08:22:26] [INFO ] GET /assets/index-CqTHUM2Q.js 200 53ms - ::ffff:192.168.102.19
[2026-06-12 08:22:29] [INFO ] GET /static/icons/home-active.png 200 3ms - ::ffff:192.168.102.19
[2026-06-12 08:22:29] [INFO ] GET /static/icons/equipment.png 200 3ms - ::ffff:192.168.102.19
[2026-06-12 08:22:29] [INFO ] GET /static/icons/record.png 200 5ms - ::ffff:192.168.102.19
[2026-06-12 08:22:29] [INFO ] GET /static/icons/statistics.png 200 7ms - ::ffff:192.168.102.19
[2026-06-12 08:22:29] [INFO ] GET /assets/stores-user.Cv06qrEN.js 200 2ms - ::ffff:192.168.102.19
[2026-06-12 08:22:29] [INFO ] GET /assets/pages-login-index.DYDUcVjv.js 200 3ms - ::ffff:192.168.102.19
[2026-06-12 08:22:29] [INFO ] GET /assets/index-bbNGwLOU.css 200 5ms - ::ffff:192.168.102.19
[2026-06-12 08:22:29] [INFO ] GET /assets/request.hp4oH3GY.js 200 6ms - ::ffff:192.168.102.19
[2026-06-12 08:22:29] [INFO ] GET /assets/_plugin-vue_export-helper.BCo6x5W8.js 200 7ms - ::ffff:192.168.102.19
[2026-06-12 08:22:29] [INFO ] GET /favicon.ico 200 4ms - ::ffff:192.168.102.19
[2026-06-12 08:35:29] [INFO ] GET / 200 2ms - ::1
[2026-06-12 08:35:29] [INFO ] GET /assets/uni.27c3240a.css 200 2ms - ::1
[2026-06-12 08:35:29] [INFO ] GET /static/index.css 200 4ms - ::1
[2026-06-12 08:35:29] [INFO ] GET /assets/index-xKgvulEd.css 200 2ms - ::1
[2026-06-12 08:35:29] [INFO ] GET /assets/index-CqTHUM2Q.js 200 6ms - ::1
[2026-06-12 08:35:29] [INFO ] GET /static/icons/equipment.png 200 1ms - ::1
[2026-06-12 08:35:29] [INFO ] GET /static/icons/home-active.png 200 3ms - ::1
[2026-06-12 08:35:29] [INFO ] GET /static/icons/record.png 200 5ms - ::1
[2026-06-12 08:35:29] [INFO ] GET /static/icons/statistics.png 200 7ms - ::1
[2026-06-12 08:35:29] [INFO ] GET /assets/pages-login-index.DYDUcVjv.js 200 3ms - ::1
[2026-06-12 08:35:29] [INFO ] GET /assets/stores-user.Cv06qrEN.js 200 4ms - ::1
[2026-06-12 08:35:29] [INFO ] GET /assets/request.hp4oH3GY.js 200 5ms - ::1
[2026-06-12 08:35:29] [INFO ] GET /assets/_plugin-vue_export-helper.BCo6x5W8.js 200 7ms - ::1
[2026-06-12 08:35:29] [INFO ] GET /assets/index-bbNGwLOU.css 200 8ms - ::1
[2026-06-12 08:35:30] [INFO ] GET /@vite/client 200 1ms - ::1
[2026-06-12 08:35:35] [INFO ] GET / 200 1ms - ::1
[2026-06-12 08:35:35] [INFO ] GET /assets/uni.27c3240a.css 200 4ms - ::1
[2026-06-12 08:35:35] [INFO ] GET /static/index.css 200 11ms - ::1
[2026-06-12 08:35:35] [INFO ] GET /assets/index-xKgvulEd.css 200 11ms - ::1
[2026-06-12 08:35:35] [INFO ] GET /assets/index-CqTHUM2Q.js 200 15ms - ::1
[2026-06-12 08:35:37] [INFO ] GET /static/icons/home-active.png 200 2ms - ::1
[2026-06-12 08:35:37] [INFO ] GET /static/icons/record.png 200 2ms - ::1
[2026-06-12 08:35:37] [INFO ] GET /static/icons/equipment.png 200 5ms - ::1
[2026-06-12 08:35:37] [INFO ] GET /static/icons/statistics.png 200 6ms - ::1
[2026-06-12 08:35:37] [INFO ] GET /assets/pages-login-index.DYDUcVjv.js 200 6ms - ::1
[2026-06-12 08:35:37] [INFO ] GET /assets/stores-user.Cv06qrEN.js 200 3ms - ::1
[2026-06-12 08:35:37] [INFO ] GET /assets/index-bbNGwLOU.css 200 2ms - ::1
[2026-06-12 08:35:37] [INFO ] GET /assets/request.hp4oH3GY.js 200 3ms - ::1
[2026-06-12 08:35:37] [INFO ] GET /assets/_plugin-vue_export-helper.BCo6x5W8.js 200 4ms - ::1
[2026-06-12 08:35:37] [INFO ] GET /favicon.ico 200 2ms - ::1
[2026-06-12 08:40:32] [INFO ] ========================================
[2026-06-12 08:40:32] [INFO ]   设备台账与运维管理系统 - 后端服务
[2026-06-12 08:40:32] [INFO ] ========================================
[2026-06-12 08:40:32] [INFO ]   服务地址: http://localhost:3000
[2026-06-12 08:40:32] [INFO ]   API 前缀: /api
[2026-06-12 08:40:32] [INFO ]   健康检查: http://localhost:3000/api/health
[2026-06-12 08:40:32] [INFO ]   数据文件: ./data/eqdm.json
[2026-06-12 08:40:32] [INFO ]   运行环境: development
[2026-06-12 08:40:32] [INFO ] ========================================
[2026-06-12 08:40:32] [INFO ]   默认账号:
[2026-06-12 08:40:32] [INFO ]     管理员: admin / admin123
[2026-06-12 08:40:32] [INFO ]     部门经理: manager / manager123
[2026-06-12 08:40:32] [INFO ]     普通员工: zhangsan / 123456
[2026-06-12 08:40:32] [INFO ]     李四: lisi / 123456
[2026-06-12 08:40:32] [INFO ] ========================================
[2026-06-12 08:40:44] [INFO ] POST /api/auth/login 200 112ms - ::1
[2026-06-12 08:42:28] [INFO ] GET /api/health 200 1ms - ::1
[2026-06-12 08:48:33] [INFO ] GET /api/health 200 0ms - ::1
[2026-06-12 08:48:33] [INFO ] POST /api/auth/login 200 107ms - ::1
[2026-06-12 08:48:33] [INFO ] GET /api/users 200 20ms - ::1
[2026-06-12 08:48:33] [INFO ] GET /api/equipments 200 2ms - ::1
[2026-06-12 08:48:33] [INFO ] GET /api/records 200 1ms - ::1
[2026-06-12 08:48:33] [INFO ] GET /api/maintenance-plans 200 2ms - ::1
[2026-06-12 08:48:33] [INFO ] GET /api/statistics/dashboard 200 2ms - ::1
[2026-06-12 08:48:33] [INFO ] GET /api/equipments/departments 200 1ms - ::1
[2026-06-12 08:48:33] [INFO ] POST /api/equipments 200 5ms - ::1
[2026-06-12 08:48:33] [INFO ] DELETE /api/equipments/emqaopi3m9so0 200 3ms - ::1
[2026-06-12 08:52:38] [INFO ] GET /favicon.ico 200 12ms - ::ffff:192.168.102.19
[2026-06-12 08:52:40] [INFO ] GET / 200 4ms - ::ffff:192.168.102.19
[2026-06-12 08:52:40] [INFO ] GET /assets/uni.27c3240a.css 200 5ms - ::ffff:192.168.102.19
[2026-06-12 08:52:40] [INFO ] GET /static/index.css 200 5ms - ::ffff:192.168.102.19
[2026-06-12 08:52:40] [INFO ] GET /assets/index-xKgvulEd.css 200 5ms - ::ffff:192.168.102.19
[2026-06-12 08:52:40] [INFO ] GET /assets/index-DNmQI-TU.js 200 54ms - ::ffff:192.168.102.19
[2026-06-12 08:52:40] [INFO ] GET /static/icons/home-active.png 304 3ms - ::ffff:192.168.102.19
[2026-06-12 08:52:40] [INFO ] GET /static/icons/equipment.png 304 6ms - ::ffff:192.168.102.19
[2026-06-12 08:52:40] [INFO ] GET /static/icons/record.png 304 7ms - ::ffff:192.168.102.19
[2026-06-12 08:52:40] [INFO ] GET /static/icons/statistics.png 304 1ms - ::ffff:192.168.102.19
[2026-06-12 08:52:40] [INFO ] GET /assets/pages-login-index.CEW--Bam.js 200 6ms - ::ffff:192.168.102.19
[2026-06-12 08:52:40] [INFO ] GET /assets/index-bbNGwLOU.css 200 9ms - ::ffff:192.168.102.19
[2026-06-12 08:52:40] [INFO ] GET /assets/request.BBlMDXmp.js 200 10ms - ::ffff:192.168.102.19
[2026-06-12 08:52:40] [INFO ] GET /assets/stores-user.Bw0g2BVm.js 200 11ms - ::ffff:192.168.102.19
[2026-06-12 08:52:40] [INFO ] GET /assets/_plugin-vue_export-helper.BCo6x5W8.js 200 14ms - ::ffff:192.168.102.19
[2026-06-12 08:52:40] [INFO ] GET /favicon.ico 304 1ms - ::ffff:192.168.102.19
[2026-06-12 08:56:11] [INFO ] ========================================
[2026-06-12 08:56:11] [INFO ]   设备台账与运维管理系统 - 后端服务
[2026-06-12 08:56:11] [INFO ] ========================================
[2026-06-12 08:56:11] [INFO ]   服务地址: http://localhost:3000
[2026-06-12 08:56:11] [INFO ]   API 前缀: /api
[2026-06-12 08:56:11] [INFO ]   健康检查: http://localhost:3000/api/health
[2026-06-12 08:56:11] [INFO ]   数据文件: ./data/eqdm.json
[2026-06-12 08:56:11] [INFO ]   运行环境: development
[2026-06-12 08:56:11] [INFO ] ========================================
[2026-06-12 08:56:11] [INFO ]   默认账号:
[2026-06-12 08:56:11] [INFO ]     管理员: admin / admin123
[2026-06-12 08:56:11] [INFO ]     部门经理: manager / manager123
[2026-06-12 08:56:11] [INFO ]     普通员工: zhangsan / 123456
[2026-06-12 08:56:11] [INFO ]     李四: lisi / 123456
[2026-06-12 08:56:11] [INFO ] ========================================
[2026-06-12 08:56:32] [INFO ] POST /api/auth/login 200 132ms - ::ffff:192.168.102.14
[2026-06-12 09:00:05] [INFO ] POST /api/auth/login 200 107ms - ::ffff:192.168.102.14
[2026-06-12 12:22:56] [INFO ] ========================================
[2026-06-12 12:22:56] [INFO ]   设备台账与运维管理系统 - 后端服务
[2026-06-12 12:22:56] [INFO ] ========================================
[2026-06-12 12:22:56] [INFO ]   服务地址: http://localhost:3000
[2026-06-12 12:22:56] [INFO ]   API 前缀: /api
[2026-06-12 12:22:56] [INFO ]   健康检查: http://localhost:3000/api/health
[2026-06-12 12:22:56] [INFO ]   数据文件: ./data/eqdm.json
[2026-06-12 12:22:56] [INFO ]   运行环境: development
[2026-06-12 12:22:56] [INFO ] ========================================
[2026-06-12 12:22:56] [INFO ]   默认账号:
[2026-06-12 12:22:56] [INFO ]     管理员: admin / admin123
[2026-06-12 12:22:56] [INFO ]     部门经理: manager / manager123
[2026-06-12 12:22:56] [INFO ]     普通员工: zhangsan / 123456
[2026-06-12 12:22:56] [INFO ]     李四: lisi / 123456
[2026-06-12 12:22:56] [INFO ] ========================================
[2026-06-12 12:26:31] [INFO ] GET / 200 6ms - ::1
[2026-06-12 12:26:31] [INFO ] GET /assets/uni.27c3240a.css 200 4ms - ::1
[2026-06-12 12:26:31] [INFO ] GET /static/index.css 200 7ms - ::1
[2026-06-12 12:26:31] [INFO ] GET /assets/index-xKgvulEd.css 200 4ms - ::1
[2026-06-12 12:26:31] [INFO ] GET /assets/index-BMnjZvGe.js 200 6ms - ::1
[2026-06-12 12:26:33] [INFO ] GET /static/icons/home-active.png 200 2ms - ::1
[2026-06-12 12:26:33] [INFO ] GET /static/icons/record.png 200 6ms - ::1
[2026-06-12 12:26:33] [INFO ] GET /static/icons/equipment.png 200 8ms - ::1
[2026-06-12 12:26:33] [INFO ] GET /assets/pages-login-index.CRC6VfDu.js 200 8ms - ::1
[2026-06-12 12:26:33] [INFO ] GET /static/icons/statistics.png 200 9ms - ::1
[2026-06-12 12:26:33] [INFO ] GET /assets/index-bbNGwLOU.css 200 9ms - ::1
[2026-06-12 12:26:33] [INFO ] GET /assets/stores-user.CqHnLRR_.js 200 5ms - ::1
[2026-06-12 12:26:33] [INFO ] GET /assets/request.iMlNsqN9.js 200 4ms - ::1
[2026-06-12 12:26:33] [INFO ] GET /assets/_plugin-vue_export-helper.BCo6x5W8.js 200 3ms - ::1
[2026-06-12 12:26:33] [INFO ] GET /favicon.ico 200 2ms - ::1
[2026-06-12 12:26:57] [INFO ] POST /api/auth/login 200 164ms - ::1
[2026-06-12 12:26:58] [INFO ] GET /assets/pages-index-index.Cdi5cVNO.js 200 1ms - ::1
[2026-06-12 12:26:58] [INFO ] GET /assets/types.JzY3BViJ.js 200 9ms - ::1
[2026-06-12 12:26:58] [INFO ] GET /assets/record.CoHzorSm.js 200 11ms - ::1
[2026-06-12 12:26:58] [INFO ] GET /assets/index-BjAj0PlA.css 200 10ms - ::1
[2026-06-12 12:26:58] [INFO ] GET /favicon.ico 304 7ms - ::1
[2026-06-12 12:26:58] [INFO ] GET /assets/maintenance.DzDkKLmH.js 200 9ms - ::1
[2026-06-12 12:26:58] [INFO ] GET /assets/date.DkFqZvo0.js 200 14ms - ::1
[2026-06-12 12:26:58] [INFO ] GET /api/records?page=1&pageSize=10 200 2ms - ::1
[2026-06-12 12:26:59] [INFO ] GET /api/maintenance-plans/upcoming?days=7 200 1ms - ::1
[2026-06-12 12:27:04] [INFO ] GET /assets/pages-equipment-qrcode.DhhneEZF.js 200 2ms - ::1
[2026-06-12 12:27:04] [INFO ] GET /assets/equipment.D6VZ2Oh1.js 200 6ms - ::1
[2026-06-12 12:27:04] [INFO ] GET /assets/qrcode.DWxRWdby.js 200 7ms - ::1
[2026-06-12 12:27:04] [INFO ] GET /assets/qrcode-CVrekeQJ.css 200 9ms - ::1
[2026-06-12 12:27:04] [INFO ] GET /favicon.ico 304 1ms - ::1
[2026-06-12 12:27:04] [INFO ] GET /api/equipments?page=1&pageSize=100 200 17ms - ::1
[2026-06-12 12:27:04] [INFO ] GET /assets/browser.SFIkLt_d.js 200 4ms - ::1
[2026-06-12 12:27:05] [INFO ] GET /favicon.ico 304 1ms - ::1
[2026-06-12 12:27:21] [INFO ] GET /assets/pages-equipment-list.CZutoIvn.js 200 1ms - ::1
[2026-06-12 12:27:21] [INFO ] GET /assets/useList.6ZbkLRmw.js 200 5ms - ::1
[2026-06-12 12:27:21] [INFO ] GET /assets/list-DvdGC-Gl.css 200 7ms - ::1
[2026-06-12 12:27:21] [INFO ] GET /static/icons/home.png 200 5ms - ::1
[2026-06-12 12:27:21] [INFO ] GET /static/icons/equipment-active.png 200 6ms - ::1
[2026-06-12 12:27:21] [INFO ] GET /favicon.ico 304 4ms - ::1
[2026-06-12 12:27:21] [INFO ] GET /api/equipments/departments 200 4ms - ::1
[2026-06-12 12:27:21] [INFO ] GET /api/equipments?page=1&pageSize=10 200 1ms - ::1
[2026-06-12 12:27:25] [INFO ] GET /assets/pages-equipment-detail.aIUZKZPN.js 200 2ms - ::1
[2026-06-12 12:27:25] [INFO ] GET /favicon.ico 304 4ms - ::1
[2026-06-12 12:27:25] [INFO ] GET /assets/detail-C9V40ubC.css 200 8ms - ::1
[2026-06-12 12:27:25] [INFO ] GET /api/equipments/emqajnvehktpy 200 1ms - ::1
[2026-06-12 12:27:32] [INFO ] GET /favicon.ico 304 4ms - ::1
[2026-06-12 12:27:36] [INFO ] GET /api/equipments/emqajnvehktpy 304 2ms - ::1
[2026-06-12 12:27:36] [INFO ] GET /favicon.ico 304 1ms - ::1
[2026-06-12 12:27:37] [INFO ] GET /favicon.ico 304 1ms - ::1
[2026-06-12 12:27:39] [INFO ] GET /api/equipments/emqajnvelzkcp 200 4ms - ::1
[2026-06-12 12:27:39] [INFO ] GET /favicon.ico 304 3ms - ::1
[2026-06-12 12:27:40] [INFO ] GET /favicon.ico 304 1ms - ::1
[2026-06-12 12:31:20] [INFO ] GET /api/equipments/emqajnvehktpy 304 4ms - ::1
[2026-06-12 12:31:20] [INFO ] GET /favicon.ico 304 1ms - ::1
[2026-06-12 12:31:24] [INFO ] GET /favicon.ico 304 1ms - ::1
[2026-06-12 12:31:32] [INFO ] GET /assets/uni.27c3240a.css 304 1ms - ::1
[2026-06-12 12:31:32] [INFO ] GET /static/index.css 304 6ms - ::1
[2026-06-12 12:31:32] [INFO ] GET /assets/index-xKgvulEd.css 304 2ms - ::1
[2026-06-12 12:31:32] [INFO ] GET /assets/index-bbNGwLOU.css 304 3ms - ::1
[2026-06-12 12:31:32] [INFO ] GET /assets/qrcode-CVrekeQJ.css 304 4ms - ::1
[2026-06-12 12:31:32] [INFO ] GET /assets/index-BjAj0PlA.css 304 4ms - ::1
[2026-06-12 12:31:32] [INFO ] GET /assets/list-DvdGC-Gl.css 304 1ms - ::1
[2026-06-12 12:31:32] [INFO ] GET /assets/detail-C9V40ubC.css 304 3ms - ::1
[2026-06-12 12:31:32] [INFO ] GET /.well-known/appspecific/com.chrome.devtools.json 200 4ms - ::1
[2026-06-12 12:31:35] [INFO ] GET /api/equipments/emqajnvef0w7p 200 3ms - ::1
[2026-06-12 12:31:35] [INFO ] GET /favicon.ico 304 1ms - ::1
[2026-06-12 12:35:04] [INFO ] ========================================
[2026-06-12 12:35:04] [INFO ]   设备台账与运维管理系统 - 后端服务
[2026-06-12 12:35:04] [INFO ] ========================================
[2026-06-12 12:35:04] [INFO ]   服务地址: http://localhost:3000
[2026-06-12 12:35:04] [INFO ]   API 前缀: /api
[2026-06-12 12:35:04] [INFO ]   健康检查: http://localhost:3000/api/health
[2026-06-12 12:35:04] [INFO ]   数据文件: ./data/eqdm.json
[2026-06-12 12:35:04] [INFO ]   运行环境: development
[2026-06-12 12:35:04] [INFO ] ========================================
[2026-06-12 12:35:04] [INFO ]   默认账号:
[2026-06-12 12:35:04] [INFO ]     管理员: admin / admin123
[2026-06-12 12:35:04] [INFO ]     部门经理: manager / manager123
[2026-06-12 12:35:04] [INFO ]     普通员工: zhangsan / 123456
[2026-06-12 12:35:04] [INFO ]     李四: lisi / 123456
[2026-06-12 12:35:04] [INFO ] ========================================
[2026-06-12 12:38:50] [INFO ] ========================================
[2026-06-12 12:38:50] [INFO ]   设备台账与运维管理系统 - 后端服务
[2026-06-12 12:38:50] [INFO ] ========================================
[2026-06-12 12:38:50] [INFO ]   服务地址: http://localhost:3000
[2026-06-12 12:38:50] [INFO ]   API 前缀: /api
[2026-06-12 12:38:50] [INFO ]   健康检查: http://localhost:3000/api/health
[2026-06-12 12:38:50] [INFO ]   数据文件: ./data/eqdm.json
[2026-06-12 12:38:50] [INFO ]   运行环境: development
[2026-06-12 12:38:50] [INFO ] ========================================
[2026-06-12 12:38:50] [INFO ]   默认账号:
[2026-06-12 12:38:50] [INFO ]     管理员: admin / admin123
[2026-06-12 12:38:50] [INFO ]     部门经理: manager / manager123
[2026-06-12 12:38:50] [INFO ]     普通员工: zhangsan / 123456
[2026-06-12 12:38:50] [INFO ]     李四: lisi / 123456
[2026-06-12 12:38:50] [INFO ] ========================================
[2026-06-12 12:38:56] [INFO ] GET / 200 7ms - ::1
[2026-06-12 12:38:56] [INFO ] GET /.well-known/appspecific/com.chrome.devtools.json 200 4ms - ::1
[2026-06-12 12:38:56] [INFO ] GET /assets/uni.27c3240a.css 200 5ms - ::1
[2026-06-12 12:38:56] [INFO ] GET /static/index.css 200 7ms - ::1
[2026-06-12 12:38:56] [INFO ] GET /assets/index-xKgvulEd.css 200 5ms - ::1
[2026-06-12 12:38:56] [INFO ] GET /assets/index-C4fxcq5Q.js 200 14ms - ::1
[2026-06-12 12:38:56] [INFO ] GET /static/icons/home-active.png 304 2ms - ::1
[2026-06-12 12:38:56] [INFO ] GET /static/icons/equipment.png 304 2ms - ::1
[2026-06-12 12:38:56] [INFO ] GET /static/icons/record.png 304 2ms - ::1
[2026-06-12 12:38:56] [INFO ] GET /static/icons/statistics.png 304 5ms - ::1
[2026-06-12 12:38:56] [INFO ] GET /assets/pages-equipment-detail.B1lqUTm1.js 200 10ms - ::1
[2026-06-12 12:38:56] [INFO ] GET /assets/types.JzY3BViJ.js 200 7ms - ::1
[2026-06-12 12:38:56] [INFO ] GET /assets/request.3w8YZDXx.js 200 8ms - ::1
[2026-06-12 12:38:56] [INFO ] GET /assets/stores-user.DS6ZU2Zj.js 200 10ms - ::1
[2026-06-12 12:38:56] [INFO ] GET /assets/detail-CsN3pUbz.css 200 10ms - ::1
[2026-06-12 12:38:56] [INFO ] GET /assets/equipment.DH9reaun.js 200 10ms - ::1
[2026-06-12 12:38:56] [INFO ] GET /assets/qrcode.B3nBWm-J.js 200 1ms - ::1
[2026-06-12 12:38:56] [INFO ] GET /assets/_plugin-vue_export-helper.BCo6x5W8.js 200 2ms - ::1
[2026-06-12 12:38:56] [INFO ] GET /favicon.ico 200 3ms - ::1
[2026-06-12 12:38:56] [INFO ] GET /api/equipments/emqajnvef0w7p 304 10ms - ::1
[2026-06-12 12:38:58] [INFO ] GET / 200 2ms - ::1
[2026-06-12 12:38:58] [INFO ] GET /assets/uni.27c3240a.css 304 1ms - ::1
[2026-06-12 12:38:58] [INFO ] GET /.well-known/appspecific/com.chrome.devtools.json 304 9ms - ::1
[2026-06-12 12:38:58] [INFO ] GET /assets/index-xKgvulEd.css 304 5ms - ::1
[2026-06-12 12:38:58] [INFO ] GET /static/index.css 304 12ms - ::1
[2026-06-12 12:38:58] [INFO ] GET /assets/index-C4fxcq5Q.js 304 1ms - ::1
[2026-06-12 12:38:58] [INFO ] GET /static/icons/home-active.png 304 1ms - ::1
[2026-06-12 12:38:58] [INFO ] GET /static/icons/equipment.png 304 3ms - ::1
[2026-06-12 12:38:58] [INFO ] GET /static/icons/record.png 304 1ms - ::1
[2026-06-12 12:38:58] [INFO ] GET /static/icons/statistics.png 304 0ms - ::1
[2026-06-12 12:38:58] [INFO ] GET /assets/pages-equipment-detail.B1lqUTm1.js 304 1ms - ::1
[2026-06-12 12:38:58] [INFO ] GET /assets/types.JzY3BViJ.js 304 1ms - ::1
[2026-06-12 12:38:58] [INFO ] GET /assets/stores-user.DS6ZU2Zj.js 304 3ms - ::1
[2026-06-12 12:38:58] [INFO ] GET /assets/request.3w8YZDXx.js 304 1ms - ::1
[2026-06-12 12:38:58] [INFO ] GET /assets/equipment.DH9reaun.js 304 2ms - ::1
[2026-06-12 12:38:58] [INFO ] GET /assets/qrcode.B3nBWm-J.js 304 7ms - ::1
[2026-06-12 12:38:58] [INFO ] GET /assets/detail-CsN3pUbz.css 304 0ms - ::1
[2026-06-12 12:38:58] [INFO ] GET /assets/_plugin-vue_export-helper.BCo6x5W8.js 304 1ms - ::1
[2026-06-12 12:38:58] [INFO ] GET /api/equipments/emqajnvef0w7p 304 7ms - ::1
[2026-06-12 12:38:58] [INFO ] GET /favicon.ico 304 2ms - ::1
[2026-06-12 12:39:01] [INFO ] GET / 304 1ms - ::1
[2026-06-12 12:39:01] [INFO ] GET /.well-known/appspecific/com.chrome.devtools.json 304 2ms - ::1
[2026-06-12 12:39:01] [INFO ] GET /assets/uni.27c3240a.css 304 3ms - ::1
[2026-06-12 12:39:01] [INFO ] GET /assets/index-C4fxcq5Q.js 304 1ms - ::1
[2026-06-12 12:39:01] [INFO ] GET /assets/index-xKgvulEd.css 304 1ms - ::1
[2026-06-12 12:39:01] [INFO ] GET /static/index.css 304 4ms - ::1
[2026-06-12 12:39:01] [INFO ] GET /static/icons/home-active.png 304 1ms - ::1
[2026-06-12 12:39:02] [INFO ] GET /static/icons/equipment.png 304 1ms - ::1
[2026-06-12 12:39:02] [INFO ] GET /static/icons/record.png 304 2ms - ::1
[2026-06-12 12:39:02] [INFO ] GET /static/icons/statistics.png 304 13ms - ::1
[2026-06-12 12:39:02] [INFO ] GET /assets/pages-equipment-detail.B1lqUTm1.js 304 8ms - ::1
[2026-06-12 12:39:02] [INFO ] GET /assets/types.JzY3BViJ.js 304 2ms - ::1
[2026-06-12 12:39:02] [INFO ] GET /assets/stores-user.DS6ZU2Zj.js 304 3ms - ::1
[2026-06-12 12:39:02] [INFO ] GET /assets/request.3w8YZDXx.js 304 5ms - ::1
[2026-06-12 12:39:02] [INFO ] GET /assets/equipment.DH9reaun.js 304 6ms - ::1
[2026-06-12 12:39:02] [INFO ] GET /assets/qrcode.B3nBWm-J.js 304 2ms - ::1
[2026-06-12 12:39:02] [INFO ] GET /assets/_plugin-vue_export-helper.BCo6x5W8.js 304 0ms - ::1
[2026-06-12 12:39:02] [INFO ] GET /assets/detail-CsN3pUbz.css 304 1ms - ::1
[2026-06-12 12:39:02] [INFO ] GET /api/equipments/emqajnvef0w7p 304 4ms - ::1
[2026-06-12 12:39:02] [INFO ] GET /favicon.ico 304 1ms - ::1
[2026-06-12 12:39:03] [INFO ] GET /assets/pages-login-index.BNM35sY4.js 200 2ms - ::1
[2026-06-12 12:39:03] [INFO ] GET /assets/index-bbNGwLOU.css 200 4ms - ::1
[2026-06-12 12:39:03] [INFO ] GET /favicon.ico 304 4ms - ::1
[2026-06-12 12:39:20] [INFO ] POST /api/auth/login 200 164ms - ::1
[2026-06-12 12:39:22] [INFO ] GET /assets/pages-index-index.ENOPbFa0.js 200 1ms - ::1
[2026-06-12 12:39:22] [INFO ] GET /assets/record.CTHvTFsR.js 200 2ms - ::1
[2026-06-12 12:39:22] [INFO ] GET /assets/maintenance.DVnzmXQZ.js 200 16ms - ::1
[2026-06-12 12:39:22] [INFO ] GET /assets/date.DkFqZvo0.js 200 5ms - ::1
[2026-06-12 12:39:22] [INFO ] GET /favicon.ico 304 7ms - ::1
[2026-06-12 12:39:22] [INFO ] GET /assets/index-BjAj0PlA.css 200 13ms - ::1
[2026-06-12 12:39:22] [INFO ] GET /api/records?page=1&pageSize=10 304 2ms - ::1
[2026-06-12 12:39:22] [INFO ] GET /api/maintenance-plans/upcoming?days=7 304 2ms - ::1
[2026-06-12 12:39:31] [INFO ] GET /assets/pages-equipment-qrcode.Yi0vrTQm.js 200 4ms - ::1
[2026-06-12 12:39:31] [INFO ] GET /assets/qrcode-CVrekeQJ.css 200 6ms - ::1
[2026-06-12 12:39:31] [INFO ] GET /favicon.ico 304 2ms - ::1
[2026-06-12 12:39:31] [INFO ] GET /api/equipments?page=1&pageSize=100 304 14ms - ::1
[2026-06-12 12:39:31] [INFO ] GET /assets/browser.SFIkLt_d.js 200 2ms - ::1
[2026-06-12 12:39:36] [INFO ] GET /favicon.ico 304 1ms - ::1
[2026-06-12 12:39:48] [INFO ] GET /assets/pages-equipment-list.CL7qYwf5.js 200 1ms - ::1
[2026-06-12 12:39:48] [INFO ] GET /assets/useList.DhfoW7C9.js 200 4ms - ::1
[2026-06-12 12:39:48] [INFO ] GET /static/icons/home.png 304 3ms - ::1
[2026-06-12 12:39:48] [INFO ] GET /static/icons/equipment-active.png 304 4ms - ::1
[2026-06-12 12:39:48] [INFO ] GET /favicon.ico 304 7ms - ::1
[2026-06-12 12:39:48] [INFO ] GET /assets/list-DvdGC-Gl.css 200 9ms - ::1
[2026-06-12 12:39:48] [INFO ] GET /api/equipments/departments 304 2ms - ::1
[2026-06-12 12:39:48] [INFO ] GET /api/equipments?page=1&pageSize=10 304 1ms - ::1
[2026-06-12 12:40:12] [INFO ] GET /favicon.ico 304 3ms - ::1
[2026-06-12 12:40:15] [INFO ] GET /assets/pages-record-add.DnreKe0S.js 200 1ms - ::1
[2026-06-12 12:40:15] [INFO ] GET /assets/add-BhpbX3JX.css 200 3ms - ::1
[2026-06-12 12:40:15] [INFO ] GET /favicon.ico 304 2ms - ::1
[2026-06-12 12:40:15] [INFO ] GET /api/equipments?page=1&pageSize=100 304 2ms - ::1
[2026-06-12 12:40:20] [INFO ] GET /api/records?equipmentId=emqajnvebjoa2&page=1&pageSize=1 200 1ms - ::1
[2026-06-12 12:41:06] [INFO ] POST /api/records 200 5ms - ::1
[2026-06-12 12:41:06] [INFO ] GET /assets/pages-record-list.CL2gsG3o.js 200 2ms - ::1
[2026-06-12 12:41:06] [INFO ] GET /static/icons/home.png 304 2ms - ::1
[2026-06-12 12:41:06] [INFO ] GET /assets/list-GctJ8-W1.css 200 9ms - ::1
[2026-06-12 12:41:06] [INFO ] GET /static/icons/record-active.png 200 7ms - ::1
[2026-06-12 12:41:06] [INFO ] GET /favicon.ico 304 5ms - ::1
[2026-06-12 12:41:06] [INFO ] GET /api/records?page=1&pageSize=10 200 1ms - ::1
[2026-06-12 12:41:10] [INFO ] GET /assets/pages-record-detail.C9qsCH4_.js 200 1ms - ::1
[2026-06-12 12:41:10] [INFO ] GET /assets/detail-CXq1dy3t.css 200 3ms - ::1
[2026-06-12 12:41:10] [INFO ] GET /favicon.ico 304 3ms - ::1
[2026-06-12 12:41:10] [INFO ] GET /api/records/rmqax0kbd7e65 200 3ms - ::1
[2026-06-12 12:41:13] [INFO ] GET /favicon.ico 304 2ms - ::1
[2026-06-12 12:41:15] [INFO ] GET /api/records/rmqax0kbd7e65 304 2ms - ::1
[2026-06-12 12:41:15] [INFO ] GET /favicon.ico 304 2ms - ::1
[2026-06-12 12:41:23] [INFO ] GET /favicon.ico 304 1ms - ::1
[2026-06-12 12:42:51] [INFO ] GET /api/records/rmqax0kbd7e65 304 1ms - ::1
[2026-06-12 12:42:51] [INFO ] GET /favicon.ico 304 1ms - ::1
[2026-06-12 12:44:45] [INFO ] GET /favicon.ico 304 1ms - ::1
[2026-06-12 12:44:50] [INFO ] GET /favicon.ico 304 2ms - ::1
[2026-06-12 12:44:57] [INFO ] GET / 304 1ms - ::1
[2026-06-12 12:44:57] [INFO ] GET /assets/uni.27c3240a.css 304 1ms - ::1
[2026-06-12 12:44:57] [INFO ] GET /static/index.css 304 4ms - ::1
[2026-06-12 12:44:57] [INFO ] GET /assets/index-xKgvulEd.css 304 3ms - ::1
[2026-06-12 12:44:57] [INFO ] GET /assets/index-C4fxcq5Q.js 304 6ms - ::1
[2026-06-12 12:44:57] [INFO ] GET /static/icons/home-active.png 304 0ms - ::1
[2026-06-12 12:44:57] [INFO ] GET /static/icons/equipment.png 304 1ms - ::1
[2026-06-12 12:44:57] [INFO ] GET /static/icons/record.png 304 1ms - ::1
[2026-06-12 12:44:57] [INFO ] GET /static/icons/statistics.png 304 1ms - ::1
[2026-06-12 12:44:57] [INFO ] GET /assets/pages-index-index.ENOPbFa0.js 304 1ms - ::1
[2026-06-12 12:44:57] [INFO ] GET /assets/stores-user.DS6ZU2Zj.js 304 2ms - ::1
[2026-06-12 12:44:57] [INFO ] GET /assets/request.3w8YZDXx.js 304 5ms - ::1
[2026-06-12 12:44:57] [INFO ] GET /assets/types.JzY3BViJ.js 304 7ms - ::1
[2026-06-12 12:44:57] [INFO ] GET /assets/index-BjAj0PlA.css 304 0ms - ::1
[2026-06-12 12:44:57] [INFO ] GET /assets/record.CTHvTFsR.js 304 2ms - ::1
[2026-06-12 12:44:57] [INFO ] GET /assets/maintenance.DVnzmXQZ.js 304 3ms - ::1
[2026-06-12 12:44:57] [INFO ] GET /assets/date.DkFqZvo0.js 304 4ms - ::1
[2026-06-12 12:44:57] [INFO ] GET /assets/_plugin-vue_export-helper.BCo6x5W8.js 304 1ms - ::1
[2026-06-12 12:44:57] [INFO ] GET /.well-known/appspecific/com.chrome.devtools.json 304 1ms - ::1
[2026-06-12 12:44:57] [INFO ] GET /favicon.ico 304 1ms - ::1
[2026-06-12 12:44:57] [INFO ] GET /api/records?page=1&pageSize=10 304 4ms - ::1
[2026-06-12 12:44:57] [INFO ] GET /api/maintenance-plans/upcoming?days=7 304 1ms - ::1
[2026-06-12 12:45:06] [INFO ] GET /assets/pages-record-list.CL2gsG3o.js 304 2ms - ::1
[2026-06-12 12:45:06] [INFO ] GET /assets/useList.DhfoW7C9.js 304 3ms - ::1
[2026-06-12 12:45:06] [INFO ] GET /assets/list-GctJ8-W1.css 304 1ms - ::1
[2026-06-12 12:45:06] [INFO ] GET /favicon.ico 304 7ms - ::1
[2026-06-12 12:45:06] [INFO ] GET /static/icons/home.png 304 1ms - ::1
[2026-06-12 12:45:06] [INFO ] GET /static/icons/record-active.png 304 2ms - ::1
[2026-06-12 12:45:06] [INFO ] GET /api/records?page=1&pageSize=10 304 2ms - ::1
[2026-06-12 12:45:08] [INFO ] GET /assets/detail-CXq1dy3t.css 304 1ms - ::1
[2026-06-12 12:45:08] [INFO ] GET /assets/pages-record-detail.C9qsCH4_.js 304 3ms - ::1
[2026-06-12 12:45:08] [INFO ] GET /favicon.ico 304 1ms - ::1
[2026-06-12 12:45:08] [INFO ] GET /api/records/rmqax0kbd7e65 304 3ms - ::1
[2026-06-12 12:45:10] [INFO ] GET /favicon.ico 304 1ms - ::1
[2026-06-12 12:45:12] [INFO ] GET /favicon.ico 304 2ms - ::1
[2026-06-12 12:45:33] [INFO ] GET /assets/pages-maintenance-list.W2tfeyfJ.js 200 4ms - ::1
[2026-06-12 12:45:33] [INFO ] GET /assets/list-CwTzI9do.css 200 5ms - ::1
[2026-06-12 12:45:33] [INFO ] GET /favicon.ico 304 3ms - ::1
[2026-06-12 12:45:35] [INFO ] GET /assets/detail-CjDOwu7n.css 200 2ms - ::1
[2026-06-12 12:45:35] [INFO ] GET /assets/pages-maintenance-detail.BH5GMhvh.js 200 2ms - ::1
[2026-06-12 12:45:35] [INFO ] GET /favicon.ico 304 2ms - ::1
[2026-06-12 12:45:39] [INFO ] GET /favicon.ico 304 1ms - ::1
[2026-06-12 12:45:40] [INFO ] GET /favicon.ico 304 1ms - ::1
[2026-06-12 12:45:44] [INFO ] GET /assets/pages-export-index.B1BbCzRC.js 200 2ms - ::1
[2026-06-12 12:45:44] [INFO ] GET /assets/index-CCSHFuCe.css 200 3ms - ::1
[2026-06-12 12:45:44] [INFO ] GET /favicon.ico 304 1ms - ::1
[2026-06-12 12:45:56] [INFO ] GET /api/records/stats?startTime=2026-06-12%2000%3A00%3A00&endTime=2026-06-12%2023%3A59%3A59 200 4ms - ::1
[2026-06-12 12:46:04] [INFO ] GET /favicon.ico 304 1ms - ::1
[2026-06-12 12:52:00] [INFO ] GET / 304 2ms - ::1
[2026-06-12 12:52:00] [INFO ] GET /assets/uni.27c3240a.css 304 1ms - ::1
[2026-06-12 12:52:00] [INFO ] GET /assets/index-xKgvulEd.css 304 2ms - ::1
[2026-06-12 12:52:00] [INFO ] GET /assets/index-C4fxcq5Q.js 304 4ms - ::1
[2026-06-12 12:52:00] [INFO ] GET /static/index.css 304 7ms - ::1
[2026-06-12 12:52:00] [INFO ] GET /.well-known/appspecific/com.chrome.devtools.json 304 1ms - ::1
[2026-06-12 12:52:01] [INFO ] GET /static/icons/home-active.png 304 0ms - ::1
[2026-06-12 12:52:01] [INFO ] GET /static/icons/equipment.png 304 1ms - ::1
[2026-06-12 12:52:01] [INFO ] GET /static/icons/record.png 304 1ms - ::1
[2026-06-12 12:52:01] [INFO ] GET /static/icons/statistics.png 304 1ms - ::1
[2026-06-12 12:52:01] [INFO ] GET /assets/pages-index-index.ENOPbFa0.js 304 1ms - ::1
[2026-06-12 12:52:01] [INFO ] GET /assets/stores-user.DS6ZU2Zj.js 304 3ms - ::1
[2026-06-12 12:52:01] [INFO ] GET /assets/request.3w8YZDXx.js 304 5ms - ::1
[2026-06-12 12:52:01] [INFO ] GET /assets/types.JzY3BViJ.js 304 4ms - ::1
[2026-06-12 12:52:01] [INFO ] GET /assets/record.CTHvTFsR.js 304 4ms - ::1
[2026-06-12 12:52:01] [INFO ] GET /assets/index-BjAj0PlA.css 304 1ms - ::1
[2026-06-12 12:52:01] [INFO ] GET /assets/maintenance.DVnzmXQZ.js 304 3ms - ::1
[2026-06-12 12:52:01] [INFO ] GET /assets/date.DkFqZvo0.js 304 1ms - ::1
[2026-06-12 12:52:01] [INFO ] GET /assets/_plugin-vue_export-helper.BCo6x5W8.js 304 1ms - ::1
[2026-06-12 12:52:01] [INFO ] GET /api/records?page=1&pageSize=10 304 9ms - ::1
[2026-06-12 12:52:01] [INFO ] GET /api/maintenance-plans/upcoming?days=7 304 3ms - ::1
[2026-06-12 12:52:01] [INFO ] GET /favicon.ico 304 5ms - ::1
[2026-06-12 12:52:06] [INFO ] GET /assets/pages-record-list.CL2gsG3o.js 304 3ms - ::1
[2026-06-12 12:52:06] [INFO ] GET /assets/useList.DhfoW7C9.js 304 5ms - ::1
[2026-06-12 12:52:06] [INFO ] GET /assets/list-GctJ8-W1.css 304 1ms - ::1
[2026-06-12 12:52:06] [INFO ] GET /favicon.ico 304 4ms - ::1
[2026-06-12 12:52:06] [INFO ] GET /static/icons/home.png 304 1ms - ::1
[2026-06-12 12:52:06] [INFO ] GET /static/icons/record-active.png 304 2ms - ::1
[2026-06-12 12:52:06] [INFO ] GET /api/records?page=1&pageSize=10 304 2ms - ::1
[2026-06-12 12:52:08] [INFO ] GET /assets/pages-record-detail.C9qsCH4_.js 304 1ms - ::1
[2026-06-12 12:52:08] [INFO ] GET /assets/detail-CXq1dy3t.css 304 1ms - ::1
[2026-06-12 12:52:08] [INFO ] GET /favicon.ico 304 1ms - ::1
[2026-06-12 12:52:08] [INFO ] GET /api/records/rmqax0kbd7e65 304 1ms - ::1
[2026-06-12 12:52:10] [INFO ] GET /favicon.ico 304 1ms - ::1
[2026-06-12 12:52:12] [INFO ] GET /api/records/rmqax0kbd7e65 304 3ms - ::1
[2026-06-12 12:52:12] [INFO ] GET /favicon.ico 304 2ms - ::1
[2026-06-12 12:52:14] [INFO ] GET /favicon.ico 304 1ms - ::1
[2026-06-12 23:55:49] [INFO ] ========================================
[2026-06-12 23:55:49] [INFO ]   设备台账与运维管理系统 - 后端服务
[2026-06-12 23:55:49] [INFO ] ========================================
[2026-06-12 23:55:49] [INFO ]   服务地址: http://localhost:3000
[2026-06-12 23:55:49] [INFO ]   API 前缀: /api
[2026-06-12 23:55:49] [INFO ]   健康检查: http://localhost:3000/api/health
[2026-06-12 23:55:49] [INFO ]   数据文件: ./data/eqdm.json
[2026-06-12 23:55:49] [INFO ]   运行环境: development
[2026-06-12 23:55:49] [INFO ] ========================================
[2026-06-12 23:55:49] [INFO ]   默认账号:
[2026-06-12 23:55:49] [INFO ]     管理员: admin / admin123
[2026-06-12 23:55:49] [INFO ]     部门经理: manager / manager123
[2026-06-12 23:55:49] [INFO ]     普通员工: zhangsan / 123456
[2026-06-12 23:55:49] [INFO ]     李四: lisi / 123456
[2026-06-12 23:55:49] [INFO ] ========================================
[2026-06-12 23:55:59] [INFO ] GET / 200 8ms - ::1
[2026-06-12 23:55:59] [INFO ] GET /assets/uni.27c3240a.css 200 2ms - ::1
[2026-06-12 23:55:59] [INFO ] GET /static/index.css 200 6ms - ::1
[2026-06-12 23:55:59] [INFO ] GET /assets/index-xKgvulEd.css 200 3ms - ::1
[2026-06-12 23:55:59] [INFO ] GET /assets/index-C4fxcq5Q.js 200 9ms - ::1
[2026-06-12 23:56:00] [INFO ] GET /static/icons/equipment.png 200 4ms - ::1
[2026-06-12 23:56:00] [INFO ] GET /static/icons/home-active.png 200 6ms - ::1
[2026-06-12 23:56:00] [INFO ] GET /static/icons/record.png 200 6ms - ::1
[2026-06-12 23:56:00] [INFO ] GET /static/icons/statistics.png 200 6ms - ::1
[2026-06-12 23:56:00] [INFO ] GET /assets/pages-login-index.BNM35sY4.js 200 7ms - ::1
[2026-06-12 23:56:00] [INFO ] GET /assets/index-bbNGwLOU.css 200 6ms - ::1
[2026-06-12 23:56:00] [INFO ] GET /assets/stores-user.DS6ZU2Zj.js 200 5ms - ::1
[2026-06-12 23:56:00] [INFO ] GET /assets/request.3w8YZDXx.js 200 5ms - ::1
[2026-06-12 23:56:00] [INFO ] GET /assets/_plugin-vue_export-helper.BCo6x5W8.js 200 4ms - ::1
[2026-06-12 23:56:01] [INFO ] GET /favicon.ico 200 1ms - ::1
[2026-06-12 23:56:19] [INFO ] POST /api/auth/login 200 106ms - ::1
[2026-06-12 23:56:21] [INFO ] GET /assets/pages-index-index.ENOPbFa0.js 200 2ms - ::1
[2026-06-12 23:56:21] [INFO ] GET /assets/types.JzY3BViJ.js 200 7ms - ::1
[2026-06-12 23:56:21] [INFO ] GET /assets/record.CTHvTFsR.js 200 6ms - ::1
[2026-06-12 23:56:21] [INFO ] GET /assets/index-BjAj0PlA.css 200 8ms - ::1
[2026-06-12 23:56:21] [INFO ] GET /assets/maintenance.DVnzmXQZ.js 200 9ms - ::1
[2026-06-12 23:56:21] [INFO ] GET /favicon.ico 304 9ms - ::1
[2026-06-12 23:56:21] [INFO ] GET /assets/date.DkFqZvo0.js 200 13ms - ::1
[2026-06-12 23:56:21] [INFO ] GET /api/records?page=1&pageSize=10 200 3ms - ::1
[2026-06-12 23:56:21] [INFO ] GET /api/maintenance-plans/upcoming?days=7 200 1ms - ::1
[2026-06-12 23:56:25] [INFO ] GET /assets/list-GctJ8-W1.css 200 2ms - ::1
[2026-06-12 23:56:25] [INFO ] GET /assets/useList.DhfoW7C9.js 200 5ms - ::1
[2026-06-12 23:56:25] [INFO ] GET /assets/pages-record-list.CL2gsG3o.js 200 8ms - ::1
[2026-06-12 23:56:25] [INFO ] GET /static/icons/home.png 200 8ms - ::1
[2026-06-12 23:56:25] [INFO ] GET /favicon.ico 304 7ms - ::1
[2026-06-12 23:56:25] [INFO ] GET /static/icons/record-active.png 200 9ms - ::1
[2026-06-12 23:56:25] [INFO ] GET /api/records?page=1&pageSize=10 304 1ms - ::1
[2026-06-12 23:56:26] [INFO ] GET /assets/pages-record-detail.C9qsCH4_.js 200 3ms - ::1
[2026-06-12 23:56:26] [INFO ] GET /favicon.ico 304 3ms - ::1
[2026-06-12 23:56:26] [INFO ] GET /assets/detail-CXq1dy3t.css 200 5ms - ::1
[2026-06-12 23:56:26] [INFO ] GET /api/records/rmqax0kbd7e65 200 2ms - ::1
[2026-06-12 23:56:28] [INFO ] GET /favicon.ico 304 1ms - ::1
[2026-06-12 23:56:32] [INFO ] GET /assets/equipment.DH9reaun.js 200 3ms - ::1
[2026-06-12 23:56:32] [INFO ] GET /favicon.ico 304 3ms - ::1
[2026-06-12 23:56:32] [INFO ] GET /assets/pages-record-add.DnreKe0S.js 200 7ms - ::1
[2026-06-12 23:56:32] [INFO ] GET /assets/add-BhpbX3JX.css 200 7ms - ::1
[2026-06-12 23:56:32] [INFO ] GET /api/equipments?page=1&pageSize=100 200 12ms - ::1
[2026-06-12 23:56:48] [INFO ] GET /favicon.ico 304 1ms - ::1
[2026-06-12 23:56:50] [INFO ] GET /assets/list-DvdGC-Gl.css 200 3ms - ::1
[2026-06-12 23:56:50] [INFO ] GET /assets/pages-equipment-list.CL7qYwf5.js 200 4ms - ::1
[2026-06-12 23:56:50] [INFO ] GET /static/icons/equipment-active.png 200 3ms - ::1
[2026-06-12 23:56:50] [INFO ] GET /static/icons/record.png 304 0ms - ::1
[2026-06-12 23:56:50] [INFO ] GET /favicon.ico 304 2ms - ::1
[2026-06-12 23:56:50] [INFO ] GET /api/equipments/departments 200 2ms - ::1
[2026-06-12 23:56:50] [INFO ] GET /api/equipments?page=1&pageSize=10 200 1ms - ::1
[2026-06-12 23:56:52] [INFO ] GET /static/icons/home-active.png 304 1ms - ::1
[2026-06-12 23:56:52] [INFO ] GET /favicon.ico 304 2ms - ::1
[2026-06-12 23:56:53] [INFO ] GET /api/equipments?page=1&pageSize=100 304 2ms - ::1
[2026-06-12 23:56:53] [INFO ] GET /favicon.ico 304 1ms - ::1
[2026-06-12 23:56:56] [INFO ] GET /favicon.ico 304 1ms - ::1
[2026-06-12 23:57:05] [INFO ] GET /assets/pages-equipment-scan.DDrY7zEM.js 200 2ms - ::1
[2026-06-12 23:57:05] [INFO ] GET /assets/qrcode.B3nBWm-J.js 200 3ms - ::1
[2026-06-12 23:57:05] [INFO ] GET /assets/scan-CU8Dt8Bb.css 200 4ms - ::1
[2026-06-12 23:57:05] [INFO ] GET /favicon.ico 304 2ms - ::1
[2026-06-12 23:57:06] [INFO ] GET /favicon.ico 304 1ms - ::1
[2026-06-12 23:57:08] [INFO ] GET /api/equipments?page=1&pageSize=100 304 2ms - ::1
[2026-06-12 23:57:08] [INFO ] GET /favicon.ico 304 2ms - ::1
[2026-06-12 23:58:05] [INFO ] GET /api/records?equipmentId=emqajnvf4nebu&page=1&pageSize=1 200 2ms - ::1
[2026-06-12 23:58:20] [INFO ] GET /favicon.ico 304 1ms - ::1
[2026-06-12 23:58:28] [INFO ] GET /static/icons/home.png 304 1ms - ::1
[2026-06-12 23:58:28] [INFO ] GET /static/icons/record-active.png 304 3ms - ::1
[2026-06-12 23:58:28] [INFO ] GET /favicon.ico 304 3ms - ::1
[2026-06-12 23:58:29] [INFO ] GET /api/records/rmqax0kbd7e65 304 2ms - ::1
[2026-06-12 23:58:29] [INFO ] GET /favicon.ico 304 1ms - ::1
[2026-06-12 23:58:32] [INFO ] GET /favicon.ico 304 1ms - ::1
[2026-06-12 23:59:23] [INFO ] GET /api/records/rmqax0kbd7e65 304 2ms - ::1
[2026-06-12 23:59:23] [INFO ] GET /favicon.ico 304 1ms - ::1
