[2026-07-07 01:01:13] [INFO ] 数据备份完成: eqdm_2026-07-07_09-01-13.json
[2026-07-07 01:01:13] [INFO ] ========================================
[2026-07-07 01:01:13] [INFO ]   设备台账与运维管理系统 - 后端服务
[2026-07-07 01:01:13] [INFO ] ========================================
[2026-07-07 01:01:13] [INFO ]   服务地址: http://localhost:3000
[2026-07-07 01:01:13] [INFO ]   API 前缀: /api
[2026-07-07 01:01:13] [INFO ]   健康检查: http://localhost:3000/api/health
[2026-07-07 01:01:13] [INFO ]   数据文件: ./data/eqdm.json
[2026-07-07 01:01:13] [INFO ]   运行环境: production
[2026-07-07 01:01:13] [INFO ] ========================================
[2026-07-07 01:01:13] [INFO ]   默认账号:
[2026-07-07 01:01:13] [INFO ]     管理员: admin / admin123
[2026-07-07 01:01:13] [INFO ]     部门经理: manager / manager123
[2026-07-07 01:01:13] [INFO ]     员工共享: sa / 123456
[2026-07-07 01:01:13] [INFO ] ========================================
[2026-07-07 01:02:32] [INFO ] GET / 200 17ms - ::1
[2026-07-07 01:02:32] [INFO ] GET /registerSW.js 200 4ms - ::1
[2026-07-07 01:02:32] [INFO ] GET /manifest.webmanifest 200 7ms - ::1
[2026-07-07 01:02:32] [INFO ] GET /assets/index-B0bBtfYS.css 200 18ms - ::1
[2026-07-07 01:02:32] [INFO ] GET /assets/index-BEMYk280.js 200 25ms - ::1
[2026-07-07 01:02:32] [INFO ] GET /icon.jpg 200 2ms - ::1
[2026-07-07 01:02:32] [INFO ] GET /api/notifications/unread 200 21ms - ::1
[2026-07-07 01:02:32] [INFO ] GET /assets/index-BXSV598w.js 200 7ms - ::1
[2026-07-07 01:02:32] [INFO ] GET /assets/index-BzHWO-qb.js 200 11ms - ::1
[2026-07-07 01:02:32] [INFO ] GET /assets/record-DyWB_5Yk.js 200 10ms - ::1
[2026-07-07 01:02:32] [INFO ] GET /assets/maintenance-PGTPp4iY.js 200 11ms - ::1
[2026-07-07 01:02:32] [INFO ] GET /assets/index-DaE4546G.css 200 12ms - ::1
[2026-07-07 01:02:32] [INFO ] GET /assets/statistics-BOQPXY39.js 200 12ms - ::1
[2026-07-07 01:02:32] [INFO ] GET /assets/announcement-ByD64JYK.js 200 1ms - ::1
[2026-07-07 01:02:32] [INFO ] GET /api/records?page=1&pageSize=10 200 23ms - ::1
[2026-07-07 01:02:32] [INFO ] GET /api/maintenance-plans/upcoming?days=7 200 3ms - ::1
[2026-07-07 01:02:32] [INFO ] GET /api/statistics/dashboard 200 2ms - ::1
[2026-07-07 01:02:32] [INFO ] GET /api/announcements/active 200 1ms - ::1
[2026-07-07 01:02:32] [INFO ] GET /sw.js 200 39ms - ::1
[2026-07-07 01:02:32] [INFO ] GET /icon.jpg 304 3ms - ::1
[2026-07-07 01:02:32] [INFO ] GET /workbox-e4022e15.js 200 2ms - ::1
[2026-07-07 01:02:32] [INFO ] GET /registerSW.js 200 2ms - ::1
[2026-07-07 01:02:32] [INFO ] GET /index.html 200 2ms - ::1
[2026-07-07 01:02:32] [INFO ] GET /favicon.svg 200 2ms - ::1
[2026-07-07 01:02:32] [INFO ] GET /assets/user-j9rwv-Xz.js 200 2ms - ::1
[2026-07-07 01:02:32] [INFO ] GET /assets/user-DlcDzc_e.js 200 2ms - ::1
[2026-07-07 01:02:32] [INFO ] GET /assets/user-CYuhV8TJ.js 200 1ms - ::1
[2026-07-07 01:02:32] [INFO ] GET /assets/user-CRVpwbA1.js 200 1ms - ::1
[2026-07-07 01:02:32] [INFO ] GET /assets/user-BU-fzilR.js 200 1ms - ::1
[2026-07-07 01:02:32] [INFO ] GET /assets/user-BkaUEBwg.js 200 2ms - ::1
[2026-07-07 01:02:32] [INFO ] GET /assets/user-BdNKZnS-.js 200 1ms - ::1
[2026-07-07 01:02:32] [INFO ] GET /assets/useDraft-D4HcFGBT.js 200 1ms - ::1
[2026-07-07 01:02:32] [INFO ] GET /assets/templates-wcK1RibP.js 200 2ms - ::1
[2026-07-07 01:02:32] [INFO ] GET /assets/templates-DFIB1fyo.js 200 1ms - ::1
[2026-07-07 01:02:32] [INFO ] GET /assets/templates-D8bgTx7t.js 200 1ms - ::1
[2026-07-07 01:02:32] [INFO ] GET /assets/templates-Ct-LWnSv.js 200 2ms - ::1
[2026-07-07 01:02:32] [INFO ] GET /assets/templates-C0toA4Ec.js 200 2ms - ::1
[2026-07-07 01:02:32] [INFO ] GET /assets/templates-BOpjG6Ep.css 200 1ms - ::1
[2026-07-07 01:02:32] [INFO ] GET /assets/templates-BJVKyGrk.js 200 1ms - ::1
[2026-07-07 01:02:32] [INFO ] GET /assets/templates-704elLno.js 200 1ms - ::1
[2026-07-07 01:02:32] [INFO ] GET /assets/statistics-ZQSyKrI0.js 200 1ms - ::1
[2026-07-07 01:02:32] [INFO ] GET /assets/statistics-EqldIqNJ.js 200 1ms - ::1
[2026-07-07 01:02:32] [INFO ] GET /assets/statistics-D2qpHMFW.js 200 1ms - ::1
[2026-07-07 01:02:32] [INFO ] GET /assets/statistics-CxyRDCFk.js 200 1ms - ::1
[2026-07-07 01:02:32] [INFO ] GET /assets/statistics-C7JJmKIc.js 200 1ms - ::1
[2026-07-07 01:02:32] [INFO ] GET /assets/statistics-BOQPXY39.js 304 0ms - ::1
[2026-07-07 01:02:32] [INFO ] GET /assets/statistics-bBOJNHhD.js 200 1ms - ::1
[2026-07-07 01:02:32] [INFO ] GET /assets/sparePart-1ukQI7Ll.js 200 2ms - ::1
[2026-07-07 01:02:32] [INFO ] GET /assets/scan-Qp0XPn5U.js 200 2ms - ::1
[2026-07-07 01:02:32] [INFO ] GET /assets/scan-DeX_BJ4G.js 200 1ms - ::1
[2026-07-07 01:02:32] [INFO ] GET /assets/scan-D3zJY9XD.js 200 2ms - ::1
[2026-07-07 01:02:32] [INFO ] GET /assets/scan-BxfcwinA.js 200 1ms - ::1
[2026-07-07 01:02:32] [INFO ] GET /assets/scan-Bm_PQtKm.js 200 1ms - ::1
[2026-07-07 01:02:32] [INFO ] GET /assets/scan-BCec57Cf.js 200 2ms - ::1
[2026-07-07 01:02:32] [INFO ] GET /assets/scan-A3ZRxfky.js 200 1ms - ::1
[2026-07-07 01:02:32] [INFO ] GET /assets/recordTemplates-CRBGiWxJ.js 200 1ms - ::1
[2026-07-07 01:02:32] [INFO ] GET /assets/record-QmTDO4dS.js 200 1ms - ::1
[2026-07-07 01:02:33] [INFO ] GET /assets/record-DyWB_5Yk.js 304 0ms - ::1
[2026-07-07 01:02:33] [INFO ] GET /assets/record-D9mo_IKN.js 200 1ms - ::1
[2026-07-07 01:02:33] [INFO ] GET /assets/record-Clj6urlP.js 200 1ms - ::1
[2026-07-07 01:02:33] [INFO ] GET /assets/record-Ch-3PPI8.js 200 1ms - ::1
[2026-07-07 01:02:33] [INFO ] GET /assets/record-CAie-u2V.js 200 1ms - ::1
[2026-07-07 01:02:33] [INFO ] GET /assets/record-BxqlV3oB.js 200 1ms - ::1
[2026-07-07 01:02:33] [INFO ] GET /assets/qrcode-_2yHC0N0.js 200 1ms - ::1
[2026-07-07 01:02:33] [INFO ] GET /assets/qrcode-VWJfCvsG.js 200 1ms - ::1
[2026-07-07 01:02:33] [INFO ] GET /assets/qrcode-j_6Cykrr.js 200 1ms - ::1
[2026-07-07 01:02:33] [INFO ] GET /assets/qrcode-CZ07WOhH.js 200 1ms - ::1
[2026-07-07 01:02:33] [INFO ] GET /assets/qrcode-CWV0nzAl.js 200 2ms - ::1
[2026-07-07 01:02:33] [INFO ] GET /assets/qrcode-BUrvdIGL.js 200 1ms - ::1
[2026-07-07 01:02:33] [INFO ] GET /assets/qrcode-BKdbWIgN.js 200 2ms - ::1
[2026-07-07 01:02:33] [INFO ] GET /assets/qrcode-BDzvbXqV.css 200 1ms - ::1
[2026-07-07 01:02:33] [INFO ] GET /assets/maintenance-PGTPp4iY.js 304 0ms - ::1
[2026-07-07 01:02:33] [INFO ] GET /assets/maintenance-op1HFgzz.js 200 1ms - ::1
[2026-07-07 01:02:33] [INFO ] GET /assets/maintenance-Dq58qCAa.js 200 1ms - ::1
[2026-07-07 01:02:33] [INFO ] GET /assets/maintenance-cqueFrKo.js 200 1ms - ::1
[2026-07-07 01:02:33] [INFO ] GET /assets/maintenance-C9EFtfiC.js 200 1ms - ::1
[2026-07-07 01:02:33] [INFO ] GET /assets/maintenance-BvIhvNzM.js 200 1ms - ::1
[2026-07-07 01:02:33] [INFO ] GET /assets/maintenance-Bqzoua2-.js 200 1ms - ::1
[2026-07-07 01:02:33] [INFO ] GET /assets/list-_ffxg65q.js 200 3ms - ::1
[2026-07-07 01:02:33] [INFO ] GET /assets/list-YCTH5sis.js 200 1ms - ::1
[2026-07-07 01:02:33] [INFO ] GET /assets/list-XmUOnSQT.css 200 1ms - ::1
[2026-07-07 01:02:33] [INFO ] GET /assets/list-VTl08lTn.js 200 1ms - ::1
[2026-07-07 01:02:33] [INFO ] GET /assets/list-NtjVGitX.js 200 2ms - ::1
[2026-07-07 01:02:33] [INFO ] GET /assets/list-jz4cmuQd.js 200 1ms - ::1
[2026-07-07 01:02:33] [INFO ] GET /assets/list-fYIjQb-c.js 200 1ms - ::1
[2026-07-07 01:02:33] [INFO ] GET /assets/list-em12OQpX.js 200 1ms - ::1
[2026-07-07 01:02:33] [INFO ] GET /assets/list-Dyaqoble.js 200 1ms - ::1
[2026-07-07 01:02:33] [INFO ] GET /assets/list-Dw8EQWCG.js 200 2ms - ::1
[2026-07-07 01:02:33] [INFO ] GET /assets/list-DW0MNK83.css 200 1ms - ::1
[2026-07-07 01:02:33] [INFO ] GET /assets/list-Dvy-VWix.js 200 1ms - ::1
[2026-07-07 01:02:33] [INFO ] GET /assets/list-DvcOneuT.js 200 1ms - ::1
[2026-07-07 01:02:33] [INFO ] GET /assets/list-DtzfY6-Q.css 200 1ms - ::1
[2026-07-07 01:02:33] [INFO ] GET /assets/list-DsIAjzsK.js 200 1ms - ::1
[2026-07-07 01:02:33] [INFO ] GET /assets/list-DR7_Q7Ko.js 200 1ms - ::1
[2026-07-07 01:02:33] [INFO ] GET /assets/list-Dr2Lkfp5.js 200 1ms - ::1
[2026-07-07 01:02:33] [INFO ] GET /assets/list-DOdVlZqR.js 200 1ms - ::1
[2026-07-07 01:02:33] [INFO ] GET /assets/list-Dmm5wxxD.js 200 1ms - ::1
[2026-07-07 01:02:33] [INFO ] GET /assets/list-DLpluoUK.css 200 1ms - ::1
[2026-07-07 01:02:33] [INFO ] GET /assets/list-DIvw4qxp.js 200 2ms - ::1
[2026-07-07 01:02:33] [INFO ] GET /assets/list-DiAQDs8a.js 200 1ms - ::1
[2026-07-07 01:02:33] [INFO ] GET /assets/list-Dd_HvSnb.js 200 1ms - ::1
[2026-07-07 01:02:33] [INFO ] GET /assets/list-DceYveiN.js 200 1ms - ::1
[2026-07-07 01:02:33] [INFO ] GET /assets/list-Db4CcFpP.js 200 1ms - ::1
[2026-07-07 01:02:33] [INFO ] GET /assets/list-Da8FpS58.js 200 1ms - ::1
[2026-07-07 01:02:33] [INFO ] GET /assets/list-D1NhICko.js 200 1ms - ::1
[2026-07-07 01:02:33] [INFO ] GET /assets/list-Cz5ukQOj.js 200 2ms - ::1
[2026-07-07 01:02:33] [INFO ] GET /assets/list-CVSwqnpK.js 200 1ms - ::1
[2026-07-07 01:02:33] [INFO ] GET /assets/list-CUkI-UXc.css 200 1ms - ::1
[2026-07-07 01:02:33] [INFO ] GET /assets/list-CSQki3Rl.js 200 1ms - ::1
[2026-07-07 01:02:33] [INFO ] GET /assets/list-CslQdIt_.js 200 1ms - ::1
[2026-07-07 01:02:33] [INFO ] GET /assets/list-CqiIZJQp.js 200 2ms - ::1
[2026-07-07 01:02:33] [INFO ] GET /assets/list-CPiFBF0Z.js 200 2ms - ::1
[2026-07-07 01:02:33] [INFO ] GET /assets/list-CN-rKOzC.js 200 1ms - ::1
[2026-07-07 01:02:33] [INFO ] GET /assets/list-CmfcZn2Y.js 200 2ms - ::1
[2026-07-07 01:02:33] [INFO ] GET /assets/list-CmBVsBMH.js 200 2ms - ::1
[2026-07-07 01:02:33] [INFO ] GET /assets/list-CiNk2W_F.js 200 1ms - ::1
[2026-07-07 01:02:33] [INFO ] GET /assets/list-C83tybvZ.js 200 2ms - ::1
[2026-07-07 01:02:33] [INFO ] GET /assets/list-C6xVEg4w.js 200 2ms - ::1
[2026-07-07 01:02:33] [INFO ] GET /assets/list-BXbufbjS.css 200 1ms - ::1
[2026-07-07 01:02:33] [INFO ] GET /assets/list-Bvo8pZwz.css 200 1ms - ::1
[2026-07-07 01:02:33] [INFO ] GET /assets/list-BTYt4oV6.js 200 2ms - ::1
[2026-07-07 01:02:33] [INFO ] GET /assets/list-BSDoolOA.css 200 1ms - ::1
[2026-07-07 01:02:33] [INFO ] GET /assets/list-BRQfU1uH.js 200 3ms - ::1
[2026-07-07 01:02:33] [INFO ] GET /assets/list-BlzHwJzv.js 200 1ms - ::1
[2026-07-07 01:02:33] [INFO ] GET /assets/list-BLQENB0J.css 200 1ms - ::1
[2026-07-07 01:02:33] [INFO ] GET /assets/list-BIpiXYqR.js 200 1ms - ::1
[2026-07-07 01:02:33] [INFO ] GET /assets/list-BHNQPYZ0.js 200 2ms - ::1
[2026-07-07 01:02:33] [INFO ] GET /assets/list-BfZTufYl.js 200 1ms - ::1
[2026-07-07 01:02:33] [INFO ] GET /assets/list-Bf59NzIK.js 200 2ms - ::1
[2026-07-07 01:02:33] [INFO ] GET /assets/list-Bey-D0NT.js 200 1ms - ::1
[2026-07-07 01:02:33] [INFO ] GET /assets/list-1AG42-pT.css 200 1ms - ::1
[2026-07-07 01:02:33] [INFO ] GET /assets/knowledge-DR5Xzn3i.js 200 1ms - ::1
[2026-07-07 01:02:33] [INFO ] GET /assets/knowledge-DbbBknT7.js 200 1ms - ::1
[2026-07-07 01:02:33] [INFO ] GET /assets/knowledge-ChnR1ZcK.js 200 2ms - ::1
[2026-07-07 01:02:33] [INFO ] GET /assets/knowledge-BOfeHKWz.js 200 1ms - ::1
[2026-07-07 01:02:33] [INFO ] GET /assets/knowledge-BGBAFvwS.js 200 1ms - ::1
[2026-07-07 01:02:33] [INFO ] GET /assets/knowledge-B4L329xP.js 200 1ms - ::1
[2026-07-07 01:02:33] [INFO ] GET /assets/knowledge-B3Tle5un.js 200 1ms - ::1
[2026-07-07 01:02:33] [INFO ] GET /assets/inspection-oa_KJmYK.js 200 1ms - ::1
[2026-07-07 01:02:33] [INFO ] GET /assets/inspection-DjXd8QzR.js 200 1ms - ::1
[2026-07-07 01:02:33] [INFO ] GET /assets/inspection-CrCCmbkS.js 200 1ms - ::1
[2026-07-07 01:02:33] [INFO ] GET /assets/inspection-BTpGafpp.js 200 1ms - ::1
[2026-07-07 01:02:33] [INFO ] GET /assets/inspection-BDauG0sa.js 200 2ms - ::1
[2026-07-07 01:02:33] [INFO ] GET /assets/inspection-9l6ePhYl.js 200 1ms - ::1
[2026-07-07 01:02:33] [INFO ] GET /assets/inspection-2Fh6zcwF.js 200 2ms - ::1
[2026-07-07 01:02:33] [INFO ] GET /assets/index-zrzBaMo-.js 200 1ms - ::1
[2026-07-07 01:02:33] [INFO ] GET /assets/index-ziVLgSZO.js 200 1ms - ::1
[2026-07-07 01:02:33] [INFO ] GET /assets/index-VnTSr16W.js 200 3ms - ::1
[2026-07-07 01:02:33] [INFO ] GET /assets/index-vlKNvtdI.js 200 5ms - ::1
[2026-07-07 01:02:33] [INFO ] GET /assets/index-V215X2l6.css 200 1ms - ::1
[2026-07-07 01:02:34] [INFO ] GET /assets/index-tsbfF9tc.js 200 1ms - ::1
[2026-07-07 01:02:34] [INFO ] GET /assets/index-TrKf12as.js 200 1ms - ::1
[2026-07-07 01:02:34] [INFO ] GET /assets/index-tHiKWmj2.js 200 2ms - ::1
[2026-07-07 01:02:34] [INFO ] GET /assets/index-sVJJmZ4L.js 200 2ms - ::1
[2026-07-07 01:02:34] [INFO ] GET /assets/index-Lyeo_x7S.js 200 1ms - ::1
[2026-07-07 01:02:34] [INFO ] GET /assets/index-KeaEtRmz.js 200 1ms - ::1
[2026-07-07 01:02:34] [INFO ] GET /assets/index-JfvW0zgp.js 200 6ms - ::1
[2026-07-07 01:02:34] [INFO ] GET /assets/index-hUj6Dbph.js 200 2ms - ::1
[2026-07-07 01:02:34] [INFO ] GET /assets/index-gwuYzeAj.js 200 1ms - ::1
[2026-07-07 01:02:34] [INFO ] GET /assets/index-GhAxJWv-.js 200 1ms - ::1
[2026-07-07 01:02:34] [INFO ] GET /assets/index-DZXpEha6.js 200 1ms - ::1
[2026-07-07 01:02:34] [INFO ] GET /assets/index-dzi6mAHX.css 200 1ms - ::1
[2026-07-07 01:02:34] [INFO ] GET /assets/index-DxLa0OwL.css 200 2ms - ::1
[2026-07-07 01:02:34] [INFO ] GET /assets/index-DvoSkFWH.css 200 1ms - ::1
[2026-07-07 01:02:34] [INFO ] GET /assets/index-DvJb_AZ4.css 200 1ms - ::1
[2026-07-07 01:02:34] [INFO ] GET /assets/index-DQT09AyV.js 200 1ms - ::1
[2026-07-07 01:02:34] [INFO ] GET /assets/index-Dj0GOhwo.js 200 1ms - ::1
[2026-07-07 01:02:34] [INFO ] GET /assets/index-DGqOP6Ze.js 200 1ms - ::1
[2026-07-07 01:02:34] [INFO ] GET /assets/index-DgexmTgc.js 200 2ms - ::1
[2026-07-07 01:02:34] [INFO ] GET /assets/index-DdPRJxg-.css 200 2ms - ::1
[2026-07-07 01:02:34] [INFO ] GET /assets/index-DaE4546G.css 304 0ms - ::1
[2026-07-07 01:02:34] [INFO ] GET /assets/index-D8pJGT7I.js 200 2ms - ::1
[2026-07-07 01:02:34] [INFO ] GET /assets/index-D309rdlQ.js 200 1ms - ::1
[2026-07-07 01:02:34] [INFO ] GET /assets/index-D2VeUXcA.css 200 2ms - ::1
[2026-07-07 01:02:34] [INFO ] GET /assets/index-D04ZlP9Q.js 200 3ms - ::1
[2026-07-07 01:02:34] [INFO ] GET /assets/index-C_02_IBh.js 200 1ms - ::1
[2026-07-07 01:02:34] [INFO ] GET /assets/index-CZISUjht.js 200 1ms - ::1
[2026-07-07 01:02:34] [INFO ] GET /assets/index-CzEAklgo.js 200 1ms - ::1
[2026-07-07 01:02:34] [INFO ] GET /assets/index-CXhhAVdR.css 200 1ms - ::1
[2026-07-07 01:02:34] [INFO ] GET /assets/index-Cv29JC71.js 200 1ms - ::1
[2026-07-07 01:02:34] [INFO ] GET /assets/index-CRk5atVy.js 200 2ms - ::1
[2026-07-07 01:02:34] [INFO ] GET /assets/index-CnbHuW5F.js 200 1ms - ::1
[2026-07-07 01:02:34] [INFO ] GET /assets/index-CMO9cA16.js 200 1ms - ::1
[2026-07-07 01:02:34] [INFO ] GET /assets/index-CKKcRq5-.js 200 1ms - ::1
[2026-07-07 01:02:34] [INFO ] GET /assets/index-CJXJD1j6.js 200 1ms - ::1
[2026-07-07 01:02:34] [INFO ] GET /assets/index-CjPiKTHT.js 200 1ms - ::1
[2026-07-07 01:02:34] [INFO ] GET /assets/index-CJp-7L7c.js 200 3ms - ::1
[2026-07-07 01:02:34] [INFO ] GET /assets/index-CiRIX5ZD.js 200 2ms - ::1
[2026-07-07 01:02:34] [INFO ] GET /assets/index-CIgBC8Mt.js 200 2ms - ::1
[2026-07-07 01:02:34] [INFO ] GET /assets/index-CBV6wXqt.js 200 2ms - ::1
[2026-07-07 01:02:34] [INFO ] GET /assets/index-C7XrTTYu.js 200 1ms - ::1
[2026-07-07 01:02:34] [INFO ] GET /assets/index-C7jNUlGu.css 200 1ms - ::1
[2026-07-07 01:02:34] [INFO ] GET /assets/index-c-kpCSyX.js 200 1ms - ::1
[2026-07-07 01:02:34] [INFO ] GET /assets/index-BzHWO-qb.js 304 1ms - ::1
[2026-07-07 01:02:34] [INFO ] GET /assets/index-BZCD6VFt.js 200 1ms - ::1
[2026-07-07 01:02:34] [INFO ] GET /assets/index-BYdwDQa3.js 200 1ms - ::1
[2026-07-07 01:02:34] [INFO ] GET /assets/index-BXSV598w.js 304 1ms - ::1
[2026-07-07 01:02:34] [INFO ] GET /assets/index-BwPi-8Fb.css 200 2ms - ::1
[2026-07-07 01:02:34] [INFO ] GET /assets/index-BsySTSYU.js 200 1ms - ::1
[2026-07-07 01:02:34] [INFO ] GET /assets/index-BNPabjOk.js 200 2ms - ::1
[2026-07-07 01:02:34] [INFO ] GET /assets/index-BjCuO6l9.js 200 1ms - ::1
[2026-07-07 01:02:34] [INFO ] GET /assets/index-BiFuMtOY.js 200 5ms - ::1
[2026-07-07 01:02:34] [INFO ] GET /assets/index-BHf0zb4y.js 200 1ms - ::1
[2026-07-07 01:02:34] [INFO ] GET /assets/index-BEMYk280.js 304 0ms - ::1
[2026-07-07 01:02:35] [INFO ] GET /assets/index-BEfqF3Pm.js 200 1ms - ::1
[2026-07-07 01:02:35] [INFO ] GET /assets/index-BDtanrma.js 200 5ms - ::1
[2026-07-07 01:02:35] [INFO ] GET /assets/index-BaGwlMhA.js 200 1ms - ::1
[2026-07-07 01:02:35] [INFO ] GET /assets/index-B4P_AH3S.js 200 1ms - ::1
[2026-07-07 01:02:35] [INFO ] GET /assets/detail-Cc30uBxk.js 200 2ms - ::1
[2026-07-07 01:02:35] [INFO ] GET /assets/detail-DQnRgo1Z.css 200 3ms - ::1
[2026-07-07 01:02:35] [INFO ] GET /api/maintenance-plans/mmr8xy1z5jgqf 200 16ms - ::1
[2026-07-07 01:02:35] [INFO ] GET /assets/index-B0bBtfYS.css 304 2ms - ::1
[2026-07-07 01:02:35] [INFO ] GET /assets/index-AGiH5Sxl.js 200 6ms - ::1
[2026-07-07 01:02:35] [INFO ] GET /assets/index-4pI5WY9l.css 200 2ms - ::1
[2026-07-07 01:02:35] [INFO ] GET /assets/index-3BWPN8J1.js 200 2ms - ::1
[2026-07-07 01:02:35] [INFO ] GET /assets/index-1k8PjzmO.js 200 1ms - ::1
[2026-07-07 01:02:35] [INFO ] GET /assets/form-wHmVvfsU.js 200 1ms - ::1
[2026-07-07 01:02:35] [INFO ] GET /assets/form-wgnw2rL7.js 200 2ms - ::1
[2026-07-07 01:02:35] [INFO ] GET /assets/form-UHBpbgS9.js 200 1ms - ::1
[2026-07-07 01:02:35] [INFO ] GET /assets/form-UeDEMKP6.css 200 2ms - ::1
[2026-07-07 01:02:35] [INFO ] GET /assets/form-tE7cfFai.js 200 1ms - ::1
[2026-07-07 01:02:35] [INFO ] GET /assets/form-nQWYaAxR.js 200 1ms - ::1
[2026-07-07 01:02:35] [INFO ] GET /assets/form-LrGqjJFq.js 200 1ms - ::1
[2026-07-07 01:02:35] [INFO ] GET /assets/form-hJRNThBj.js 200 1ms - ::1
[2026-07-07 01:02:35] [INFO ] GET /assets/form-hfe2dUOt.css 200 1ms - ::1
[2026-07-07 01:02:35] [INFO ] GET /assets/form-E8uuz7kN.js 200 2ms - ::1
[2026-07-07 01:02:35] [INFO ] GET /assets/form-DZ_3QbIE.js 200 1ms - ::1
[2026-07-07 01:02:35] [INFO ] GET /assets/form-Dz7pjkhC.js 200 1ms - ::1
[2026-07-07 01:02:35] [INFO ] GET /assets/form-DXHdyMbj.js 200 1ms - ::1
[2026-07-07 01:02:35] [INFO ] GET /assets/form-DT656527.css 200 1ms - ::1
[2026-07-07 01:02:35] [INFO ] GET /assets/form-DOaOmNEr.js 200 2ms - ::1
[2026-07-07 01:02:35] [INFO ] GET /assets/form-DNE035bw.css 200 1ms - ::1
[2026-07-07 01:02:35] [INFO ] GET /assets/form-DHxXp5Wk.js 200 2ms - ::1
[2026-07-07 01:02:35] [INFO ] GET /assets/form-DDkHjTiE.js 200 1ms - ::1
[2026-07-07 01:02:35] [INFO ] GET /assets/form-DBAuWYzN.js 200 1ms - ::1
[2026-07-07 01:02:35] [INFO ] GET /assets/form-D7tZvOBi.js 200 1ms - ::1
[2026-07-07 01:02:35] [INFO ] GET /assets/form-D04TNbvh.js 200 1ms - ::1
[2026-07-07 01:02:35] [INFO ] GET /assets/form-CzYAGe1-.css 200 2ms - ::1
[2026-07-07 01:02:35] [INFO ] GET /assets/form-CZARsJga.js 200 1ms - ::1
[2026-07-07 01:02:35] [INFO ] GET /assets/form-CYpLjiVa.js 200 1ms - ::1
[2026-07-07 01:02:35] [INFO ] GET /assets/form-CXKAkqtN.js 200 1ms - ::1
[2026-07-07 01:02:35] [INFO ] GET /assets/form-CtOpXBQF.css 200 1ms - ::1
[2026-07-07 01:02:35] [INFO ] GET /assets/form-CMC5w-KL.js 200 1ms - ::1
[2026-07-07 01:02:35] [INFO ] GET /assets/form-ClJ7e38f.js 200 2ms - ::1
[2026-07-07 01:02:35] [INFO ] GET /assets/form-Cl-qI4va.css 200 1ms - ::1
[2026-07-07 01:02:35] [INFO ] GET /assets/form-CjMF6g4P.css 200 1ms - ::1
[2026-07-07 01:02:35] [INFO ] GET /assets/form-CJ2RyD6N.css 200 1ms - ::1
[2026-07-07 01:02:35] [INFO ] GET /assets/form-CHtsb5EZ.js 200 1ms - ::1
[2026-07-07 01:02:35] [INFO ] GET /assets/form-CFn1F_-7.js 200 1ms - ::1
[2026-07-07 01:02:35] [INFO ] GET /assets/form-CFiypzkb.js 200 1ms - ::1
[2026-07-07 01:02:35] [INFO ] GET /assets/form-CEGNrsY_.js 200 1ms - ::1
[2026-07-07 01:02:35] [INFO ] GET /assets/form-CD2u14bo.css 200 1ms - ::1
[2026-07-07 01:02:35] [INFO ] GET /assets/form-CbVck_fk.js 200 1ms - ::1
[2026-07-07 01:02:35] [INFO ] GET /assets/form-CaaLbbc_.js 200 1ms - ::1
[2026-07-07 01:02:35] [INFO ] GET /assets/form-Bo8-C453.js 200 1ms - ::1
[2026-07-07 01:02:35] [INFO ] GET /assets/form-Bl12wlRe.js 200 2ms - ::1
[2026-07-07 01:02:35] [INFO ] GET /assets/form-BjIG-_py.css 200 1ms - ::1
[2026-07-07 01:02:35] [INFO ] GET /assets/form-Bdv5t38a.js 200 1ms - ::1
[2026-07-07 01:02:35] [INFO ] GET /assets/form-BbI1cpE1.js 200 1ms - ::1
[2026-07-07 01:02:35] [INFO ] GET /assets/form-BA3PGisz.js 200 1ms - ::1
[2026-07-07 01:02:35] [INFO ] GET /assets/form-aMD6Fujl.js 200 1ms - ::1
[2026-07-07 01:02:35] [INFO ] GET /assets/form-6k6EZnzT.js 200 2ms - ::1
[2026-07-07 01:02:35] [INFO ] GET /assets/form-5O0qT0O8.js 200 2ms - ::1
[2026-07-07 01:02:35] [INFO ] GET /assets/equipment-Dgt8Q4om.js 200 1ms - ::1
[2026-07-07 01:02:35] [INFO ] GET /assets/equipment-Cwuh1rxC.js 200 1ms - ::1
[2026-07-07 01:02:35] [INFO ] GET /assets/equipment-CwdgPPbp.js 200 1ms - ::1
[2026-07-07 01:02:35] [INFO ] GET /assets/equipment-CdM40CP0.js 200 2ms - ::1
[2026-07-07 01:02:35] [INFO ] GET /assets/equipment-BwQlx-nC.js 200 1ms - ::1
[2026-07-07 01:02:35] [INFO ] GET /assets/equipment-BEip5Ab-.js 200 1ms - ::1
[2026-07-07 01:02:35] [INFO ] GET /assets/equipment-B4FQQAYJ.js 200 1ms - ::1
[2026-07-07 01:02:35] [INFO ] GET /assets/detail-ZH3vthSq.js 200 2ms - ::1
[2026-07-07 01:02:35] [INFO ] GET /assets/detail-XQBbt63B.js 200 1ms - ::1
[2026-07-07 01:02:35] [INFO ] GET /assets/detail-WDL-iRJr.js 200 1ms - ::1
[2026-07-07 01:02:35] [INFO ] GET /assets/detail-tABHxeke.js 200 0ms - ::1
[2026-07-07 01:02:35] [INFO ] GET /assets/detail-Sc4UY0hQ.js 200 1ms - ::1
[2026-07-07 01:02:36] [INFO ] GET /assets/detail-ktteO10B.js 200 1ms - ::1
[2026-07-07 01:02:36] [INFO ] GET /assets/detail-IcEUYOKl.js 200 1ms - ::1
[2026-07-07 01:02:36] [INFO ] GET /assets/detail-i5rX3MIA.js 200 1ms - ::1
[2026-07-07 01:02:36] [INFO ] GET /assets/detail-FvziB9PN.js 200 1ms - ::1
[2026-07-07 01:02:36] [INFO ] GET /assets/detail-Fs9LePqh.js 200 1ms - ::1
[2026-07-07 01:02:36] [INFO ] GET /assets/detail-D_F_-WTW.js 200 1ms - ::1
[2026-07-07 01:02:36] [INFO ] GET /assets/detail-DZYStgrx.css 200 1ms - ::1
[2026-07-07 01:02:36] [INFO ] GET /assets/detail-DupMPBUS.js 200 1ms - ::1
[2026-07-07 01:02:36] [INFO ] GET /assets/detail-DuDRqx9M.js 200 1ms - ::1
[2026-07-07 01:02:36] [INFO ] GET /assets/detail-DSRMPhUI.js 200 1ms - ::1
[2026-07-07 01:02:36] [INFO ] GET /assets/detail-DRQMM0Ge.js 200 1ms - ::1
[2026-07-07 01:02:36] [INFO ] GET /assets/detail-DQnRgo1Z.css 304 1ms - ::1
[2026-07-07 01:02:36] [INFO ] GET /assets/detail-Dipojmm4.js 200 1ms - ::1
[2026-07-07 01:02:36] [INFO ] GET /assets/detail-DBDWoYVJ.css 200 1ms - ::1
[2026-07-07 01:02:36] [INFO ] GET /assets/detail-D62CnOXH.js 200 2ms - ::1
[2026-07-07 01:02:36] [INFO ] GET /assets/detail-CxV9QJst.js 200 1ms - ::1
[2026-07-07 01:02:36] [INFO ] GET /assets/detail-CusSXlvz.js 200 1ms - ::1
[2026-07-07 01:02:36] [INFO ] GET /assets/detail-CnDU1grx.js 200 1ms - ::1
[2026-07-07 01:02:36] [INFO ] GET /assets/detail-CMfOa8mZ.css 200 2ms - ::1
[2026-07-07 01:02:36] [INFO ] GET /assets/detail-CJQNv7Xs.css 200 1ms - ::1
[2026-07-07 01:02:36] [INFO ] GET /assets/detail-CjCh6snH.js 200 1ms - ::1
[2026-07-07 01:02:36] [INFO ] GET /assets/detail-CenrNIlR.css 200 1ms - ::1
[2026-07-07 01:02:36] [INFO ] GET /assets/detail-Cc30uBxk.js 304 1ms - ::1
[2026-07-07 01:02:36] [INFO ] GET /assets/detail-C4he4-Gt.css 200 1ms - ::1
[2026-07-07 01:02:36] [INFO ] GET /assets/detail-c2Xs-tuh.js 200 1ms - ::1
[2026-07-07 01:02:36] [INFO ] GET /assets/detail-BZNi78fe.js 200 1ms - ::1
[2026-07-07 01:02:36] [INFO ] GET /assets/detail-Bz-4a7HW.js 200 1ms - ::1
[2026-07-07 01:02:36] [INFO ] GET /assets/detail-ByY3ZeD9.js 200 1ms - ::1
[2026-07-07 01:02:36] [INFO ] GET /assets/detail-BvLowEbv.js 200 1ms - ::1
[2026-07-07 01:02:36] [INFO ] GET /assets/detail-Bub6eFAJ.js 200 1ms - ::1
[2026-07-07 01:02:36] [INFO ] GET /assets/detail-BrxDphaP.js 200 1ms - ::1
[2026-07-07 01:02:36] [INFO ] GET /assets/detail-BLiYozmN.js 200 1ms - ::1
[2026-07-07 01:02:36] [INFO ] GET /assets/detail-Bc9ISEBe.js 200 1ms - ::1
[2026-07-07 01:02:36] [INFO ] GET /assets/detail-B-6GWYQz.js 200 1ms - ::1
[2026-07-07 01:02:36] [INFO ] GET /assets/detail-3YoTtpb5.js 200 1ms - ::1
[2026-07-07 01:02:36] [INFO ] GET /assets/detail-3pQgmMxy.js 200 1ms - ::1
[2026-07-07 01:02:36] [INFO ] GET /assets/detail-2UUZnHUr.js 200 1ms - ::1
[2026-07-07 01:02:36] [INFO ] GET /assets/calendar-Lk6Cen4n.js 200 1ms - ::1
[2026-07-07 01:02:36] [INFO ] GET /assets/calendar-IepMhd7c.js 200 1ms - ::1
[2026-07-07 01:02:36] [INFO ] GET /assets/calendar-HSVlUdAH.js 200 1ms - ::1
[2026-07-07 01:02:36] [INFO ] GET /assets/calendar-DQhCAq4J.js 200 1ms - ::1
[2026-07-07 01:02:36] [INFO ] GET /assets/calendar-Cqrm3UFV.js 200 1ms - ::1
[2026-07-07 01:02:36] [INFO ] GET /assets/calendar-CHh2rJCL.js 200 1ms - ::1
[2026-07-07 01:02:36] [INFO ] GET /assets/calendar-Bruyr46Z.js 200 1ms - ::1
[2026-07-07 01:02:36] [INFO ] GET /assets/announcement-e_BPytWO.js 200 1ms - ::1
[2026-07-07 01:02:36] [INFO ] GET /assets/announcement-CaM0Unki.js 200 1ms - ::1
[2026-07-07 01:02:36] [INFO ] GET /assets/announcement-ByD64JYK.js 304 0ms - ::1
[2026-07-07 01:02:36] [INFO ] GET /assets/announcement-BobNwwMh.js 200 1ms - ::1
[2026-07-07 01:02:36] [INFO ] GET /assets/announcement-BJXzjYdM.js 200 1ms - ::1
[2026-07-07 01:02:36] [INFO ] GET /icon.jpg 200 1ms - ::1
[2026-07-07 01:02:36] [INFO ] GET /manifest.webmanifest 200 1ms - ::1
[2026-07-07 01:02:37] [INFO ] POST /api/maintenance-plans/mmr8xy1z5jgqf/complete 200 193ms - ::1
[2026-07-07 01:02:37] [INFO ] GET /api/maintenance-plans/mmr8xy1z5jgqf 200 1ms - ::1
[2026-07-07 01:02:39] [INFO ] GET /api/records?page=1&pageSize=10 304 16ms - ::1
[2026-07-07 01:02:39] [INFO ] GET /api/maintenance-plans/upcoming?days=7 200 1ms - ::1
[2026-07-07 01:02:39] [INFO ] GET /api/statistics/dashboard 304 1ms - ::1
[2026-07-07 01:02:39] [INFO ] GET /api/announcements/active 304 1ms - ::1
[2026-07-07 01:02:43] [INFO ] GET /api/spare-parts?page=1&pageSize=20 200 16ms - ::1
[2026-07-07 01:02:45] [INFO ] GET /api/equipments?pageSize=999 200 17ms - ::1
[2026-07-07 01:02:55] [INFO ] GET /api/equipments?page=1&pageSize=20 200 14ms - ::1
[2026-07-07 01:02:56] [INFO ] GET /api/equipments?page=1&pageSize=10&keyword= 200 18ms - ::1
[2026-07-07 01:02:56] [INFO ] POST /api/attachments/equipment/batch 200 2ms - ::1
[2026-07-07 01:02:58] [INFO ] GET /api/notifications/unread 304 15ms - ::1
[2026-07-07 01:02:58] [INFO ] GET /api/records?page=1&pageSize=10 304 6ms - ::1
[2026-07-07 01:02:58] [INFO ] GET /api/maintenance-plans/upcoming?days=7 304 1ms - ::1
[2026-07-07 01:02:58] [INFO ] GET /api/statistics/dashboard 304 1ms - ::1
[2026-07-07 01:02:58] [INFO ] GET /api/announcements/active 304 1ms - ::1
[2026-07-07 01:02:59] [INFO ] GET /sw.js 304 2ms - ::1
[2026-07-07 01:02:59] [INFO ] GET /workbox-e4022e15.js 304 0ms - ::1
[2026-07-07 01:03:02] [INFO ] GET /api/notifications/unread 304 14ms - ::1
[2026-07-07 01:03:32] [INFO ] GET /api/notifications/unread 304 10ms - ::1
[2026-07-07 01:04:02] [INFO ] GET /api/notifications/unread 304 29ms - ::1
[2026-07-07 01:04:32] [INFO ] GET /api/notifications/unread 304 29ms - ::1
[2026-07-07 01:05:02] [INFO ] GET /api/notifications/unread 304 27ms - ::1
[2026-07-07 01:05:32] [INFO ] GET /api/notifications/unread 304 16ms - ::1
[2026-07-07 01:06:02] [INFO ] GET /api/notifications/unread 304 26ms - ::1
[2026-07-07 01:06:32] [INFO ] GET /api/notifications/unread 304 29ms - ::1
[2026-07-07 01:07:02] [INFO ] GET /api/notifications/unread 304 22ms - ::1
[2026-07-07 01:07:32] [INFO ] GET /api/notifications/unread 304 30ms - ::1
[2026-07-07 01:08:02] [INFO ] GET /api/notifications/unread 304 26ms - ::1
[2026-07-07 01:08:32] [INFO ] GET /api/notifications/unread 304 32ms - ::1
[2026-07-07 01:09:02] [INFO ] GET /api/notifications/unread 304 27ms - ::1
[2026-07-07 01:09:32] [INFO ] GET /api/notifications/unread 304 15ms - ::1
[2026-07-07 01:10:02] [INFO ] GET /api/notifications/unread 304 26ms - ::1
[2026-07-07 01:10:32] [INFO ] GET /api/notifications/unread 304 30ms - ::1
[2026-07-07 01:11:02] [INFO ] GET /api/notifications/unread 304 20ms - ::1
[2026-07-07 01:11:32] [INFO ] GET /api/notifications/unread 304 30ms - ::1
[2026-07-07 01:12:02] [INFO ] GET /api/notifications/unread 304 15ms - ::1
[2026-07-07 01:12:32] [INFO ] GET /api/notifications/unread 304 29ms - ::1
[2026-07-07 01:13:02] [INFO ] GET /api/notifications/unread 304 14ms - ::1
[2026-07-07 01:13:32] [INFO ] GET /api/notifications/unread 304 29ms - ::1
[2026-07-07 01:14:02] [INFO ] GET /api/notifications/unread 304 14ms - ::1
[2026-07-07 01:14:32] [INFO ] GET /api/notifications/unread 304 29ms - ::1
[2026-07-07 01:15:02] [INFO ] GET /api/notifications/unread 304 19ms - ::1
[2026-07-07 01:15:32] [INFO ] GET /api/notifications/unread 304 33ms - ::1
[2026-07-07 01:16:02] [INFO ] GET /api/notifications/unread 304 17ms - ::1
[2026-07-07 01:16:32] [INFO ] GET /api/notifications/unread 304 28ms - ::1
[2026-07-07 01:17:02] [INFO ] GET /api/notifications/unread 304 26ms - ::1
[2026-07-07 01:17:32] [INFO ] GET /api/notifications/unread 304 22ms - ::1
[2026-07-07 01:18:02] [INFO ] GET /api/notifications/unread 304 13ms - ::1
[2026-07-07 01:18:32] [INFO ] GET /api/notifications/unread 304 28ms - ::1
[2026-07-07 01:19:02] [INFO ] GET /api/notifications/unread 304 20ms - ::1
[2026-07-07 01:19:32] [INFO ] GET /api/notifications/unread 304 22ms - ::1
[2026-07-07 01:20:02] [INFO ] GET /api/notifications/unread 304 25ms - ::1
[2026-07-07 01:20:32] [INFO ] GET /api/notifications/unread 304 28ms - ::1
[2026-07-07 01:21:02] [INFO ] GET /api/notifications/unread 304 27ms - ::1
[2026-07-07 01:21:32] [INFO ] GET /api/notifications/unread 304 28ms - ::1
[2026-07-07 01:22:02] [INFO ] GET /api/notifications/unread 304 15ms - ::1
[2026-07-07 01:22:32] [INFO ] GET /api/notifications/unread 304 30ms - ::1
[2026-07-07 01:23:02] [INFO ] GET /api/notifications/unread 304 26ms - ::1
[2026-07-07 01:23:32] [INFO ] GET /api/notifications/unread 304 24ms - ::1
[2026-07-07 01:24:02] [INFO ] GET /api/notifications/unread 304 12ms - ::1
[2026-07-07 01:24:32] [INFO ] GET /api/notifications/unread 304 30ms - ::1
[2026-07-07 01:25:02] [INFO ] GET /api/notifications/unread 304 21ms - ::1
[2026-07-07 01:25:32] [INFO ] GET /api/notifications/unread 304 31ms - ::1
[2026-07-07 01:26:02] [INFO ] GET /api/notifications/unread 304 14ms - ::1
[2026-07-07 01:26:32] [INFO ] GET /api/notifications/unread 304 29ms - ::1
[2026-07-07 01:27:02] [INFO ] GET /api/notifications/unread 304 14ms - ::1
[2026-07-07 01:27:32] [INFO ] GET /api/notifications/unread 304 14ms - ::1
[2026-07-07 01:28:02] [INFO ] GET /api/notifications/unread 304 26ms - ::1
[2026-07-07 01:28:32] [INFO ] GET /api/notifications/unread 304 28ms - ::1
[2026-07-07 01:29:02] [INFO ] GET /api/notifications/unread 304 18ms - ::1
[2026-07-07 01:29:32] [INFO ] GET /api/notifications/unread 304 25ms - ::1
[2026-07-07 01:30:02] [INFO ] GET /api/notifications/unread 304 27ms - ::1
[2026-07-07 01:30:32] [INFO ] GET /api/notifications/unread 304 32ms - ::1
[2026-07-07 01:31:02] [INFO ] GET /api/notifications/unread 304 25ms - ::1
[2026-07-07 01:31:32] [INFO ] GET /api/notifications/unread 304 16ms - ::1
[2026-07-07 01:32:02] [INFO ] GET /api/notifications/unread 304 21ms - ::1
[2026-07-07 01:32:32] [INFO ] GET /api/notifications/unread 304 30ms - ::1
[2026-07-07 01:33:02] [INFO ] GET /api/notifications/unread 304 16ms - ::1
[2026-07-07 01:33:32] [INFO ] GET /api/notifications/unread 304 23ms - ::1
[2026-07-07 01:34:02] [INFO ] GET /api/notifications/unread 304 26ms - ::1
[2026-07-07 01:34:32] [INFO ] GET /api/notifications/unread 304 24ms - ::1
[2026-07-07 01:35:02] [INFO ] GET /api/notifications/unread 304 25ms - ::1
[2026-07-07 01:35:32] [INFO ] GET /api/notifications/unread 304 31ms - ::1
[2026-07-07 01:36:02] [INFO ] GET /api/notifications/unread 304 26ms - ::1
[2026-07-07 01:36:32] [INFO ] GET /api/notifications/unread 304 30ms - ::1
[2026-07-07 01:37:02] [INFO ] GET /api/notifications/unread 304 12ms - ::1
[2026-07-07 01:37:32] [INFO ] GET /api/notifications/unread 304 28ms - ::1
[2026-07-07 01:38:02] [INFO ] GET /api/notifications/unread 304 18ms - ::1
[2026-07-07 01:38:32] [INFO ] GET /api/notifications/unread 304 30ms - ::1
[2026-07-07 01:39:02] [INFO ] GET /api/notifications/unread 304 14ms - ::1
[2026-07-07 01:39:32] [INFO ] GET /api/notifications/unread 304 29ms - ::1
[2026-07-07 01:40:02] [INFO ] GET /api/notifications/unread 304 16ms - ::1
[2026-07-07 01:40:32] [INFO ] GET /api/notifications/unread 304 30ms - ::1
[2026-07-07 01:41:02] [INFO ] GET /api/notifications/unread 304 25ms - ::1
[2026-07-07 01:41:32] [INFO ] GET /api/notifications/unread 304 14ms - ::1
[2026-07-07 01:42:02] [INFO ] GET /api/notifications/unread 304 15ms - ::1
[2026-07-07 01:42:32] [INFO ] GET /api/notifications/unread 304 30ms - ::1
[2026-07-07 01:43:02] [INFO ] GET /api/notifications/unread 304 11ms - ::1
[2026-07-07 01:43:32] [INFO ] GET /api/notifications/unread 304 21ms - ::1
[2026-07-07 01:44:02] [INFO ] GET /api/notifications/unread 304 20ms - ::1
[2026-07-07 01:44:32] [INFO ] GET /api/notifications/unread 304 14ms - ::1
[2026-07-07 01:45:02] [INFO ] GET /api/notifications/unread 304 11ms - ::1
[2026-07-07 01:45:32] [INFO ] GET /api/notifications/unread 304 28ms - ::1
[2026-07-07 01:46:02] [INFO ] GET /api/notifications/unread 304 19ms - ::1
[2026-07-07 01:46:32] [INFO ] GET /api/notifications/unread 304 25ms - ::1
[2026-07-07 01:47:02] [INFO ] GET /api/notifications/unread 304 27ms - ::1
[2026-07-07 01:47:32] [INFO ] GET /api/notifications/unread 304 29ms - ::1
[2026-07-07 01:48:02] [INFO ] GET /api/notifications/unread 304 24ms - ::1
[2026-07-07 01:48:32] [INFO ] GET /api/notifications/unread 304 29ms - ::1
[2026-07-07 01:49:02] [INFO ] GET /api/notifications/unread 304 15ms - ::1
[2026-07-07 01:49:32] [INFO ] GET /api/notifications/unread 304 26ms - ::1
[2026-07-07 01:50:02] [INFO ] GET /api/notifications/unread 304 21ms - ::1
[2026-07-07 01:50:32] [INFO ] GET /api/notifications/unread 304 31ms - ::1
[2026-07-07 01:51:02] [INFO ] GET /api/notifications/unread 304 13ms - ::1
[2026-07-07 01:51:32] [INFO ] GET /api/notifications/unread 304 15ms - ::1
[2026-07-07 01:52:02] [INFO ] GET /api/notifications/unread 304 26ms - ::1
[2026-07-07 01:52:32] [INFO ] GET /api/notifications/unread 304 30ms - ::1
[2026-07-07 01:53:02] [INFO ] GET /api/notifications/unread 304 15ms - ::1
[2026-07-07 01:53:32] [INFO ] GET /api/notifications/unread 304 23ms - ::1
[2026-07-07 01:54:02] [INFO ] GET /api/notifications/unread 304 14ms - ::1
[2026-07-07 01:54:32] [INFO ] GET /api/notifications/unread 304 29ms - ::1
[2026-07-07 01:55:02] [INFO ] GET /api/notifications/unread 304 18ms - ::1
[2026-07-07 01:55:32] [INFO ] GET /api/notifications/unread 304 29ms - ::1
[2026-07-07 01:56:02] [INFO ] GET /api/notifications/unread 304 23ms - ::1
[2026-07-07 01:56:32] [INFO ] GET /api/notifications/unread 304 31ms - ::1
[2026-07-07 01:57:02] [INFO ] GET /api/notifications/unread 304 20ms - ::1
[2026-07-07 01:57:32] [INFO ] GET /api/notifications/unread 304 28ms - ::1
[2026-07-07 01:58:02] [INFO ] GET /api/notifications/unread 304 14ms - ::1
[2026-07-07 01:58:32] [INFO ] GET /api/notifications/unread 304 30ms - ::1
[2026-07-07 01:59:02] [INFO ] GET /api/notifications/unread 304 25ms - ::1
[2026-07-07 01:59:32] [INFO ] GET /api/notifications/unread 304 20ms - ::1
[2026-07-07 02:00:02] [INFO ] GET /api/notifications/unread 304 14ms - ::1
[2026-07-07 02:00:32] [INFO ] GET /api/notifications/unread 304 25ms - ::1
[2026-07-07 02:01:02] [INFO ] GET /api/notifications/unread 304 14ms - ::1
[2026-07-07 02:01:32] [INFO ] GET /api/notifications/unread 304 25ms - ::1
[2026-07-07 02:02:02] [INFO ] GET /api/notifications/unread 304 18ms - ::1
[2026-07-07 02:02:32] [INFO ] GET /api/notifications/unread 304 27ms - ::1
[2026-07-07 02:03:02] [INFO ] GET /api/notifications/unread 304 14ms - ::1
[2026-07-07 02:03:32] [INFO ] GET /api/notifications/unread 304 31ms - ::1
[2026-07-07 02:04:02] [INFO ] GET /api/notifications/unread 304 25ms - ::1
[2026-07-07 02:04:32] [INFO ] GET /api/notifications/unread 304 23ms - ::1
[2026-07-07 02:05:02] [INFO ] GET /api/notifications/unread 304 19ms - ::1
[2026-07-07 02:05:32] [INFO ] GET /api/notifications/unread 304 27ms - ::1
[2026-07-07 02:06:02] [INFO ] GET /api/notifications/unread 304 13ms - ::1
[2026-07-07 02:06:32] [INFO ] GET /api/notifications/unread 304 20ms - ::1
[2026-07-07 02:07:02] [INFO ] GET /api/notifications/unread 304 25ms - ::1
[2026-07-07 02:07:32] [INFO ] GET /api/notifications/unread 304 29ms - ::1
[2026-07-07 02:08:02] [INFO ] GET /api/notifications/unread 304 14ms - ::1
[2026-07-07 02:08:32] [INFO ] GET /api/notifications/unread 304 18ms - ::1
[2026-07-07 02:09:02] [INFO ] GET /api/notifications/unread 304 13ms - ::1
[2026-07-07 02:09:32] [INFO ] GET /api/notifications/unread 304 15ms - ::1
[2026-07-07 02:10:02] [INFO ] GET /api/notifications/unread 304 15ms - ::1
[2026-07-07 02:10:32] [INFO ] GET /api/notifications/unread 304 26ms - ::1
[2026-07-07 02:11:02] [INFO ] GET /api/notifications/unread 304 15ms - ::1
[2026-07-07 02:11:32] [INFO ] GET /api/notifications/unread 304 29ms - ::1
[2026-07-07 02:12:02] [INFO ] GET /api/notifications/unread 304 26ms - ::1
[2026-07-07 02:12:32] [INFO ] GET /api/notifications/unread 304 24ms - ::1
[2026-07-07 02:13:02] [INFO ] GET /api/notifications/unread 304 27ms - ::1
[2026-07-07 02:13:32] [INFO ] GET /api/notifications/unread 304 32ms - ::1
[2026-07-07 02:14:02] [INFO ] GET /api/notifications/unread 304 27ms - ::1
[2026-07-07 02:14:32] [INFO ] GET /api/notifications/unread 304 32ms - ::1
[2026-07-07 02:15:02] [INFO ] GET /api/notifications/unread 304 18ms - ::1
[2026-07-07 02:15:32] [INFO ] GET /api/notifications/unread 304 27ms - ::1
[2026-07-07 02:16:02] [INFO ] GET /api/notifications/unread 304 19ms - ::1
[2026-07-07 02:16:32] [INFO ] GET /api/notifications/unread 304 21ms - ::1
[2026-07-07 02:17:02] [INFO ] GET /api/notifications/unread 304 33ms - ::1
[2026-07-07 02:17:32] [INFO ] GET /api/notifications/unread 304 31ms - ::1
[2026-07-07 02:18:02] [INFO ] GET /api/notifications/unread 304 21ms - ::1
[2026-07-07 02:18:32] [INFO ] GET /api/notifications/unread 304 20ms - ::1
[2026-07-07 02:19:02] [INFO ] GET /api/notifications/unread 304 18ms - ::1
[2026-07-07 02:19:32] [INFO ] GET /api/notifications/unread 304 31ms - ::1
[2026-07-07 02:20:02] [INFO ] GET /api/notifications/unread 304 27ms - ::1
[2026-07-07 02:20:32] [INFO ] GET /api/notifications/unread 304 37ms - ::1
[2026-07-07 02:21:02] [INFO ] GET /api/notifications/unread 304 26ms - ::1
[2026-07-07 02:21:32] [INFO ] GET /api/notifications/unread 304 23ms - ::1
[2026-07-07 02:22:02] [INFO ] GET /api/notifications/unread 304 12ms - ::1
[2026-07-07 02:22:32] [INFO ] GET /api/notifications/unread 304 31ms - ::1
[2026-07-07 02:23:02] [INFO ] GET /api/notifications/unread 304 27ms - ::1
[2026-07-07 02:23:32] [INFO ] GET /api/notifications/unread 304 30ms - ::1
[2026-07-07 02:24:02] [INFO ] GET /api/notifications/unread 304 23ms - ::1
[2026-07-07 02:24:32] [INFO ] GET /api/notifications/unread 304 31ms - ::1
[2026-07-07 02:25:02] [INFO ] GET /api/notifications/unread 304 25ms - ::1
[2026-07-07 02:25:32] [INFO ] GET /api/notifications/unread 304 30ms - ::1
[2026-07-07 02:26:02] [INFO ] GET /api/notifications/unread 304 29ms - ::1
[2026-07-07 02:26:32] [INFO ] GET /api/notifications/unread 304 31ms - ::1
[2026-07-07 02:27:02] [INFO ] GET /api/notifications/unread 304 27ms - ::1
[2026-07-07 02:27:32] [INFO ] GET /api/notifications/unread 304 21ms - ::1
[2026-07-07 02:28:02] [INFO ] GET /api/notifications/unread 304 23ms - ::1
[2026-07-07 02:28:32] [INFO ] GET /api/notifications/unread 304 31ms - ::1
[2026-07-07 02:29:02] [INFO ] GET /api/notifications/unread 304 25ms - ::1
[2026-07-07 02:29:32] [INFO ] GET /api/notifications/unread 304 15ms - ::1
[2026-07-07 02:30:02] [INFO ] GET /api/notifications/unread 304 25ms - ::1
[2026-07-07 02:30:32] [INFO ] GET /api/notifications/unread 304 30ms - ::1
[2026-07-07 02:31:02] [INFO ] GET /api/notifications/unread 304 17ms - ::1
[2026-07-07 02:31:32] [INFO ] GET /api/notifications/unread 304 23ms - ::1
[2026-07-07 02:32:02] [INFO ] GET /api/notifications/unread 304 18ms - ::1
[2026-07-07 02:32:32] [INFO ] GET /api/notifications/unread 304 33ms - ::1
[2026-07-07 02:33:02] [INFO ] GET /api/notifications/unread 304 26ms - ::1
[2026-07-07 02:33:32] [INFO ] GET /api/notifications/unread 304 27ms - ::1
[2026-07-07 02:34:02] [INFO ] GET /api/notifications/unread 304 26ms - ::1
[2026-07-07 02:34:32] [INFO ] GET /api/notifications/unread 304 15ms - ::1
[2026-07-07 02:35:02] [INFO ] GET /api/notifications/unread 304 13ms - ::1
[2026-07-07 02:35:32] [INFO ] GET /api/notifications/unread 304 28ms - ::1
[2026-07-07 02:36:02] [INFO ] GET /api/notifications/unread 304 26ms - ::1
[2026-07-07 02:36:32] [INFO ] GET /api/notifications/unread 304 29ms - ::1
[2026-07-07 02:37:02] [INFO ] GET /api/notifications/unread 304 17ms - ::1
[2026-07-07 02:37:32] [INFO ] GET /api/notifications/unread 304 29ms - ::1
[2026-07-07 02:38:02] [INFO ] GET /api/notifications/unread 304 39ms - ::1
[2026-07-07 02:38:32] [INFO ] GET /api/notifications/unread 304 22ms - ::1
[2026-07-07 02:39:02] [INFO ] GET /api/notifications/unread 304 25ms - ::1
[2026-07-07 02:39:32] [INFO ] GET /api/notifications/unread 304 12ms - ::1
[2026-07-07 02:40:02] [INFO ] GET /api/notifications/unread 304 26ms - ::1
[2026-07-07 02:40:32] [INFO ] GET /api/notifications/unread 304 29ms - ::1
[2026-07-07 02:41:02] [INFO ] GET /api/notifications/unread 304 25ms - ::1
[2026-07-07 02:41:32] [INFO ] GET /api/notifications/unread 304 29ms - ::1
[2026-07-07 02:42:02] [INFO ] GET /api/notifications/unread 304 15ms - ::1
[2026-07-07 02:42:32] [INFO ] GET /api/notifications/unread 304 27ms - ::1
[2026-07-07 02:43:02] [INFO ] GET /api/notifications/unread 304 26ms - ::1
[2026-07-07 02:43:32] [INFO ] GET /api/notifications/unread 304 15ms - ::1
[2026-07-07 02:44:02] [INFO ] GET /api/notifications/unread 304 25ms - ::1
[2026-07-07 02:44:32] [INFO ] GET /api/notifications/unread 304 28ms - ::1
[2026-07-07 02:45:02] [INFO ] GET /api/notifications/unread 304 25ms - ::1
[2026-07-07 02:45:32] [INFO ] GET /api/notifications/unread 304 16ms - ::1
[2026-07-07 02:46:02] [INFO ] GET /api/notifications/unread 304 18ms - ::1
[2026-07-07 02:46:32] [INFO ] GET /api/notifications/unread 304 30ms - ::1
[2026-07-07 02:47:02] [INFO ] GET /api/notifications/unread 304 21ms - ::1
[2026-07-07 02:47:32] [INFO ] GET /api/notifications/unread 304 26ms - ::1
[2026-07-07 02:48:02] [INFO ] GET /api/notifications/unread 304 26ms - ::1
[2026-07-07 02:48:32] [INFO ] GET /api/notifications/unread 304 21ms - ::1
[2026-07-07 02:49:02] [INFO ] GET /api/notifications/unread 304 22ms - ::1
[2026-07-07 02:49:32] [INFO ] GET /api/notifications/unread 304 28ms - ::1
[2026-07-07 02:50:02] [INFO ] GET /api/notifications/unread 304 25ms - ::1
[2026-07-07 02:50:32] [INFO ] GET /api/notifications/unread 304 31ms - ::1
[2026-07-07 02:51:02] [INFO ] GET /api/notifications/unread 304 15ms - ::1
[2026-07-07 02:51:32] [INFO ] GET /api/notifications/unread 304 28ms - ::1
[2026-07-07 02:52:02] [INFO ] GET /api/notifications/unread 304 13ms - ::1
[2026-07-07 02:52:32] [INFO ] GET /api/notifications/unread 304 30ms - ::1
[2026-07-07 02:53:02] [INFO ] GET /api/notifications/unread 304 18ms - ::1
[2026-07-07 02:53:32] [INFO ] GET /api/notifications/unread 304 28ms - ::1
[2026-07-07 02:54:02] [INFO ] GET /api/notifications/unread 304 13ms - ::1
[2026-07-07 02:54:32] [INFO ] GET /api/notifications/unread 304 25ms - ::1
[2026-07-07 02:55:02] [INFO ] GET /api/notifications/unread 304 24ms - ::1
[2026-07-07 02:55:32] [INFO ] GET /api/notifications/unread 304 26ms - ::1
[2026-07-07 02:56:02] [INFO ] GET /api/notifications/unread 304 26ms - ::1
[2026-07-07 02:56:32] [INFO ] GET /api/notifications/unread 304 17ms - ::1
[2026-07-07 02:57:02] [INFO ] GET /api/notifications/unread 304 25ms - ::1
[2026-07-07 02:57:32] [INFO ] GET /api/notifications/unread 304 29ms - ::1
[2026-07-07 02:58:02] [INFO ] GET /api/notifications/unread 304 19ms - ::1
[2026-07-07 02:58:32] [INFO ] GET /api/notifications/unread 304 14ms - ::1
[2026-07-07 02:59:02] [INFO ] GET /api/notifications/unread 304 13ms - ::1
[2026-07-07 02:59:32] [INFO ] GET /api/notifications/unread 304 24ms - ::1
[2026-07-07 03:00:02] [INFO ] GET /api/notifications/unread 304 25ms - ::1
[2026-07-07 03:00:32] [INFO ] GET /api/notifications/unread 304 16ms - ::1
[2026-07-07 03:01:02] [INFO ] GET /api/notifications/unread 304 25ms - ::1
[2026-07-07 03:01:32] [INFO ] GET /api/notifications/unread 304 21ms - ::1
[2026-07-07 03:02:02] [INFO ] GET /api/notifications/unread 304 18ms - ::1
[2026-07-07 03:02:32] [INFO ] GET /api/notifications/unread 304 29ms - ::1
[2026-07-07 03:03:02] [INFO ] GET /api/notifications/unread 304 23ms - ::1
[2026-07-07 03:03:32] [INFO ] GET /api/notifications/unread 304 20ms - ::1
[2026-07-07 03:04:02] [INFO ] GET /api/notifications/unread 304 26ms - ::1
[2026-07-07 03:04:32] [INFO ] GET /api/notifications/unread 304 29ms - ::1
[2026-07-07 03:05:02] [INFO ] GET /api/notifications/unread 304 27ms - ::1
[2026-07-07 03:05:32] [INFO ] GET /api/notifications/unread 304 14ms - ::1
[2026-07-07 03:06:02] [INFO ] GET /api/notifications/unread 304 13ms - ::1
[2026-07-07 03:06:32] [INFO ] GET /api/notifications/unread 304 28ms - ::1
[2026-07-07 03:07:02] [INFO ] GET /api/notifications/unread 304 19ms - ::1
[2026-07-07 03:07:32] [INFO ] GET /api/notifications/unread 304 28ms - ::1
[2026-07-07 03:08:02] [INFO ] GET /api/notifications/unread 304 25ms - ::1
[2026-07-07 03:08:32] [INFO ] GET /api/notifications/unread 304 18ms - ::1
[2026-07-07 03:09:02] [INFO ] GET /api/notifications/unread 304 24ms - ::1
[2026-07-07 03:09:32] [INFO ] GET /api/notifications/unread 304 28ms - ::1
[2026-07-07 03:10:02] [INFO ] GET /api/notifications/unread 304 24ms - ::1
[2026-07-07 03:10:32] [INFO ] GET /api/notifications/unread 304 17ms - ::1
[2026-07-07 03:11:02] [INFO ] GET /api/notifications/unread 304 27ms - ::1
[2026-07-07 03:11:32] [INFO ] GET /api/notifications/unread 304 30ms - ::1
[2026-07-07 03:12:02] [INFO ] GET /api/notifications/unread 304 13ms - ::1
[2026-07-07 03:12:32] [INFO ] GET /api/notifications/unread 304 29ms - ::1
[2026-07-07 03:13:02] [INFO ] GET /api/notifications/unread 304 16ms - ::1
[2026-07-07 03:13:32] [INFO ] GET /api/notifications/unread 304 22ms - ::1
[2026-07-07 03:14:02] [INFO ] GET /api/notifications/unread 304 19ms - ::1
[2026-07-07 03:14:32] [INFO ] GET /api/notifications/unread 304 14ms - ::1
[2026-07-07 03:15:02] [INFO ] GET /api/notifications/unread 304 25ms - ::1
[2026-07-07 03:15:32] [INFO ] GET /api/notifications/unread 304 30ms - ::1
[2026-07-07 03:16:02] [INFO ] GET /api/notifications/unread 304 19ms - ::1
[2026-07-07 03:16:32] [INFO ] GET /api/notifications/unread 304 19ms - ::1
[2026-07-07 03:17:02] [INFO ] GET /api/notifications/unread 304 18ms - ::1
[2026-07-07 03:17:32] [INFO ] GET /api/notifications/unread 304 30ms - ::1
[2026-07-07 03:18:02] [INFO ] GET /api/notifications/unread 304 24ms - ::1
[2026-07-07 03:18:32] [INFO ] GET /api/notifications/unread 304 29ms - ::1
[2026-07-07 03:19:02] [INFO ] GET /api/notifications/unread 304 27ms - ::1
[2026-07-07 03:19:32] [INFO ] GET /api/notifications/unread 304 22ms - ::1
[2026-07-07 03:20:02] [INFO ] GET /api/notifications/unread 304 14ms - ::1
[2026-07-07 03:20:32] [INFO ] GET /api/notifications/unread 304 29ms - ::1
[2026-07-07 03:21:02] [INFO ] GET /api/notifications/unread 304 19ms - ::1
[2026-07-07 03:21:32] [INFO ] GET /api/notifications/unread 304 17ms - ::1
[2026-07-07 03:22:02] [INFO ] GET /api/notifications/unread 304 26ms - ::1
[2026-07-07 03:22:32] [INFO ] GET /api/notifications/unread 304 26ms - ::1
[2026-07-07 03:23:02] [INFO ] GET /api/notifications/unread 304 25ms - ::1
[2026-07-07 03:23:32] [INFO ] GET /api/notifications/unread 304 22ms - ::1
[2026-07-07 03:24:02] [INFO ] GET /api/notifications/unread 304 30ms - ::1
[2026-07-07 03:24:32] [INFO ] GET /api/notifications/unread 304 30ms - ::1
[2026-07-07 03:25:02] [INFO ] GET /api/notifications/unread 304 15ms - ::1
[2026-07-07 03:25:32] [INFO ] GET /api/notifications/unread 304 15ms - ::1
[2026-07-07 03:26:02] [INFO ] GET /api/notifications/unread 304 26ms - ::1
[2026-07-07 03:26:32] [INFO ] GET /api/notifications/unread 304 27ms - ::1
[2026-07-07 03:27:02] [INFO ] GET /api/notifications/unread 304 21ms - ::1
[2026-07-07 03:27:32] [INFO ] GET /api/notifications/unread 304 29ms - ::1
[2026-07-07 03:28:02] [INFO ] GET /api/notifications/unread 304 24ms - ::1
[2026-07-07 03:28:32] [INFO ] GET /api/notifications/unread 304 27ms - ::1
[2026-07-07 03:29:02] [INFO ] GET /api/notifications/unread 304 12ms - ::1
[2026-07-07 03:29:32] [INFO ] GET /api/notifications/unread 304 23ms - ::1
[2026-07-07 03:30:02] [INFO ] GET /api/notifications/unread 304 25ms - ::1
[2026-07-07 03:30:32] [INFO ] GET /api/notifications/unread 304 24ms - ::1
[2026-07-07 03:31:02] [INFO ] GET /api/notifications/unread 304 25ms - ::1
[2026-07-07 03:31:32] [INFO ] GET /api/notifications/unread 304 21ms - ::1
[2026-07-07 03:32:02] [INFO ] GET /api/notifications/unread 304 18ms - ::1
[2026-07-07 03:32:32] [INFO ] GET /api/notifications/unread 304 29ms - ::1
[2026-07-07 03:33:02] [INFO ] GET /api/notifications/unread 304 25ms - ::1
[2026-07-07 03:33:32] [INFO ] GET /api/notifications/unread 304 15ms - ::1
[2026-07-07 03:34:02] [INFO ] GET /api/notifications/unread 304 17ms - ::1
[2026-07-07 03:34:32] [INFO ] GET /api/notifications/unread 304 27ms - ::1
[2026-07-07 03:35:02] [INFO ] GET /api/notifications/unread 304 24ms - ::1
[2026-07-07 03:35:32] [INFO ] GET /api/notifications/unread 304 32ms - ::1
[2026-07-07 03:36:02] [INFO ] GET /api/notifications/unread 304 12ms - ::1
[2026-07-07 03:36:32] [INFO ] GET /api/notifications/unread 304 28ms - ::1
[2026-07-07 03:37:02] [INFO ] GET /api/notifications/unread 304 27ms - ::1
[2026-07-07 03:37:32] [INFO ] GET /api/notifications/unread 304 19ms - ::1
[2026-07-07 03:38:02] [INFO ] GET /api/notifications/unread 304 26ms - ::1
[2026-07-07 03:38:32] [INFO ] GET /api/notifications/unread 304 29ms - ::1
[2026-07-07 03:39:02] [INFO ] GET /api/notifications/unread 304 16ms - ::1
[2026-07-07 03:39:32] [INFO ] GET /api/notifications/unread 304 29ms - ::1
[2026-07-07 03:40:02] [INFO ] GET /api/notifications/unread 304 19ms - ::1
[2026-07-07 03:40:32] [INFO ] GET /api/notifications/unread 304 14ms - ::1
[2026-07-07 03:41:02] [INFO ] GET /api/notifications/unread 304 18ms - ::1
[2026-07-07 03:41:32] [INFO ] GET /api/notifications/unread 304 16ms - ::1
[2026-07-07 03:42:02] [INFO ] GET /api/notifications/unread 304 24ms - ::1
[2026-07-07 03:42:32] [INFO ] GET /api/notifications/unread 304 14ms - ::1
[2026-07-07 03:43:02] [INFO ] GET /api/notifications/unread 304 25ms - ::1
[2026-07-07 03:43:32] [INFO ] GET /api/notifications/unread 304 29ms - ::1
[2026-07-07 03:44:02] [INFO ] GET /api/notifications/unread 304 21ms - ::1
[2026-07-07 03:44:32] [INFO ] GET /api/notifications/unread 304 18ms - ::1
[2026-07-07 03:45:02] [INFO ] GET /api/notifications/unread 304 18ms - ::1
[2026-07-07 03:45:32] [INFO ] GET /api/notifications/unread 304 27ms - ::1
[2026-07-07 03:46:02] [INFO ] GET /api/notifications/unread 304 24ms - ::1
[2026-07-07 03:46:32] [INFO ] GET /api/notifications/unread 304 22ms - ::1
[2026-07-07 03:47:02] [INFO ] GET /api/notifications/unread 304 17ms - ::1
[2026-07-07 03:47:27] [INFO ] GET /api/spare-parts?page=1&pageSize=20 304 16ms - ::1
[2026-07-07 03:47:29] [INFO ] GET /api/spare-parts?lowStock=true&page=1&pageSize=20 200 15ms - ::1
[2026-07-07 03:47:30] [INFO ] GET /api/spare-parts?page=1&pageSize=20 304 1ms - ::1
[2026-07-07 03:47:32] [INFO ] GET /api/equipments?pageSize=999 304 15ms - ::1
[2026-07-07 03:47:32] [INFO ] GET /api/notifications/unread 304 1ms - ::1
[2026-07-07 03:47:42] [INFO ] GET /api/spare-parts?page=1&pageSize=20 304 14ms - ::1
[2026-07-07 03:48:02] [INFO ] GET /api/notifications/unread 304 9ms - ::1
[2026-07-07 03:48:32] [INFO ] GET /api/notifications/unread 304 11ms - ::1
[2026-07-07 03:49:02] [INFO ] GET /api/notifications/unread 304 11ms - ::1
[2026-07-07 03:49:32] [INFO ] GET /api/notifications/unread 304 13ms - ::1
[2026-07-07 03:50:02] [INFO ] GET /api/notifications/unread 304 12ms - ::1
[2026-07-07 03:50:32] [INFO ] GET /api/notifications/unread 304 12ms - ::1
[2026-07-07 03:51:02] [INFO ] GET /api/notifications/unread 304 12ms - ::1
[2026-07-07 03:51:32] [INFO ] GET /api/notifications/unread 304 14ms - ::1
[2026-07-07 03:52:02] [INFO ] GET /api/notifications/unread 304 17ms - ::1
[2026-07-07 03:52:32] [INFO ] GET /api/notifications/unread 304 9ms - ::1
[2026-07-07 04:02:47] [INFO ] 数据备份完成: eqdm_2026-07-07_12-02-47.json
[2026-07-07 04:02:47] [INFO ] ========================================
[2026-07-07 04:02:47] [INFO ]   设备台账与运维管理系统 - 后端服务
[2026-07-07 04:02:47] [INFO ] ========================================
[2026-07-07 04:02:47] [INFO ]   服务地址: http://localhost:3000
[2026-07-07 04:02:47] [INFO ]   API 前缀: /api
[2026-07-07 04:02:47] [INFO ]   健康检查: http://localhost:3000/api/health
[2026-07-07 04:02:47] [INFO ]   数据文件: ./data/eqdm.json
[2026-07-07 04:02:47] [INFO ]   运行环境: production
[2026-07-07 04:02:47] [INFO ] ========================================
[2026-07-07 04:02:47] [INFO ]   默认账号:
[2026-07-07 04:02:47] [INFO ]     管理员: admin / admin123
[2026-07-07 04:02:47] [INFO ]     部门经理: manager / manager123
[2026-07-07 04:02:47] [INFO ]     员工共享: sa / 123456
[2026-07-07 04:02:47] [INFO ] ========================================
[2026-07-07 04:20:05] [INFO ] 数据备份完成: eqdm_2026-07-07_12-20-05.json
[2026-07-07 04:20:05] [INFO ] ========================================
[2026-07-07 04:20:05] [INFO ]   设备台账与运维管理系统 - 后端服务
[2026-07-07 04:20:05] [INFO ] ========================================
[2026-07-07 04:20:05] [INFO ]   服务地址: http://localhost:3000
[2026-07-07 04:20:05] [INFO ]   API 前缀: /api
[2026-07-07 04:20:05] [INFO ]   健康检查: http://localhost:3000/api/health
[2026-07-07 04:20:05] [INFO ]   数据文件: ./data/eqdm.json
[2026-07-07 04:20:05] [INFO ]   运行环境: production
[2026-07-07 04:20:05] [INFO ] ========================================
[2026-07-07 04:20:05] [INFO ]   默认账号:
[2026-07-07 04:20:05] [INFO ]     管理员: admin / admin123
[2026-07-07 04:20:05] [INFO ]     部门经理: manager / manager123
[2026-07-07 04:20:05] [INFO ]     员工共享: sa / 123456
[2026-07-07 04:20:05] [INFO ] ========================================
[2026-07-07 05:10:25] [INFO ] 数据备份完成: eqdm_2026-07-07_13-10-25.json
[2026-07-07 05:10:25] [INFO ] ========================================
[2026-07-07 05:10:25] [INFO ]   设备台账与运维管理系统 - 后端服务
[2026-07-07 05:10:25] [INFO ] ========================================
[2026-07-07 05:10:25] [INFO ]   服务地址: http://localhost:3000
[2026-07-07 05:10:25] [INFO ]   API 前缀: /api
[2026-07-07 05:10:25] [INFO ]   健康检查: http://localhost:3000/api/health
[2026-07-07 05:10:25] [INFO ]   数据文件: ./data/eqdm.json
[2026-07-07 05:10:25] [INFO ]   运行环境: production
[2026-07-07 05:10:25] [INFO ] ========================================
[2026-07-07 05:10:25] [INFO ]   默认账号:
[2026-07-07 05:10:25] [INFO ]     管理员: admin / admin123
[2026-07-07 05:10:25] [INFO ]     部门经理: manager / manager123
[2026-07-07 05:10:25] [INFO ]     员工共享: sa / 123456
[2026-07-07 05:10:25] [INFO ] ========================================
[2026-07-07 06:21:57] [INFO ] 数据备份完成: eqdm_2026-07-07_14-21-57.json
[2026-07-07 06:21:57] [INFO ] ========================================
[2026-07-07 06:21:57] [INFO ]   设备台账与运维管理系统 - 后端服务
[2026-07-07 06:21:57] [INFO ] ========================================
[2026-07-07 06:21:57] [INFO ]   服务地址: http://localhost:3000
[2026-07-07 06:21:57] [INFO ]   API 前缀: /api
[2026-07-07 06:21:57] [INFO ]   健康检查: http://localhost:3000/api/health
[2026-07-07 06:21:57] [INFO ]   数据文件: ./data/eqdm.json
[2026-07-07 06:21:57] [INFO ]   运行环境: production
[2026-07-07 06:21:57] [INFO ] ========================================
[2026-07-07 06:21:57] [INFO ]   默认账号:
[2026-07-07 06:21:57] [INFO ]     管理员: admin / admin123
[2026-07-07 06:21:57] [INFO ]     部门经理: manager / manager123
[2026-07-07 06:21:57] [INFO ]     员工共享: sa / 123456
[2026-07-07 06:21:57] [INFO ] ========================================
[2026-07-07 06:28:28] [INFO ] 数据备份完成: eqdm_2026-07-07_14-28-28.json
[2026-07-07 06:28:28] [INFO ] ========================================
[2026-07-07 06:28:28] [INFO ]   设备台账与运维管理系统 - 后端服务
[2026-07-07 06:28:28] [INFO ] ========================================
[2026-07-07 06:28:28] [INFO ]   服务地址: http://localhost:3000
[2026-07-07 06:28:28] [INFO ]   API 前缀: /api
[2026-07-07 06:28:28] [INFO ]   健康检查: http://localhost:3000/api/health
[2026-07-07 06:28:28] [INFO ]   数据文件: ./data/eqdm.json
[2026-07-07 06:28:28] [INFO ]   运行环境: production
[2026-07-07 06:28:28] [INFO ] ========================================
[2026-07-07 06:28:28] [INFO ]   默认账号:
[2026-07-07 06:28:28] [INFO ]     管理员: admin / admin123
[2026-07-07 06:28:28] [INFO ]     部门经理: manager / manager123
[2026-07-07 06:28:28] [INFO ]     员工共享: sa / 123456
[2026-07-07 06:28:28] [INFO ] ========================================
[2026-07-07 12:52:41] [INFO ] 数据备份完成: eqdm_2026-07-07_20-52-41.json
[2026-07-07 12:52:41] [INFO ] ========================================
[2026-07-07 12:52:41] [INFO ]   设备台账与运维管理系统 - 后端服务
[2026-07-07 12:52:41] [INFO ] ========================================
[2026-07-07 12:52:41] [INFO ]   服务地址: http://localhost:3000
[2026-07-07 12:52:41] [INFO ]   API 前缀: /api
[2026-07-07 12:52:41] [INFO ]   健康检查: http://localhost:3000/api/health
[2026-07-07 12:52:41] [INFO ]   数据文件: ./data/eqdm.json
[2026-07-07 12:52:41] [INFO ]   运行环境: production
[2026-07-07 12:52:41] [INFO ] ========================================
[2026-07-07 12:52:41] [INFO ]   默认账号:
[2026-07-07 12:52:41] [INFO ]     管理员: admin / admin123
[2026-07-07 12:52:41] [INFO ]     部门经理: manager / manager123
[2026-07-07 12:52:41] [INFO ]     员工共享: sa / 123456
[2026-07-07 12:52:41] [INFO ] ========================================
[2026-07-07 12:53:04] [INFO ] GET /api/notifications/unread 200 28ms - ::1
[2026-07-07 12:53:04] [INFO ] GET /api/records?page=1&pageSize=10 200 20ms - ::1
[2026-07-07 12:53:04] [INFO ] GET /api/maintenance-plans/upcoming?days=7 200 2ms - ::1
[2026-07-07 12:53:04] [INFO ] GET /api/statistics/dashboard 200 1ms - ::1
[2026-07-07 12:53:04] [INFO ] GET /api/announcements/active 200 1ms - ::1
[2026-07-07 12:53:09] [INFO ] GET /api/equipments?page=1&pageSize=10&keyword= 200 27ms - ::1
[2026-07-07 12:53:09] [INFO ] POST /api/attachments/equipment/batch 200 3ms - ::1
[2026-07-07 12:53:11] [INFO ] GET /uploads/equipment/emqwcj0udcd92/mr31ed4yoahc.pdf 200 6ms - ::1
[2026-07-07 12:53:20] [INFO ] GET /uploads/equipment/emqwcj0udcd92/mr31ed4yoahc.pdf 304 1ms - ::1
[2026-07-07 12:53:28] [INFO ] GET /uploads/equipment/emqwcj0udcd92/mr31ed4yoahc.pdf 304 0ms - ::1
