[2026-07-01 01:20:41] [INFO ] ========================================
[2026-07-01 01:20:41] [INFO ]   设备台账与运维管理系统 - 后端服务
[2026-07-01 01:20:41] [INFO ] ========================================
[2026-07-01 01:20:41] [INFO ]   服务地址: http://localhost:3000
[2026-07-01 01:20:41] [INFO ]   API 前缀: /api
[2026-07-01 01:20:41] [INFO ]   健康检查: http://localhost:3000/api/health
[2026-07-01 01:20:41] [INFO ]   数据文件: ./data/eqdm.json
[2026-07-01 01:20:41] [INFO ]   运行环境: production
[2026-07-01 01:20:41] [INFO ] ========================================
[2026-07-01 01:20:41] [INFO ]   默认账号:
[2026-07-01 01:20:41] [INFO ]     管理员: admin / admin123
[2026-07-01 01:20:41] [INFO ]     部门经理: manager / manager123
[2026-07-01 01:20:41] [INFO ]     员工共享: sa / 123456
[2026-07-01 01:20:41] [INFO ] ========================================
[2026-07-01 01:20:55] [WARN ] GET /api/notifications/unread 401 7ms - ::1
[2026-07-01 01:53:11] [INFO ] GET /statisticss 200 14ms - ::1
[2026-07-01 01:53:11] [INFO ] GET /assets/index-X1NEY4gZ.css 200 9ms - ::1
[2026-07-01 01:53:11] [INFO ] GET /assets/index-t7N5O1ot.js 200 17ms - ::1
[2026-07-01 01:53:12] [INFO ] GET /assets/index-BXSV598w.js 200 3ms - ::1
[2026-07-01 01:53:12] [INFO ] GET /assets/index-XOYqVXwi.js 200 7ms - ::1
[2026-07-01 01:53:12] [INFO ] GET /assets/maintenance-C8scCdS3.js 200 9ms - ::1
[2026-07-01 01:53:12] [INFO ] GET /assets/record-BJPVHR0F.js 200 11ms - ::1
[2026-07-01 01:53:12] [INFO ] GET /assets/statistics-TbFlYZJ8.js 200 12ms - ::1
[2026-07-01 01:53:12] [INFO ] GET /api/records?page=1&pageSize=10 200 25ms - ::1
[2026-07-01 01:53:12] [INFO ] GET /api/maintenance-plans/upcoming?days=7 200 1ms - ::1
[2026-07-01 01:53:12] [INFO ] GET /api/statistics/dashboard 200 1ms - ::1
[2026-07-01 01:53:12] [INFO ] GET /favicon.svg 200 2ms - ::1
[2026-07-01 01:53:12] [INFO ] GET /favicon.svg 304 1ms - ::1
[2026-07-01 01:53:17] [INFO ] GET /assets/list-Cx5UzeU1.css 200 5ms - ::1
[2026-07-01 01:53:17] [INFO ] GET /assets/list-CQvHMLnT.js 200 6ms - ::1
[2026-07-01 01:53:17] [INFO ] GET /api/records?page=1&pageSize=10 304 3ms - ::1
[2026-07-01 01:53:33] [INFO ] GET /record 200 2ms - ::1
[2026-07-01 01:53:33] [INFO ] GET /assets/index-X1NEY4gZ.css 200 42ms - ::1
[2026-07-01 01:53:33] [INFO ] GET /assets/index-t7N5O1ot.js 200 51ms - ::1
[2026-07-01 01:53:33] [INFO ] GET /assets/index-BXSV598w.js 200 3ms - ::1
[2026-07-01 01:53:33] [INFO ] GET /assets/list-CQvHMLnT.js 200 6ms - ::1
[2026-07-01 01:53:33] [INFO ] GET /assets/list-Cx5UzeU1.css 200 5ms - ::1
[2026-07-01 01:53:33] [INFO ] GET /assets/record-BJPVHR0F.js 200 7ms - ::1
[2026-07-01 01:53:34] [INFO ] GET /api/records?page=1&pageSize=10 200 4ms - ::1
[2026-07-01 01:53:40] [INFO ] GET /assets/index-vQTCrVtx.js 200 11ms - ::1
[2026-07-01 01:53:43] [INFO ] POST /api/auth/login 200 123ms - ::1
[2026-07-01 01:53:43] [INFO ] GET /assets/maintenance-C8scCdS3.js 200 2ms - ::1
[2026-07-01 01:53:43] [INFO ] GET /assets/statistics-TbFlYZJ8.js 200 3ms - ::1
[2026-07-01 01:53:43] [INFO ] GET /assets/index-XOYqVXwi.js 200 5ms - ::1
[2026-07-01 01:53:43] [INFO ] GET /api/records?page=1&pageSize=10&createdBy=u006 200 4ms - ::1
[2026-07-01 01:53:43] [INFO ] GET /api/maintenance-plans/upcoming?days=7 200 1ms - ::1
[2026-07-01 01:53:43] [INFO ] GET /api/statistics/dashboard 200 1ms - ::1
[2026-07-01 01:53:45] [INFO ] GET /api/records?page=1&pageSize=10 304 4ms - ::1
[2026-07-01 01:53:45] [INFO ] GET /api/maintenance-plans/upcoming?days=7 304 1ms - ::1
[2026-07-01 01:53:45] [INFO ] GET /api/statistics/dashboard 304 1ms - ::1
[2026-07-01 01:53:50] [INFO ] GET /assets/form-DXyB8sJ_.js 200 3ms - ::1
[2026-07-01 01:53:50] [INFO ] GET /assets/form-DkfINcVJ.css 200 3ms - ::1
[2026-07-01 01:53:50] [INFO ] GET /assets/equipment-D1YHrBVl.js 200 5ms - ::1
[2026-07-01 01:53:50] [INFO ] GET /assets/recordTemplates-xo0Azx7r.js 200 7ms - ::1
[2026-07-01 01:53:50] [INFO ] GET /api/equipments?pageSize=999 200 6ms - ::1
[2026-07-01 01:56:53] [WARN ] GET /api/notifications/unread 401 1ms - ::1
[2026-07-01 02:53:53] [INFO ] GET /api/notifications/unread 200 42ms - ::1
[2026-07-01 02:53:53] [INFO ] GET /api/records?page=1&pageSize=10 200 7ms - ::1
[2026-07-01 02:53:53] [INFO ] GET /api/maintenance-plans/upcoming?days=7 200 2ms - ::1
[2026-07-01 02:53:53] [INFO ] GET /api/statistics/dashboard 200 1ms - ::1
[2026-07-01 02:54:02] [WARN ] GET /api/notifications/unread 401 1ms - ::1
[2026-07-01 02:54:14] [INFO ] POST /api/auth/login 200 100ms - ::1
[2026-07-01 02:54:14] [INFO ] GET /api/notifications/unread 200 2ms - ::1
[2026-07-01 02:54:14] [INFO ] GET /api/records?page=1&pageSize=10&createdBy=u006 200 1ms - ::1
[2026-07-01 02:54:14] [INFO ] GET /api/maintenance-plans/upcoming?days=7 200 1ms - ::1
[2026-07-01 02:54:15] [INFO ] GET /api/statistics/dashboard 200 6ms - ::1
[2026-07-01 02:54:19] [INFO ] GET /api/equipments?pageSize=999 200 7ms - ::1
[2026-07-01 02:54:22] [INFO ] GET /api/records?equipmentId=emqwcj0ummo9e&page=1&pageSize=1 200 6ms - ::1
[2026-07-01 02:54:23] [INFO ] GET /api/notifications/unread 304 4ms - ::1
[2026-07-01 02:54:35] [INFO ] POST /api/records 200 244ms - ::1
[2026-07-01 02:54:36] [INFO ] GET /api/records?page=1&pageSize=10&createdBy=u006 200 5ms - ::1
[2026-07-01 02:54:42] [INFO ] GET /api/notifications/unread 200 4ms - ::1
[2026-07-01 02:54:42] [INFO ] GET /api/records?page=1&pageSize=10 200 3ms - ::1
[2026-07-01 02:54:42] [INFO ] GET /api/maintenance-plans/upcoming?days=7 304 1ms - ::1
[2026-07-01 02:54:42] [INFO ] GET /api/statistics/dashboard 200 1ms - ::1
[2026-07-01 02:54:44] [INFO ] GET /api/notifications/unread 200 3ms - ::1
[2026-07-01 02:54:48] [INFO ] PUT /api/notifications/nmr1hfhx0r0qr/read 200 47ms - ::1
[2026-07-01 02:54:48] [INFO ] GET /api/records/rmr1hfhsfokvu 200 0ms - ::1
[2026-07-01 02:54:49] [INFO ] GET /api/records?page=1&pageSize=10 304 4ms - ::1
[2026-07-01 02:54:50] [INFO ] GET /api/maintenance-plans/upcoming?days=7 304 13ms - ::1
[2026-07-01 02:54:50] [INFO ] GET /api/statistics/dashboard 304 0ms - ::1
[2026-07-01 02:54:52] [INFO ] PUT /api/notifications/nmr1hfhx0r0qr/read 200 37ms - ::1
[2026-07-01 02:54:52] [INFO ] GET /api/records/rmr1hfhsfokvu 200 4ms - ::1
[2026-07-01 02:54:54] [INFO ] GET /api/records?page=1&pageSize=10&createdBy=u006 304 3ms - ::1
[2026-07-01 02:55:12] [INFO ] GET /api/notifications/unread 200 2ms - ::1
[2026-07-01 02:55:15] [INFO ] GET /api/notifications/unread 200 2ms - ::1
[2026-07-01 02:55:42] [INFO ] GET /api/notifications/unread 304 3ms - ::1
[2026-07-01 02:55:44] [INFO ] GET /api/notifications/unread 304 2ms - ::1
[2026-07-01 02:56:36] [INFO ] GET /api/notifications/unread 200 4ms - ::1
[2026-07-01 02:56:36] [INFO ] GET /api/records?page=1&pageSize=10 200 3ms - ::1
[2026-07-01 02:56:36] [INFO ] GET /api/maintenance-plans/upcoming?days=7 200 1ms - ::1
[2026-07-01 02:56:36] [INFO ] GET /api/statistics/dashboard 200 0ms - ::1
[2026-07-01 02:56:41] [INFO ] GET /api/notifications/unread 304 4ms - ::1
[2026-07-01 02:56:41] [INFO ] GET /api/records?page=1&pageSize=10&createdBy=u006 304 1ms - ::1
[2026-07-01 02:56:41] [INFO ] GET /api/maintenance-plans/upcoming?days=7 304 1ms - ::1
[2026-07-01 02:56:41] [INFO ] GET /api/statistics/dashboard 200 3ms - ::1
[2026-07-01 02:57:06] [INFO ] GET /api/notifications/unread 304 4ms - ::1
[2026-07-01 02:57:11] [INFO ] GET /api/notifications/unread 304 2ms - ::1
[2026-07-01 02:57:36] [INFO ] GET /api/notifications/unread 304 6ms - ::1
[2026-07-01 02:57:41] [INFO ] GET /api/notifications/unread 304 3ms - ::1
[2026-07-01 02:58:06] [INFO ] GET /api/notifications/unread 304 4ms - ::1
[2026-07-01 02:58:11] [INFO ] GET /api/notifications/unread 304 3ms - ::1
[2026-07-01 02:58:36] [INFO ] GET /api/notifications/unread 304 2ms - ::1
[2026-07-01 02:58:41] [INFO ] GET /api/notifications/unread 304 4ms - ::1
[2026-07-01 02:59:06] [INFO ] GET /api/notifications/unread 304 3ms - ::1
[2026-07-01 02:59:11] [INFO ] GET /api/notifications/unread 304 2ms - ::1
[2026-07-01 02:59:36] [INFO ] GET /api/notifications/unread 304 4ms - ::1
[2026-07-01 02:59:41] [INFO ] GET /api/notifications/unread 304 5ms - ::1
[2026-07-01 03:00:06] [INFO ] GET /api/notifications/unread 304 11ms - ::1
[2026-07-01 03:00:11] [INFO ] GET /api/notifications/unread 304 5ms - ::1
[2026-07-01 03:00:36] [INFO ] GET /api/notifications/unread 304 3ms - ::1
[2026-07-01 03:00:41] [INFO ] GET /api/notifications/unread 304 8ms - ::1
[2026-07-01 03:01:06] [INFO ] GET /api/notifications/unread 304 6ms - ::1
[2026-07-01 03:01:11] [INFO ] GET /api/notifications/unread 304 6ms - ::1
[2026-07-01 03:01:36] [INFO ] GET /api/notifications/unread 304 4ms - ::1
[2026-07-01 03:01:41] [INFO ] GET /api/notifications/unread 304 2ms - ::1
[2026-07-01 03:02:06] [INFO ] GET /api/notifications/unread 304 2ms - ::1
[2026-07-01 03:02:11] [INFO ] GET /api/notifications/unread 304 3ms - ::1
[2026-07-01 03:02:36] [INFO ] GET /api/notifications/unread 304 3ms - ::1
[2026-07-01 03:02:41] [INFO ] GET /api/notifications/unread 304 2ms - ::1
[2026-07-01 03:03:06] [INFO ] GET /api/notifications/unread 304 2ms - ::1
[2026-07-01 03:03:11] [INFO ] GET /api/notifications/unread 304 3ms - ::1
[2026-07-01 03:03:36] [INFO ] GET /api/notifications/unread 304 2ms - ::1
[2026-07-01 03:03:41] [INFO ] GET /api/notifications/unread 304 6ms - ::1
[2026-07-01 03:04:06] [INFO ] GET /api/notifications/unread 304 5ms - ::1
[2026-07-01 03:04:11] [INFO ] GET /api/notifications/unread 304 4ms - ::1
[2026-07-01 03:04:36] [INFO ] GET /api/notifications/unread 304 5ms - ::1
[2026-07-01 03:04:41] [INFO ] GET /api/notifications/unread 304 4ms - ::1
[2026-07-01 03:05:06] [INFO ] GET /api/notifications/unread 304 2ms - ::1
[2026-07-01 03:05:11] [INFO ] GET /api/notifications/unread 304 5ms - ::1
[2026-07-01 03:05:36] [INFO ] GET /api/notifications/unread 304 4ms - ::1
[2026-07-01 03:05:41] [INFO ] GET /api/notifications/unread 304 3ms - ::1
[2026-07-01 03:06:06] [INFO ] GET /api/notifications/unread 304 4ms - ::1
[2026-07-01 03:06:11] [INFO ] GET /api/notifications/unread 304 3ms - ::1
[2026-07-01 03:06:36] [INFO ] GET /api/notifications/unread 304 3ms - ::1
[2026-07-01 03:06:41] [INFO ] GET /api/notifications/unread 304 5ms - ::1
[2026-07-01 03:07:06] [INFO ] GET /api/notifications/unread 304 4ms - ::1
[2026-07-01 03:07:11] [INFO ] GET /api/notifications/unread 304 3ms - ::1
[2026-07-01 03:07:36] [INFO ] GET /api/notifications/unread 304 5ms - ::1
[2026-07-01 03:07:41] [INFO ] GET /api/notifications/unread 304 3ms - ::1
[2026-07-01 03:08:06] [INFO ] GET /api/notifications/unread 304 4ms - ::1
[2026-07-01 03:08:11] [INFO ] GET /api/notifications/unread 304 5ms - ::1
[2026-07-01 03:08:36] [INFO ] GET /api/notifications/unread 304 3ms - ::1
[2026-07-01 03:08:41] [INFO ] GET /api/notifications/unread 304 4ms - ::1
[2026-07-01 03:09:06] [INFO ] GET /api/notifications/unread 304 6ms - ::1
[2026-07-01 03:09:11] [INFO ] GET /api/notifications/unread 304 12ms - ::1
[2026-07-01 03:09:36] [INFO ] GET /api/notifications/unread 304 4ms - ::1
[2026-07-01 03:09:41] [INFO ] GET /api/notifications/unread 304 2ms - ::1
[2026-07-01 03:10:06] [INFO ] GET /api/notifications/unread 304 3ms - ::1
[2026-07-01 03:10:11] [INFO ] GET /api/notifications/unread 304 7ms - ::1
[2026-07-01 03:10:36] [INFO ] GET /api/notifications/unread 304 5ms - ::1
[2026-07-01 03:10:41] [INFO ] GET /api/notifications/unread 304 7ms - ::1
[2026-07-01 03:11:06] [INFO ] GET /api/notifications/unread 304 4ms - ::1
[2026-07-01 03:11:11] [INFO ] GET /api/notifications/unread 304 3ms - ::1
[2026-07-01 03:11:36] [INFO ] GET /api/notifications/unread 304 4ms - ::1
[2026-07-01 03:11:41] [INFO ] GET /api/notifications/unread 304 5ms - ::1
[2026-07-01 03:12:06] [INFO ] GET /api/notifications/unread 304 3ms - ::1
[2026-07-01 03:12:11] [INFO ] GET /api/notifications/unread 304 4ms - ::1
[2026-07-01 03:12:36] [INFO ] GET /api/notifications/unread 304 3ms - ::1
[2026-07-01 03:12:41] [INFO ] GET /api/notifications/unread 304 2ms - ::1
[2026-07-01 03:13:06] [INFO ] GET /api/notifications/unread 304 1ms - ::1
[2026-07-01 03:13:11] [INFO ] GET /api/notifications/unread 304 2ms - ::1
[2026-07-01 03:13:36] [INFO ] GET /api/notifications/unread 304 2ms - ::1
[2026-07-01 03:13:41] [INFO ] GET /api/notifications/unread 304 3ms - ::1
[2026-07-01 03:14:06] [INFO ] GET /api/notifications/unread 304 2ms - ::1
[2026-07-01 03:14:11] [INFO ] GET /api/notifications/unread 304 2ms - ::1
[2026-07-01 03:14:36] [INFO ] GET /api/notifications/unread 304 2ms - ::1
[2026-07-01 03:14:41] [INFO ] GET /api/notifications/unread 304 3ms - ::1
[2026-07-01 03:15:06] [INFO ] GET /api/notifications/unread 304 3ms - ::1
[2026-07-01 03:15:11] [INFO ] GET /api/notifications/unread 304 3ms - ::1
[2026-07-01 03:15:36] [INFO ] GET /api/notifications/unread 304 2ms - ::1
[2026-07-01 03:15:41] [INFO ] GET /api/notifications/unread 304 3ms - ::1
[2026-07-01 03:16:06] [INFO ] GET /api/notifications/unread 304 3ms - ::1
[2026-07-01 03:16:11] [INFO ] GET /api/notifications/unread 304 5ms - ::1
[2026-07-01 03:16:36] [INFO ] GET /api/notifications/unread 304 4ms - ::1
[2026-07-01 03:16:41] [INFO ] GET /api/notifications/unread 304 2ms - ::1
[2026-07-01 03:17:06] [INFO ] GET /api/notifications/unread 304 3ms - ::1
[2026-07-01 03:17:11] [INFO ] GET /api/notifications/unread 304 3ms - ::1
[2026-07-01 03:17:36] [INFO ] GET /api/notifications/unread 304 3ms - ::1
[2026-07-01 03:17:41] [INFO ] GET /api/notifications/unread 304 2ms - ::1
[2026-07-01 03:18:06] [INFO ] GET /api/notifications/unread 304 2ms - ::1
[2026-07-01 03:18:11] [INFO ] GET /api/notifications/unread 304 4ms - ::1
[2026-07-01 03:18:36] [INFO ] GET /api/notifications/unread 304 2ms - ::1
[2026-07-01 03:18:41] [INFO ] GET /api/notifications/unread 304 3ms - ::1
[2026-07-01 03:19:06] [INFO ] GET /api/notifications/unread 304 3ms - ::1
[2026-07-01 03:19:11] [INFO ] GET /api/notifications/unread 304 2ms - ::1
[2026-07-01 03:19:36] [INFO ] GET /api/notifications/unread 304 3ms - ::1
[2026-07-01 03:19:41] [INFO ] GET /api/notifications/unread 304 3ms - ::1
[2026-07-01 03:20:06] [INFO ] GET /api/notifications/unread 304 4ms - ::1
[2026-07-01 03:20:11] [INFO ] GET /api/notifications/unread 304 3ms - ::1
[2026-07-01 03:20:36] [INFO ] GET /api/notifications/unread 304 2ms - ::1
[2026-07-01 03:20:41] [INFO ] GET /api/notifications/unread 304 2ms - ::1
[2026-07-01 03:20:59] [INFO ] GET /api/equipments?pageSize=999 304 6ms - ::1
[2026-07-01 03:21:02] [INFO ] GET /api/records?equipmentId=emqwcj0udcd92&page=1&pageSize=1 200 3ms - ::1
[2026-07-01 03:21:06] [INFO ] GET /api/notifications/unread 304 3ms - ::1
[2026-07-01 03:21:11] [INFO ] POST /api/records 200 122ms - ::1
[2026-07-01 03:21:11] [INFO ] GET /api/notifications/unread 200 1ms - ::1
[2026-07-01 03:21:11] [INFO ] GET /api/records?page=1&pageSize=10&createdBy=u006 200 7ms - ::1
[2026-07-01 03:21:14] [INFO ] GET /api/notifications/unread 200 3ms - ::1
[2026-07-01 03:21:15] [INFO ] GET /api/records?page=1&pageSize=10 200 4ms - ::1
[2026-07-01 03:21:15] [INFO ] GET /api/maintenance-plans/upcoming?days=7 304 0ms - ::1
[2026-07-01 03:21:15] [INFO ] GET /api/statistics/dashboard 200 1ms - ::1
[2026-07-01 03:21:23] [INFO ] PUT /api/notifications/nmr1idp46fot1/read 200 59ms - ::1
[2026-07-01 03:21:23] [INFO ] GET /api/records/rmr1idp28xxgj 200 1ms - ::1
[2026-07-01 03:21:25] [INFO ] GET /api/records?page=1&pageSize=10 304 3ms - ::1
[2026-07-01 03:21:26] [INFO ] GET /api/maintenance-plans/upcoming?days=7 304 5ms - ::1
[2026-07-01 03:21:26] [INFO ] GET /api/statistics/dashboard 304 1ms - ::1
[2026-07-01 03:21:30] [INFO ] PUT /api/notifications/read-all 200 54ms - ::1
[2026-07-01 03:21:41] [INFO ] GET /api/notifications/unread 200 3ms - ::1
[2026-07-01 03:21:45] [INFO ] GET /api/notifications/unread 200 5ms - ::1
[2026-07-01 03:22:11] [INFO ] GET /api/notifications/unread 304 3ms - ::1
[2026-07-01 03:22:14] [INFO ] GET /api/notifications/unread 304 3ms - ::1
[2026-07-01 03:22:41] [INFO ] GET /api/notifications/unread 304 5ms - ::1
[2026-07-01 03:22:45] [INFO ] GET /api/notifications/unread 304 4ms - ::1
[2026-07-01 03:23:11] [INFO ] GET /api/notifications/unread 304 3ms - ::1
[2026-07-01 03:23:14] [INFO ] GET /api/notifications/unread 304 5ms - ::1
[2026-07-01 03:23:41] [INFO ] GET /api/notifications/unread 304 8ms - ::1
[2026-07-01 03:23:45] [INFO ] GET /api/notifications/unread 304 6ms - ::1
[2026-07-01 03:24:11] [INFO ] GET /api/notifications/unread 304 4ms - ::1
[2026-07-01 03:24:14] [INFO ] GET /api/notifications/unread 304 5ms - ::1
[2026-07-01 03:24:41] [INFO ] GET /api/notifications/unread 304 3ms - ::1
[2026-07-01 03:24:45] [INFO ] GET /api/notifications/unread 304 6ms - ::1
[2026-07-01 03:25:11] [INFO ] GET /api/notifications/unread 304 4ms - ::1
[2026-07-01 03:25:14] [INFO ] GET /api/notifications/unread 304 4ms - ::1
[2026-07-01 03:25:41] [INFO ] GET /api/notifications/unread 304 6ms - ::1
[2026-07-01 03:25:45] [INFO ] GET /api/notifications/unread 304 5ms - ::1
[2026-07-01 03:26:11] [INFO ] GET /api/notifications/unread 304 4ms - ::1
[2026-07-01 03:26:14] [INFO ] GET /api/notifications/unread 304 3ms - ::1
[2026-07-01 03:26:41] [INFO ] GET /api/notifications/unread 304 4ms - ::1
[2026-07-01 03:26:45] [INFO ] GET /api/notifications/unread 304 6ms - ::1
[2026-07-01 03:27:11] [INFO ] GET /api/notifications/unread 304 3ms - ::1
[2026-07-01 03:27:14] [INFO ] GET /api/notifications/unread 304 5ms - ::1
[2026-07-01 03:27:41] [INFO ] GET /api/notifications/unread 304 4ms - ::1
[2026-07-01 03:27:45] [INFO ] GET /api/notifications/unread 304 6ms - ::1
[2026-07-01 03:28:11] [INFO ] GET /api/notifications/unread 304 3ms - ::1
[2026-07-01 03:28:14] [INFO ] GET /api/notifications/unread 304 7ms - ::1
[2026-07-01 03:28:41] [INFO ] GET /api/notifications/unread 304 3ms - ::1
[2026-07-01 03:28:45] [INFO ] GET /api/notifications/unread 304 4ms - ::1
[2026-07-01 03:29:11] [INFO ] GET /api/notifications/unread 304 4ms - ::1
[2026-07-01 03:29:14] [INFO ] GET /api/notifications/unread 304 5ms - ::1
[2026-07-01 03:29:41] [INFO ] GET /api/notifications/unread 304 3ms - ::1
[2026-07-01 03:29:45] [INFO ] GET /api/notifications/unread 304 7ms - ::1
[2026-07-01 03:30:11] [INFO ] GET /api/notifications/unread 304 5ms - ::1
[2026-07-01 03:30:14] [INFO ] GET /api/notifications/unread 304 4ms - ::1
[2026-07-01 03:30:41] [INFO ] GET /api/notifications/unread 304 4ms - ::1
[2026-07-01 03:30:45] [INFO ] GET /api/notifications/unread 304 4ms - ::1
[2026-07-01 03:31:11] [INFO ] GET /api/notifications/unread 304 3ms - ::1
[2026-07-01 03:31:14] [INFO ] GET /api/notifications/unread 304 5ms - ::1
[2026-07-01 03:31:41] [INFO ] GET /api/notifications/unread 304 4ms - ::1
[2026-07-01 03:31:45] [INFO ] GET /api/notifications/unread 304 5ms - ::1
[2026-07-01 03:32:11] [INFO ] GET /api/notifications/unread 304 2ms - ::1
[2026-07-01 03:32:15] [INFO ] GET /api/notifications/unread 304 3ms - ::1
[2026-07-01 03:32:41] [INFO ] GET /api/notifications/unread 304 4ms - ::1
[2026-07-01 03:32:44] [INFO ] GET /api/notifications/unread 304 4ms - ::1
[2026-07-01 03:33:11] [INFO ] GET /api/notifications/unread 304 2ms - ::1
[2026-07-01 03:33:15] [INFO ] GET /api/notifications/unread 304 4ms - ::1
[2026-07-01 03:33:41] [INFO ] GET /api/notifications/unread 304 4ms - ::1
[2026-07-01 03:33:44] [INFO ] GET /api/notifications/unread 304 2ms - ::1
[2026-07-01 03:34:11] [INFO ] GET /api/notifications/unread 304 3ms - ::1
[2026-07-01 03:34:15] [INFO ] GET /api/notifications/unread 304 7ms - ::1
[2026-07-01 03:34:41] [INFO ] GET /api/notifications/unread 304 4ms - ::1
[2026-07-01 03:34:44] [INFO ] GET /api/notifications/unread 304 5ms - ::1
[2026-07-01 03:35:11] [INFO ] GET /api/notifications/unread 304 3ms - ::1
[2026-07-01 03:35:15] [INFO ] GET /api/notifications/unread 304 6ms - ::1
[2026-07-01 03:35:41] [INFO ] GET /api/notifications/unread 304 4ms - ::1
[2026-07-01 03:35:44] [INFO ] GET /api/notifications/unread 304 5ms - ::1
[2026-07-01 03:36:11] [INFO ] GET /api/notifications/unread 304 4ms - ::1
[2026-07-01 03:36:15] [INFO ] GET /api/notifications/unread 304 3ms - ::1
[2026-07-01 03:36:41] [INFO ] GET /api/notifications/unread 304 3ms - ::1
[2026-07-01 03:36:44] [INFO ] GET /api/notifications/unread 304 7ms - ::1
[2026-07-01 03:37:11] [INFO ] GET /api/notifications/unread 304 4ms - ::1
[2026-07-01 03:37:15] [INFO ] GET /api/notifications/unread 304 5ms - ::1
[2026-07-01 03:37:41] [INFO ] GET /api/notifications/unread 304 4ms - ::1
[2026-07-01 03:37:44] [INFO ] GET /api/notifications/unread 304 5ms - ::1
[2026-07-01 03:38:11] [INFO ] GET /api/notifications/unread 304 5ms - ::1
[2026-07-01 03:38:15] [INFO ] GET /api/notifications/unread 304 4ms - ::1
[2026-07-01 03:38:41] [INFO ] GET /api/notifications/unread 304 9ms - ::1
[2026-07-01 03:38:44] [INFO ] GET /api/notifications/unread 304 5ms - ::1
[2026-07-01 03:39:11] [INFO ] GET /api/notifications/unread 304 13ms - ::1
[2026-07-01 03:39:15] [INFO ] GET /api/notifications/unread 304 4ms - ::1
[2026-07-01 03:39:41] [INFO ] GET /api/notifications/unread 304 4ms - ::1
[2026-07-01 03:39:44] [INFO ] GET /api/notifications/unread 304 5ms - ::1
[2026-07-01 03:40:11] [INFO ] GET /api/notifications/unread 304 5ms - ::1
[2026-07-01 03:40:15] [INFO ] GET /api/notifications/unread 304 4ms - ::1
[2026-07-01 03:40:41] [INFO ] GET /api/notifications/unread 304 7ms - ::1
[2026-07-01 03:40:44] [INFO ] GET /api/notifications/unread 304 6ms - ::1
[2026-07-01 03:41:11] [INFO ] GET /api/notifications/unread 304 4ms - ::1
[2026-07-01 03:41:15] [INFO ] GET /api/notifications/unread 304 5ms - ::1
[2026-07-01 03:41:41] [INFO ] GET /api/notifications/unread 304 2ms - ::1
[2026-07-01 03:41:45] [INFO ] GET /api/notifications/unread 304 5ms - ::1
[2026-07-01 03:42:11] [INFO ] GET /api/notifications/unread 304 4ms - ::1
[2026-07-01 03:42:14] [INFO ] GET /api/notifications/unread 304 7ms - ::1
[2026-07-01 03:42:41] [INFO ] GET /api/notifications/unread 304 2ms - ::1
[2026-07-01 03:42:45] [INFO ] GET /api/notifications/unread 304 3ms - ::1
[2026-07-01 03:43:11] [INFO ] GET /api/notifications/unread 304 9ms - ::1
[2026-07-01 03:43:14] [INFO ] GET /api/notifications/unread 304 9ms - ::1
[2026-07-01 03:43:41] [INFO ] GET /api/notifications/unread 304 4ms - ::1
[2026-07-01 03:43:45] [INFO ] GET /api/notifications/unread 304 4ms - ::1
[2026-07-01 03:44:11] [INFO ] GET /api/notifications/unread 304 3ms - ::1
[2026-07-01 03:44:14] [INFO ] GET /api/notifications/unread 304 7ms - ::1
[2026-07-01 03:44:41] [INFO ] GET /api/notifications/unread 304 4ms - ::1
[2026-07-01 03:44:45] [INFO ] GET /api/notifications/unread 304 7ms - ::1
[2026-07-01 03:45:11] [INFO ] GET /api/notifications/unread 304 4ms - ::1
[2026-07-01 03:45:14] [INFO ] GET /api/notifications/unread 304 8ms - ::1
[2026-07-01 03:45:41] [INFO ] GET /api/notifications/unread 304 4ms - ::1
[2026-07-01 03:45:45] [INFO ] GET /api/notifications/unread 304 7ms - ::1
[2026-07-01 03:46:11] [INFO ] GET /api/notifications/unread 304 3ms - ::1
[2026-07-01 03:46:14] [INFO ] GET /api/notifications/unread 304 4ms - ::1
[2026-07-01 03:46:41] [INFO ] GET /api/notifications/unread 304 4ms - ::1
[2026-07-01 03:46:45] [INFO ] GET /api/notifications/unread 304 5ms - ::1
[2026-07-01 03:47:11] [INFO ] GET /api/notifications/unread 304 2ms - ::1
[2026-07-01 03:47:14] [INFO ] GET /api/notifications/unread 304 7ms - ::1
[2026-07-01 03:47:41] [INFO ] GET /api/notifications/unread 304 4ms - ::1
[2026-07-01 03:47:45] [INFO ] GET /api/notifications/unread 304 5ms - ::1
[2026-07-01 03:48:11] [INFO ] GET /api/notifications/unread 304 2ms - ::1
[2026-07-01 03:48:14] [INFO ] GET /api/notifications/unread 304 4ms - ::1
[2026-07-01 03:48:41] [INFO ] GET /api/notifications/unread 304 5ms - ::1
[2026-07-01 03:48:45] [INFO ] GET /api/notifications/unread 304 5ms - ::1
[2026-07-01 03:49:11] [INFO ] GET /api/notifications/unread 304 6ms - ::1
[2026-07-01 03:49:14] [INFO ] GET /api/notifications/unread 304 5ms - ::1
[2026-07-01 03:49:41] [INFO ] GET /api/notifications/unread 304 4ms - ::1
[2026-07-01 03:49:45] [INFO ] GET /api/notifications/unread 304 4ms - ::1
[2026-07-01 03:50:11] [INFO ] GET /api/notifications/unread 304 3ms - ::1
[2026-07-01 03:50:14] [INFO ] GET /api/notifications/unread 304 6ms - ::1
[2026-07-01 03:50:41] [INFO ] GET /api/notifications/unread 304 3ms - ::1
[2026-07-01 03:50:45] [INFO ] GET /api/notifications/unread 304 3ms - ::1
[2026-07-01 03:51:11] [INFO ] GET /api/notifications/unread 304 6ms - ::1
[2026-07-01 03:51:14] [INFO ] GET /api/notifications/unread 304 4ms - ::1
[2026-07-01 03:51:41] [INFO ] GET /api/notifications/unread 304 4ms - ::1
[2026-07-01 03:51:45] [INFO ] GET /api/notifications/unread 304 5ms - ::1
[2026-07-01 03:52:11] [INFO ] GET /api/notifications/unread 304 4ms - ::1
[2026-07-01 03:52:14] [INFO ] GET /api/notifications/unread 304 4ms - ::1
[2026-07-01 03:52:41] [INFO ] GET /api/notifications/unread 304 5ms - ::1
[2026-07-01 03:52:45] [INFO ] GET /api/notifications/unread 304 4ms - ::1
[2026-07-01 03:53:11] [INFO ] GET /api/notifications/unread 304 3ms - ::1
[2026-07-01 03:53:14] [INFO ] GET /api/notifications/unread 304 3ms - ::1
[2026-07-01 03:53:41] [INFO ] GET /api/notifications/unread 304 4ms - ::1
[2026-07-01 03:53:45] [INFO ] GET /api/notifications/unread 304 4ms - ::1
[2026-07-01 03:54:11] [INFO ] GET /api/notifications/unread 304 4ms - ::1
[2026-07-01 03:54:14] [INFO ] GET /api/notifications/unread 304 4ms - ::1
[2026-07-01 03:54:41] [INFO ] GET /api/notifications/unread 304 3ms - ::1
[2026-07-01 03:54:45] [INFO ] GET /api/notifications/unread 304 5ms - ::1
[2026-07-01 03:55:11] [INFO ] GET /api/notifications/unread 304 4ms - ::1
[2026-07-01 03:55:14] [INFO ] GET /api/notifications/unread 304 7ms - ::1
[2026-07-01 03:55:41] [INFO ] GET /api/notifications/unread 304 7ms - ::1
[2026-07-01 03:55:45] [INFO ] GET /api/notifications/unread 304 5ms - ::1
[2026-07-01 03:56:11] [INFO ] GET /api/notifications/unread 304 4ms - ::1
[2026-07-01 03:56:14] [INFO ] GET /api/notifications/unread 304 5ms - ::1
[2026-07-01 03:56:41] [INFO ] GET /api/notifications/unread 304 3ms - ::1
[2026-07-01 03:56:45] [INFO ] GET /api/notifications/unread 304 5ms - ::1
[2026-07-01 03:57:11] [INFO ] GET /api/notifications/unread 304 3ms - ::1
[2026-07-01 03:57:14] [INFO ] GET /api/notifications/unread 304 4ms - ::1
[2026-07-01 03:57:41] [INFO ] GET /api/notifications/unread 304 5ms - ::1
[2026-07-01 03:57:45] [INFO ] GET /api/notifications/unread 304 4ms - ::1
[2026-07-01 03:58:11] [INFO ] GET /api/notifications/unread 304 5ms - ::1
[2026-07-01 03:58:14] [INFO ] GET /api/notifications/unread 304 5ms - ::1
[2026-07-01 03:58:41] [INFO ] GET /api/notifications/unread 304 4ms - ::1
[2026-07-01 03:58:45] [INFO ] GET /api/notifications/unread 304 5ms - ::1
[2026-07-01 03:59:11] [INFO ] GET /api/notifications/unread 304 2ms - ::1
[2026-07-01 03:59:14] [INFO ] GET /api/notifications/unread 304 4ms - ::1
[2026-07-01 03:59:41] [INFO ] GET /api/notifications/unread 304 3ms - ::1
[2026-07-01 03:59:45] [INFO ] GET /api/notifications/unread 304 5ms - ::1
[2026-07-01 04:00:11] [INFO ] GET /api/notifications/unread 304 4ms - ::1
[2026-07-01 04:00:14] [INFO ] GET /api/notifications/unread 304 9ms - ::1
[2026-07-01 04:00:41] [INFO ] GET /api/notifications/unread 304 3ms - ::1
[2026-07-01 04:00:45] [INFO ] GET /api/notifications/unread 304 3ms - ::1
[2026-07-01 04:01:11] [INFO ] GET /api/notifications/unread 304 3ms - ::1
[2026-07-01 04:01:14] [INFO ] GET /api/notifications/unread 304 5ms - ::1
[2026-07-01 04:01:41] [INFO ] GET /api/notifications/unread 304 4ms - ::1
[2026-07-01 04:01:45] [INFO ] GET /api/notifications/unread 304 5ms - ::1
[2026-07-01 04:02:11] [INFO ] GET /api/notifications/unread 304 4ms - ::1
[2026-07-01 04:02:14] [INFO ] GET /api/notifications/unread 304 7ms - ::1
[2026-07-01 04:02:41] [INFO ] GET /api/notifications/unread 304 5ms - ::1
[2026-07-01 04:02:45] [INFO ] GET /api/notifications/unread 304 5ms - ::1
[2026-07-01 04:03:11] [INFO ] GET /api/notifications/unread 304 2ms - ::1
[2026-07-01 04:03:14] [INFO ] GET /api/notifications/unread 304 5ms - ::1
[2026-07-01 04:03:41] [INFO ] GET /api/notifications/unread 304 4ms - ::1
[2026-07-01 04:03:45] [INFO ] GET /api/notifications/unread 304 3ms - ::1
[2026-07-01 04:04:11] [INFO ] GET /api/notifications/unread 304 3ms - ::1
[2026-07-01 04:04:14] [INFO ] GET /api/notifications/unread 304 7ms - ::1
[2026-07-01 04:04:41] [INFO ] GET /api/notifications/unread 304 3ms - ::1
[2026-07-01 04:04:45] [INFO ] GET /api/notifications/unread 304 4ms - ::1
[2026-07-01 04:05:11] [INFO ] GET /api/notifications/unread 304 7ms - ::1
[2026-07-01 04:05:14] [INFO ] GET /api/notifications/unread 304 3ms - ::1
[2026-07-01 04:05:41] [INFO ] GET /api/notifications/unread 304 3ms - ::1
[2026-07-01 04:05:45] [INFO ] GET /api/notifications/unread 304 4ms - ::1
[2026-07-01 04:06:11] [INFO ] GET /api/notifications/unread 304 5ms - ::1
[2026-07-01 04:06:14] [INFO ] GET /api/notifications/unread 304 4ms - ::1
[2026-07-01 04:06:41] [INFO ] GET /api/notifications/unread 304 3ms - ::1
[2026-07-01 04:06:45] [INFO ] GET /api/notifications/unread 304 7ms - ::1
[2026-07-01 04:07:11] [INFO ] GET /api/notifications/unread 304 7ms - ::1
[2026-07-01 04:07:14] [INFO ] GET /api/notifications/unread 304 6ms - ::1
[2026-07-01 04:07:41] [INFO ] GET /api/notifications/unread 304 4ms - ::1
[2026-07-01 04:07:45] [INFO ] GET /api/notifications/unread 304 4ms - ::1
[2026-07-01 04:08:11] [INFO ] GET /api/notifications/unread 304 3ms - ::1
[2026-07-01 04:08:14] [INFO ] GET /api/notifications/unread 304 7ms - ::1
[2026-07-01 04:08:41] [INFO ] GET /api/notifications/unread 304 4ms - ::1
[2026-07-01 04:08:45] [INFO ] GET /api/notifications/unread 304 5ms - ::1
[2026-07-01 04:09:11] [INFO ] GET /api/notifications/unread 304 5ms - ::1
[2026-07-01 04:09:14] [INFO ] GET /api/notifications/unread 304 5ms - ::1
[2026-07-01 04:09:41] [INFO ] GET /api/notifications/unread 304 3ms - ::1
[2026-07-01 04:09:45] [INFO ] GET /api/notifications/unread 304 4ms - ::1
[2026-07-01 04:10:11] [INFO ] GET /api/notifications/unread 304 3ms - ::1
[2026-07-01 04:10:14] [INFO ] GET /api/notifications/unread 304 5ms - ::1
[2026-07-01 04:10:41] [INFO ] GET /api/notifications/unread 304 4ms - ::1
[2026-07-01 04:10:45] [INFO ] GET /api/notifications/unread 304 4ms - ::1
[2026-07-01 04:11:11] [INFO ] GET /api/notifications/unread 304 3ms - ::1
[2026-07-01 04:11:14] [INFO ] GET /api/notifications/unread 304 3ms - ::1
[2026-07-01 04:11:41] [INFO ] GET /api/notifications/unread 304 6ms - ::1
[2026-07-01 04:11:45] [INFO ] GET /api/notifications/unread 304 6ms - ::1
[2026-07-01 04:12:11] [INFO ] GET /api/notifications/unread 304 3ms - ::1
[2026-07-01 04:12:14] [INFO ] GET /api/notifications/unread 304 5ms - ::1
[2026-07-01 04:12:41] [INFO ] GET /api/notifications/unread 304 2ms - ::1
[2026-07-01 04:12:45] [INFO ] GET /api/notifications/unread 304 7ms - ::1
[2026-07-01 04:13:11] [INFO ] GET /api/notifications/unread 304 5ms - ::1
[2026-07-01 04:13:14] [INFO ] GET /api/notifications/unread 304 4ms - ::1
[2026-07-01 04:13:41] [INFO ] GET /api/notifications/unread 304 4ms - ::1
[2026-07-01 04:13:45] [INFO ] GET /api/notifications/unread 304 6ms - ::1
[2026-07-01 04:14:11] [INFO ] GET /api/notifications/unread 304 4ms - ::1
[2026-07-01 04:14:14] [INFO ] GET /api/notifications/unread 304 5ms - ::1
[2026-07-01 04:14:41] [INFO ] GET /api/notifications/unread 304 2ms - ::1
[2026-07-01 04:14:45] [INFO ] GET /api/notifications/unread 304 7ms - ::1
[2026-07-01 04:15:11] [INFO ] GET /api/notifications/unread 304 5ms - ::1
[2026-07-01 04:15:14] [INFO ] GET /api/notifications/unread 304 4ms - ::1
[2026-07-01 04:15:41] [INFO ] GET /api/notifications/unread 304 4ms - ::1
[2026-07-01 04:15:45] [INFO ] GET /api/notifications/unread 304 5ms - ::1
[2026-07-01 04:16:11] [INFO ] GET /api/notifications/unread 304 1ms - ::1
[2026-07-01 04:16:14] [INFO ] GET /api/notifications/unread 304 4ms - ::1
[2026-07-01 04:16:41] [INFO ] GET /api/notifications/unread 304 4ms - ::1
[2026-07-01 04:16:45] [INFO ] GET /api/notifications/unread 304 5ms - ::1
[2026-07-01 04:17:11] [INFO ] GET /api/notifications/unread 304 5ms - ::1
[2026-07-01 04:17:14] [INFO ] GET /api/notifications/unread 304 5ms - ::1
[2026-07-01 04:17:41] [INFO ] GET /api/notifications/unread 304 4ms - ::1
[2026-07-01 04:17:45] [INFO ] GET /api/notifications/unread 304 7ms - ::1
[2026-07-01 04:18:11] [INFO ] GET /api/notifications/unread 304 4ms - ::1
[2026-07-01 04:18:14] [INFO ] GET /api/notifications/unread 304 3ms - ::1
[2026-07-01 04:18:41] [INFO ] GET /api/notifications/unread 304 3ms - ::1
[2026-07-01 04:18:45] [INFO ] GET /api/notifications/unread 304 7ms - ::1
[2026-07-01 04:19:11] [INFO ] GET /api/notifications/unread 304 4ms - ::1
[2026-07-01 04:19:14] [INFO ] GET /api/notifications/unread 304 4ms - ::1
[2026-07-01 04:19:41] [INFO ] GET /api/notifications/unread 304 5ms - ::1
[2026-07-01 04:19:45] [INFO ] GET /api/notifications/unread 304 5ms - ::1
[2026-07-01 04:20:11] [INFO ] GET /api/notifications/unread 304 5ms - ::1
[2026-07-01 04:20:14] [INFO ] GET /api/notifications/unread 304 4ms - ::1
[2026-07-01 04:20:41] [INFO ] GET /api/notifications/unread 304 4ms - ::1
[2026-07-01 04:20:45] [INFO ] GET /api/notifications/unread 304 3ms - ::1
[2026-07-01 04:21:11] [INFO ] GET /api/notifications/unread 304 4ms - ::1
[2026-07-01 04:21:14] [INFO ] GET /api/notifications/unread 304 5ms - ::1
[2026-07-01 04:21:41] [INFO ] GET /api/notifications/unread 304 6ms - ::1
[2026-07-01 04:21:45] [INFO ] GET /api/notifications/unread 304 5ms - ::1
[2026-07-01 04:22:11] [INFO ] GET /api/notifications/unread 304 3ms - ::1
[2026-07-01 04:22:14] [INFO ] GET /api/notifications/unread 304 8ms - ::1
[2026-07-01 04:22:41] [INFO ] GET /api/notifications/unread 304 4ms - ::1
[2026-07-01 04:22:45] [INFO ] GET /api/notifications/unread 304 6ms - ::1
[2026-07-01 04:23:11] [INFO ] GET /api/notifications/unread 304 13ms - ::1
[2026-07-01 04:23:14] [INFO ] GET /api/notifications/unread 304 5ms - ::1
[2026-07-01 04:23:41] [INFO ] GET /api/notifications/unread 304 4ms - ::1
[2026-07-01 04:23:45] [INFO ] GET /api/notifications/unread 304 7ms - ::1
[2026-07-01 04:24:11] [INFO ] GET /api/notifications/unread 304 3ms - ::1
[2026-07-01 04:24:14] [INFO ] GET /api/notifications/unread 304 4ms - ::1
[2026-07-01 04:24:41] [INFO ] GET /api/notifications/unread 304 4ms - ::1
[2026-07-01 04:24:45] [INFO ] GET /api/notifications/unread 304 6ms - ::1
[2026-07-01 04:25:11] [INFO ] GET /api/notifications/unread 304 3ms - ::1
[2026-07-01 04:25:14] [INFO ] GET /api/notifications/unread 304 5ms - ::1
[2026-07-01 04:25:41] [INFO ] GET /api/notifications/unread 304 3ms - ::1
[2026-07-01 04:25:45] [INFO ] GET /api/notifications/unread 304 8ms - ::1
[2026-07-01 04:26:11] [INFO ] GET /api/notifications/unread 304 3ms - ::1
[2026-07-01 04:26:14] [INFO ] GET /api/notifications/unread 304 5ms - ::1
[2026-07-01 04:26:41] [INFO ] GET /api/notifications/unread 304 3ms - ::1
[2026-07-01 04:26:45] [INFO ] GET /api/notifications/unread 304 3ms - ::1
[2026-07-01 04:27:11] [INFO ] GET /api/notifications/unread 304 4ms - ::1
[2026-07-01 04:27:14] [INFO ] GET /api/notifications/unread 304 3ms - ::1
[2026-07-01 04:27:41] [INFO ] GET /api/notifications/unread 304 4ms - ::1
[2026-07-01 04:27:45] [INFO ] GET /api/notifications/unread 304 4ms - ::1
[2026-07-01 04:28:11] [INFO ] GET /api/notifications/unread 304 5ms - ::1
[2026-07-01 04:28:14] [INFO ] GET /api/notifications/unread 304 6ms - ::1
[2026-07-01 04:28:41] [INFO ] GET /api/notifications/unread 304 5ms - ::1
[2026-07-01 04:28:45] [INFO ] GET /api/notifications/unread 304 5ms - ::1
[2026-07-01 04:29:11] [INFO ] GET /api/notifications/unread 304 6ms - ::1
[2026-07-01 04:29:14] [INFO ] GET /api/notifications/unread 304 5ms - ::1
[2026-07-01 04:29:41] [INFO ] GET /api/notifications/unread 304 4ms - ::1
[2026-07-01 04:29:45] [INFO ] GET /api/notifications/unread 304 7ms - ::1
[2026-07-01 04:30:11] [INFO ] GET /api/notifications/unread 304 4ms - ::1
[2026-07-01 04:30:14] [INFO ] GET /api/notifications/unread 304 6ms - ::1
[2026-07-01 04:30:41] [INFO ] GET /api/notifications/unread 304 4ms - ::1
[2026-07-01 04:30:45] [INFO ] GET /api/notifications/unread 304 6ms - ::1
[2026-07-01 04:31:11] [INFO ] GET /api/notifications/unread 304 5ms - ::1
[2026-07-01 04:31:14] [INFO ] GET /api/notifications/unread 304 5ms - ::1
[2026-07-01 04:31:41] [INFO ] GET /api/notifications/unread 304 3ms - ::1
[2026-07-01 04:31:45] [INFO ] GET /api/notifications/unread 304 3ms - ::1
[2026-07-01 04:32:11] [INFO ] GET /api/notifications/unread 304 6ms - ::1
[2026-07-01 04:32:14] [INFO ] GET /api/notifications/unread 304 7ms - ::1
[2026-07-01 04:32:41] [INFO ] GET /api/notifications/unread 304 4ms - ::1
[2026-07-01 04:32:45] [INFO ] GET /api/notifications/unread 304 4ms - ::1
[2026-07-01 04:33:11] [INFO ] GET /api/notifications/unread 304 6ms - ::1
[2026-07-01 04:33:14] [INFO ] GET /api/notifications/unread 304 5ms - ::1
[2026-07-01 04:33:41] [INFO ] GET /api/notifications/unread 304 2ms - ::1
[2026-07-01 04:33:45] [INFO ] GET /api/notifications/unread 304 5ms - ::1
[2026-07-01 04:34:11] [INFO ] GET /api/notifications/unread 304 4ms - ::1
[2026-07-01 04:34:14] [INFO ] GET /api/notifications/unread 304 5ms - ::1
[2026-07-01 04:34:41] [INFO ] GET /api/notifications/unread 304 4ms - ::1
[2026-07-01 04:34:45] [INFO ] GET /api/notifications/unread 304 3ms - ::1
[2026-07-01 04:35:11] [INFO ] GET /api/notifications/unread 304 4ms - ::1
[2026-07-01 04:35:14] [INFO ] GET /api/notifications/unread 304 3ms - ::1
[2026-07-01 04:35:41] [INFO ] GET /api/notifications/unread 304 3ms - ::1
[2026-07-01 04:35:45] [INFO ] GET /api/notifications/unread 304 6ms - ::1
[2026-07-01 04:36:11] [INFO ] GET /api/notifications/unread 304 3ms - ::1
[2026-07-01 04:36:14] [INFO ] GET /api/notifications/unread 304 4ms - ::1
[2026-07-01 04:38:47] [INFO ] GET /api/notifications/unread 200 3ms - ::1
[2026-07-01 04:38:47] [INFO ] GET /api/records?page=1&pageSize=10 200 4ms - ::1
[2026-07-01 04:38:47] [INFO ] GET /api/maintenance-plans/upcoming?days=7 200 1ms - ::1
[2026-07-01 04:38:47] [INFO ] GET /api/statistics/dashboard 200 0ms - ::1
[2026-07-01 04:56:40] [INFO ] ========================================
[2026-07-01 04:56:40] [INFO ]   设备台账与运维管理系统 - 后端服务
[2026-07-01 04:56:40] [INFO ] ========================================
[2026-07-01 04:56:40] [INFO ]   服务地址: http://localhost:3000
[2026-07-01 04:56:40] [INFO ]   API 前缀: /api
[2026-07-01 04:56:40] [INFO ]   健康检查: http://localhost:3000/api/health
[2026-07-01 04:56:40] [INFO ]   数据文件: ./data/eqdm.json
[2026-07-01 04:56:40] [INFO ]   运行环境: production
[2026-07-01 04:56:40] [INFO ] ========================================
[2026-07-01 04:56:40] [INFO ]   默认账号:
[2026-07-01 04:56:40] [INFO ]     管理员: admin / admin123
[2026-07-01 04:56:40] [INFO ]     部门经理: manager / manager123
[2026-07-01 04:56:40] [INFO ]     员工共享: sa / 123456
[2026-07-01 04:56:40] [INFO ] ========================================
[2026-07-01 04:57:39] [WARN ] GET /api/notifications/unread 401 10ms - ::1
[2026-07-01 04:57:45] [INFO ] POST /api/auth/login 200 123ms - ::1
[2026-07-01 04:57:45] [INFO ] GET /api/notifications/unread 200 10ms - ::1
[2026-07-01 04:57:45] [INFO ] GET /api/maintenance-plans/upcoming?days=7 200 1ms - ::1
[2026-07-01 04:57:45] [INFO ] GET /api/records?page=1&pageSize=10&createdBy=u006 200 32ms - ::1
[2026-07-01 04:57:45] [INFO ] GET /api/statistics/dashboard 200 2ms - ::1
[2026-07-01 04:58:01] [INFO ] GET /api/records?page=1&pageSize=10&createdBy=u006 304 7ms - ::1
[2026-07-01 04:58:04] [INFO ] GET /api/equipments?pageSize=999 200 6ms - ::1
[2026-07-01 04:58:09] [INFO ] GET /api/records?equipmentId=emqwcj0uvi2uk&page=1&pageSize=1 200 4ms - ::1
[2026-07-01 04:58:15] [INFO ] GET /api/notifications/unread 304 4ms - ::1
[2026-07-01 04:58:24] [INFO ] POST /api/records 200 22ms - ::1
[2026-07-01 04:58:25] [INFO ] GET /api/records?page=1&pageSize=10&createdBy=u006 200 5ms - ::1
[2026-07-01 04:58:26] [INFO ] GET /api/records?page=1&pageSize=10&createdBy=u006 304 5ms - ::1
[2026-07-01 04:58:26] [INFO ] GET /api/maintenance-plans/upcoming?days=7 304 0ms - ::1
[2026-07-01 04:58:26] [INFO ] GET /api/statistics/dashboard 200 1ms - ::1
[2026-07-01 04:58:31] [INFO ] GET /api/notifications/unread 200 3ms - ::1
[2026-07-01 04:58:31] [INFO ] GET /api/maintenance-plans/upcoming?days=7 304 1ms - ::1
[2026-07-01 04:58:31] [INFO ] GET /api/records?page=1&pageSize=10&createdBy=u006 304 1ms - ::1
[2026-07-01 04:58:31] [INFO ] GET /api/statistics/dashboard 304 0ms - ::1
[2026-07-01 04:58:43] [INFO ] GET /api/notifications/unread 304 2ms - ::1
[2026-07-01 04:58:43] [INFO ] GET /api/records?page=1&pageSize=10&createdBy=u006 304 1ms - ::1
[2026-07-01 04:58:43] [INFO ] GET /api/maintenance-plans/upcoming?days=7 304 0ms - ::1
[2026-07-01 04:58:43] [INFO ] GET /api/statistics/dashboard 304 1ms - ::1
[2026-07-01 04:58:56] [INFO ] POST /api/auth/login 200 90ms - ::1
[2026-07-01 04:58:56] [INFO ] GET /api/notifications/unread 304 6ms - ::1
[2026-07-01 04:58:56] [INFO ] GET /api/records?page=1&pageSize=10 200 2ms - ::1
[2026-07-01 04:58:56] [INFO ] GET /api/maintenance-plans/upcoming?days=7 304 0ms - ::1
[2026-07-01 04:58:56] [INFO ] GET /api/statistics/dashboard 304 1ms - ::1
[2026-07-01 04:59:07] [INFO ] POST /api/auth/login 200 100ms - ::1
[2026-07-01 04:59:07] [INFO ] GET /api/notifications/unread 304 6ms - ::1
[2026-07-01 04:59:07] [INFO ] GET /api/records?page=1&pageSize=10&createdBy=u006 304 0ms - ::1
[2026-07-01 04:59:07] [INFO ] GET /api/maintenance-plans/upcoming?days=7 304 0ms - ::1
[2026-07-01 04:59:07] [INFO ] GET /api/statistics/dashboard 304 1ms - ::1
[2026-07-01 04:59:33] [INFO ] GET /api/notifications/unread 304 3ms - ::1
[2026-07-01 04:59:33] [INFO ] GET /api/records?page=1&pageSize=10&createdBy=u006 304 7ms - ::1
[2026-07-01 04:59:33] [INFO ] GET /api/maintenance-plans/upcoming?days=7 304 1ms - ::1
[2026-07-01 04:59:33] [INFO ] GET /api/statistics/dashboard 304 1ms - ::1
[2026-07-01 04:59:38] [INFO ] PUT /api/notifications/nmr1luq79tqer/read 200 13ms - ::1
[2026-07-01 04:59:39] [INFO ] GET /api/records/rmr1luq70no61 200 5ms - ::1
[2026-07-01 04:59:40] [INFO ] GET /api/notifications/unread 200 6ms - ::1
[2026-07-01 04:59:40] [INFO ] GET /api/records/rmr1luq70no61 304 1ms - ::1
[2026-07-01 04:59:43] [INFO ] GET /api/records?page=1&pageSize=10&createdBy=u006 304 3ms - ::1
[2026-07-01 04:59:43] [INFO ] GET /api/statistics/dashboard 304 1ms - ::1
[2026-07-01 04:59:43] [INFO ] GET /api/maintenance-plans/upcoming?days=7 304 1ms - ::1
[2026-07-01 04:59:53] [INFO ] POST /api/auth/login 200 102ms - ::1
[2026-07-01 04:59:53] [INFO ] GET /api/notifications/unread 304 6ms - ::1
[2026-07-01 04:59:53] [INFO ] GET /api/records?page=1&pageSize=10 304 2ms - ::1
[2026-07-01 04:59:53] [INFO ] GET /api/maintenance-plans/upcoming?days=7 304 1ms - ::1
[2026-07-01 04:59:53] [INFO ] GET /api/statistics/dashboard 304 0ms - ::1
[2026-07-01 05:00:06] [INFO ] GET /api/equipments?page=1&pageSize=10&keyword= 200 3ms - ::1
[2026-07-01 05:00:06] [INFO ] POST /api/attachments/equipment/batch 200 1ms - ::1
[2026-07-01 05:00:09] [INFO ] GET /api/records?page=1&pageSize=10 304 5ms - ::1
[2026-07-01 05:00:09] [INFO ] GET /api/maintenance-plans/upcoming?days=7 304 0ms - ::1
[2026-07-01 05:00:09] [INFO ] GET /api/statistics/dashboard 304 1ms - ::1
[2026-07-01 05:00:23] [INFO ] GET /api/notifications/unread 304 3ms - ::1
[2026-07-01 05:04:58] [INFO ] ========================================
[2026-07-01 05:04:58] [INFO ]   设备台账与运维管理系统 - 后端服务
[2026-07-01 05:04:58] [INFO ] ========================================
[2026-07-01 05:04:58] [INFO ]   服务地址: http://localhost:3000
[2026-07-01 05:04:58] [INFO ]   API 前缀: /api
[2026-07-01 05:04:58] [INFO ]   健康检查: http://localhost:3000/api/health
[2026-07-01 05:04:58] [INFO ]   数据文件: ./data/eqdm.json
[2026-07-01 05:04:58] [INFO ]   运行环境: production
[2026-07-01 05:04:58] [INFO ] ========================================
[2026-07-01 05:04:58] [INFO ]   默认账号:
[2026-07-01 05:04:58] [INFO ]     管理员: admin / admin123
[2026-07-01 05:04:58] [INFO ]     部门经理: manager / manager123
[2026-07-01 05:04:58] [INFO ]     员工共享: sa / 123456
[2026-07-01 05:04:58] [INFO ] ========================================
[2026-07-01 05:18:38] [INFO ] GET /api/notifications/unread 200 11ms - ::1
[2026-07-01 05:18:39] [INFO ] GET /api/records?page=1&pageSize=10 304 19ms - ::1
[2026-07-01 05:18:39] [INFO ] GET /api/maintenance-plans/upcoming?days=7 304 3ms - ::1
[2026-07-01 05:18:39] [INFO ] GET /api/statistics/dashboard 304 0ms - ::1
[2026-07-01 05:18:43] [INFO ] GET /api/notifications/unread 304 4ms - ::1
[2026-07-01 05:18:43] [INFO ] GET /api/records?page=1&pageSize=10 304 1ms - ::1
[2026-07-01 05:18:43] [INFO ] GET /api/maintenance-plans/upcoming?days=7 304 0ms - ::1
[2026-07-01 05:18:43] [INFO ] GET /api/statistics/dashboard 304 1ms - ::1
[2026-07-01 05:18:50] [INFO ] POST /api/auth/login 200 137ms - ::1
[2026-07-01 05:18:50] [INFO ] GET /api/notifications/unread 304 5ms - ::1
[2026-07-01 05:18:50] [INFO ] GET /api/records?page=1&pageSize=10&createdBy=u006 304 2ms - ::1
[2026-07-01 05:18:50] [INFO ] GET /api/maintenance-plans/upcoming?days=7 304 1ms - ::1
[2026-07-01 05:18:50] [INFO ] GET /api/statistics/dashboard 304 1ms - ::1
[2026-07-01 05:18:56] [INFO ] GET /api/records?page=1&pageSize=10&createdBy=u006 304 3ms - ::1
[2026-07-01 05:18:57] [INFO ] GET /api/equipments?pageSize=999 304 10ms - ::1
[2026-07-01 05:19:00] [INFO ] GET /api/records?equipmentId=emqwcj0uvi2uk&page=1&pageSize=1 200 4ms - ::1
[2026-07-01 05:19:16] [INFO ] POST /api/records 200 301ms - ::1
[2026-07-01 05:19:16] [INFO ] GET /api/records?page=1&pageSize=10&createdBy=u006 200 8ms - ::1
[2026-07-01 05:19:18] [INFO ] GET /api/records?page=1&pageSize=10&createdBy=u006 304 4ms - ::1
[2026-07-01 05:19:18] [INFO ] GET /api/maintenance-plans/upcoming?days=7 304 1ms - ::1
[2026-07-01 05:19:18] [INFO ] GET /api/statistics/dashboard 200 1ms - ::1
[2026-07-01 05:19:20] [INFO ] GET /api/notifications/unread 304 4ms - ::1
[2026-07-01 05:19:28] [INFO ] POST /api/auth/login 200 132ms - ::1
[2026-07-01 05:19:28] [INFO ] GET /api/notifications/unread 200 5ms - ::1
[2026-07-01 05:19:28] [INFO ] GET /api/records?page=1&pageSize=10 200 2ms - ::1
[2026-07-01 05:19:28] [INFO ] GET /api/maintenance-plans/upcoming?days=7 304 1ms - ::1
[2026-07-01 05:19:28] [INFO ] GET /api/statistics/dashboard 304 0ms - ::1
[2026-07-01 05:19:31] [INFO ] PUT /api/notifications/nmr1mljwx3z6p/read 200 56ms - ::1
[2026-07-01 05:19:31] [INFO ] GET /api/records/rmr1mljrkw5uu 200 6ms - ::1
[2026-07-01 05:19:32] [INFO ] GET /api/records?page=1&pageSize=10 304 5ms - ::1
[2026-07-01 05:19:32] [INFO ] GET /api/maintenance-plans/upcoming?days=7 304 1ms - ::1
[2026-07-01 05:19:32] [INFO ] GET /api/statistics/dashboard 304 1ms - ::1
[2026-07-01 05:19:46] [INFO ] POST /api/auth/login 200 5ms - ::1
[2026-07-01 05:19:55] [INFO ] POST /api/auth/login 200 105ms - ::1
[2026-07-01 05:19:55] [INFO ] GET /api/records?page=1&pageSize=10&createdBy=u003 200 8ms - ::1
[2026-07-01 05:19:55] [INFO ] GET /api/notifications/unread 200 0ms - ::1
[2026-07-01 05:19:55] [INFO ] GET /api/maintenance-plans/upcoming?days=7 304 2ms - ::1
[2026-07-01 05:19:55] [INFO ] GET /api/statistics/dashboard 304 1ms - ::1
[2026-07-01 05:19:58] [INFO ] PUT /api/notifications/nmr1mljxonklb/read 200 63ms - ::1
[2026-07-01 05:19:58] [INFO ] GET /api/records/rmr1mljrkw5uu 304 1ms - ::1
[2026-07-01 05:19:59] [INFO ] GET /api/records?page=1&pageSize=10&createdBy=u003 304 3ms - ::1
[2026-07-01 05:19:59] [INFO ] GET /api/maintenance-plans/upcoming?days=7 304 1ms - ::1
[2026-07-01 05:19:59] [INFO ] GET /api/statistics/dashboard 304 1ms - ::1
[2026-07-01 06:54:52] [INFO ] ========================================
[2026-07-01 06:54:52] [INFO ]   设备台账与运维管理系统 - 后端服务
[2026-07-01 06:54:52] [INFO ] ========================================
[2026-07-01 06:54:52] [INFO ]   服务地址: http://localhost:3000
[2026-07-01 06:54:52] [INFO ]   API 前缀: /api
[2026-07-01 06:54:52] [INFO ]   健康检查: http://localhost:3000/api/health
[2026-07-01 06:54:52] [INFO ]   数据文件: ./data/eqdm.json
[2026-07-01 06:54:52] [INFO ]   运行环境: production
[2026-07-01 06:54:52] [INFO ] ========================================
[2026-07-01 06:54:52] [INFO ]   默认账号:
[2026-07-01 06:54:52] [INFO ]     管理员: admin / admin123
[2026-07-01 06:54:52] [INFO ]     部门经理: manager / manager123
[2026-07-01 06:54:52] [INFO ]     员工共享: sa / 123456
[2026-07-01 06:54:52] [INFO ] ========================================
[2026-07-01 06:55:59] [WARN ] GET /api/notifications/unread 401 4ms - ::1
[2026-07-01 06:55:59] [WARN ] GET /api/notifications/unread 401 1ms - ::1
[2026-07-01 06:56:02] [INFO ] POST /api/auth/login 200 72ms - ::1
[2026-07-01 06:56:02] [INFO ] GET /api/notifications/unread 200 3ms - ::1
[2026-07-01 06:56:02] [INFO ] GET /api/maintenance-plans/upcoming?days=7 304 0ms - ::1
[2026-07-01 06:56:02] [INFO ] GET /api/records?page=1&pageSize=10&createdBy=u006 304 8ms - ::1
[2026-07-01 06:56:02] [INFO ] GET /api/statistics/dashboard 304 0ms - ::1
[2026-07-01 06:56:11] [INFO ] GET /api/records?page=1&pageSize=10&createdBy=u006 304 4ms - ::1
[2026-07-01 06:56:20] [INFO ] GET /api/records/rmr1mljrkw5uu 304 4ms - ::1
[2026-07-01 06:56:23] [INFO ] GET /api/records?page=1&pageSize=10&createdBy=u006 304 3ms - ::1
[2026-07-01 06:56:32] [INFO ] GET /api/notifications/unread 304 4ms - ::1
[2026-07-01 06:57:02] [INFO ] GET /api/notifications/unread 304 5ms - ::1
[2026-07-01 06:57:32] [INFO ] GET /api/notifications/unread 304 5ms - ::1
[2026-07-01 06:58:02] [INFO ] GET /api/notifications/unread 304 6ms - ::1
[2026-07-01 06:58:32] [INFO ] GET /api/notifications/unread 304 3ms - ::1
[2026-07-01 06:59:02] [INFO ] GET /api/notifications/unread 304 3ms - ::1
[2026-07-01 06:59:32] [INFO ] GET /api/notifications/unread 304 3ms - ::1
[2026-07-01 07:00:02] [INFO ] GET /api/notifications/unread 304 4ms - ::1
[2026-07-01 07:00:32] [INFO ] GET /api/notifications/unread 304 6ms - ::1
[2026-07-01 07:00:51] [INFO ] GET /api/notifications/unread 200 4ms - ::1
[2026-07-01 07:00:51] [INFO ] GET /api/records?page=1&pageSize=10 200 3ms - ::1
[2026-07-01 07:00:51] [INFO ] GET /api/maintenance-plans/upcoming?days=7 200 1ms - ::1
[2026-07-01 07:00:51] [INFO ] GET /api/statistics/dashboard 200 2ms - ::1
[2026-07-01 07:01:02] [INFO ] POST /api/auth/login 200 112ms - ::1
[2026-07-01 07:01:02] [INFO ] GET /api/notifications/unread 304 3ms - ::1
[2026-07-01 07:01:07] [INFO ] POST /api/auth/login 200 96ms - ::1
[2026-07-01 07:01:07] [INFO ] GET /api/notifications/unread 200 4ms - ::1
[2026-07-01 07:01:07] [INFO ] GET /api/records?page=1&pageSize=10 304 3ms - ::1
[2026-07-01 07:01:07] [INFO ] GET /api/maintenance-plans/upcoming?days=7 304 1ms - ::1
[2026-07-01 07:01:07] [INFO ] GET /api/statistics/dashboard 304 0ms - ::1
[2026-07-01 07:01:08] [INFO ] GET /api/logs?page=1&pageSize=20 200 4ms - ::1
[2026-07-01 07:01:12] [INFO ] GET /api/logs?page=1&pageSize=20 304 3ms - ::1
[2026-07-01 07:01:13] [INFO ] GET /api/logs?page=1&pageSize=20 304 5ms - ::1
[2026-07-01 07:01:14] [INFO ] PUT /api/notifications/nmr1mljvroma9/read 200 10ms - ::1
[2026-07-01 07:01:15] [INFO ] GET /api/records/rmr1mljrkw5uu 200 6ms - ::1
[2026-07-01 07:01:16] [INFO ] GET /api/logs?page=1&pageSize=20 304 4ms - ::1
[2026-07-01 07:01:17] [INFO ] GET /api/users?page=1&pageSize=10&keyword= 200 4ms - ::1
[2026-07-01 07:01:19] [INFO ] GET /api/logs?page=1&pageSize=20 304 5ms - ::1
[2026-07-01 07:01:21] [INFO ] GET /api/users?page=1&pageSize=10&keyword= 304 3ms - ::1
[2026-07-01 07:01:22] [INFO ] GET /api/logs?page=1&pageSize=20 304 2ms - ::1
[2026-07-01 07:01:32] [INFO ] GET /api/notifications/unread 304 3ms - ::1
[2026-07-01 07:01:37] [INFO ] GET /api/notifications/unread 200 3ms - ::1
[2026-07-01 07:02:02] [INFO ] GET /api/notifications/unread 304 2ms - ::1
[2026-07-01 07:02:07] [INFO ] GET /api/notifications/unread 304 5ms - ::1
[2026-07-01 07:02:32] [INFO ] GET /api/notifications/unread 304 3ms - ::1
[2026-07-01 07:02:37] [INFO ] GET /api/notifications/unread 304 4ms - ::1
[2026-07-01 07:03:02] [INFO ] GET /api/notifications/unread 304 4ms - ::1
[2026-07-01 07:03:07] [INFO ] GET /api/notifications/unread 304 5ms - ::1
[2026-07-01 07:03:32] [INFO ] GET /api/notifications/unread 304 2ms - ::1
[2026-07-01 07:03:38] [INFO ] GET /api/notifications/unread 304 6ms - ::1
[2026-07-01 07:04:02] [INFO ] GET /api/notifications/unread 304 4ms - ::1
[2026-07-01 07:04:08] [INFO ] GET /api/notifications/unread 304 7ms - ::1
[2026-07-01 07:04:32] [INFO ] GET /api/notifications/unread 304 4ms - ::1
[2026-07-01 07:04:51] [INFO ] GET /api/notifications/unread 304 6ms - ::1
[2026-07-01 07:05:02] [INFO ] GET /api/notifications/unread 304 4ms - ::1
[2026-07-01 07:05:32] [INFO ] GET /api/notifications/unread 304 5ms - ::1
[2026-07-01 07:05:51] [INFO ] GET /api/notifications/unread 304 4ms - ::1
[2026-07-01 07:06:02] [INFO ] GET /api/notifications/unread 304 5ms - ::1
[2026-07-01 07:06:51] [INFO ] GET /api/notifications/unread 304 3ms - ::1
[2026-07-01 07:07:42] [INFO ] GET /api/notifications/unread 304 4ms - ::1
[2026-07-01 07:34:00] [INFO ] ========================================
[2026-07-01 07:34:00] [INFO ]   设备台账与运维管理系统 - 后端服务
[2026-07-01 07:34:00] [INFO ] ========================================
[2026-07-01 07:34:00] [INFO ]   服务地址: http://localhost:3000
[2026-07-01 07:34:00] [INFO ]   API 前缀: /api
[2026-07-01 07:34:00] [INFO ]   健康检查: http://localhost:3000/api/health
[2026-07-01 07:34:00] [INFO ]   数据文件: ./data/eqdm.json
[2026-07-01 07:34:00] [INFO ]   运行环境: production
[2026-07-01 07:34:00] [INFO ] ========================================
[2026-07-01 07:34:00] [INFO ]   默认账号:
[2026-07-01 07:34:00] [INFO ]     管理员: admin / admin123
[2026-07-01 07:34:00] [INFO ]     部门经理: manager / manager123
[2026-07-01 07:34:00] [INFO ]     员工共享: sa / 123456
[2026-07-01 07:34:00] [INFO ] ========================================
[2026-07-01 07:34:20] [WARN ] GET /api/notifications/unread 401 6ms - ::1
[2026-07-01 07:34:26] [INFO ] POST /api/auth/login 200 129ms - ::1
[2026-07-01 07:34:26] [INFO ] GET /api/notifications/unread 200 7ms - ::1
[2026-07-01 07:34:26] [INFO ] GET /api/records?page=1&pageSize=10&createdBy=u006 200 13ms - ::1
[2026-07-01 07:34:26] [INFO ] GET /api/maintenance-plans/upcoming?days=7 200 1ms - ::1
[2026-07-01 07:34:26] [INFO ] GET /api/statistics/dashboard 200 1ms - ::1
[2026-07-01 07:34:28] [INFO ] GET /api/records/rmr1mljrkw5uu 200 3ms - ::1
[2026-07-01 07:34:49] [INFO ] GET /api/records?page=1&pageSize=10&createdBy=u006 304 4ms - ::1
[2026-07-01 07:34:49] [INFO ] GET /api/maintenance-plans/upcoming?days=7 304 7ms - ::1
[2026-07-01 07:34:49] [INFO ] GET /api/statistics/dashboard 304 1ms - ::1
[2026-07-01 07:34:52] [INFO ] GET /api/equipments?pageSize=999 200 7ms - ::1
[2026-07-01 07:34:54] [INFO ] GET /api/records?equipmentId=emqwcj0udcd92&page=1&pageSize=1 200 5ms - ::1
[2026-07-01 07:34:56] [INFO ] GET /api/notifications/unread 304 4ms - ::1
[2026-07-01 07:35:26] [INFO ] GET /api/notifications/unread 304 3ms - ::1
[2026-07-01 07:35:56] [INFO ] GET /api/notifications/unread 304 3ms - ::1
[2026-07-01 07:36:26] [INFO ] GET /api/notifications/unread 304 5ms - ::1
[2026-07-01 07:36:56] [INFO ] GET /api/notifications/unread 304 3ms - ::1
[2026-07-01 07:37:26] [INFO ] GET /api/notifications/unread 304 4ms - ::1
[2026-07-01 07:37:56] [INFO ] GET /api/notifications/unread 304 4ms - ::1
[2026-07-01 07:38:26] [INFO ] GET /api/notifications/unread 304 4ms - ::1
[2026-07-01 07:38:56] [INFO ] GET /api/notifications/unread 304 8ms - ::1
[2026-07-01 07:39:26] [INFO ] GET /api/notifications/unread 304 3ms - ::1
[2026-07-01 07:39:57] [INFO ] GET /api/notifications/unread 304 4ms - ::1
[2026-07-01 07:40:27] [INFO ] GET /api/notifications/unread 304 5ms - ::1
[2026-07-01 07:41:51] [INFO ] GET /api/notifications/unread 304 3ms - ::1
[2026-07-01 07:42:51] [INFO ] GET /api/notifications/unread 304 6ms - ::1
[2026-07-01 07:43:37] [INFO ] GET /api/notifications/unread 304 6ms - ::1
[2026-07-01 07:43:45] [INFO ] GET /api/notifications/unread 304 4ms - ::1
[2026-07-01 07:43:46] [INFO ] GET /api/equipments?pageSize=999 304 12ms - ::1
[2026-07-01 07:43:49] [INFO ] GET /api/records?equipmentId=emqwcj0ummo9e&page=1&pageSize=1 200 4ms - ::1
[2026-07-01 07:43:55] [INFO ] POST /api/records 200 32ms - ::1
[2026-07-01 07:43:55] [INFO ] GET /api/records?page=1&pageSize=10&createdBy=u006 200 2ms - ::1
[2026-07-01 07:43:59] [INFO ] GET /api/records/rmr1rrksjlxu9 200 4ms - ::1
[2026-07-01 07:44:15] [INFO ] GET /api/notifications/unread 304 2ms - ::1
[2026-07-01 07:44:45] [INFO ] GET /api/notifications/unread 304 3ms - ::1
[2026-07-01 07:46:58] [INFO ] ========================================
[2026-07-01 07:46:58] [INFO ]   设备台账与运维管理系统 - 后端服务
[2026-07-01 07:46:58] [INFO ] ========================================
[2026-07-01 07:46:58] [INFO ]   服务地址: http://localhost:3000
[2026-07-01 07:46:58] [INFO ]   API 前缀: /api
[2026-07-01 07:46:58] [INFO ]   健康检查: http://localhost:3000/api/health
[2026-07-01 07:46:58] [INFO ]   数据文件: ./data/eqdm.json
[2026-07-01 07:46:58] [INFO ]   运行环境: production
[2026-07-01 07:46:58] [INFO ] ========================================
[2026-07-01 07:46:58] [INFO ]   默认账号:
[2026-07-01 07:46:58] [INFO ]     管理员: admin / admin123
[2026-07-01 07:46:58] [INFO ]     部门经理: manager / manager123
[2026-07-01 07:46:58] [INFO ]     员工共享: sa / 123456
[2026-07-01 07:46:58] [INFO ] ========================================
[2026-07-01 07:47:08] [INFO ] GET /api/notifications/unread 200 15ms - ::1
[2026-07-01 07:47:08] [INFO ] GET /api/records?page=1&pageSize=10&createdBy=u006 200 20ms - ::1
[2026-07-01 07:47:08] [INFO ] GET /api/maintenance-plans/upcoming?days=7 200 1ms - ::1
[2026-07-01 07:47:08] [INFO ] GET /api/statistics/dashboard 200 1ms - ::1
[2026-07-01 07:47:12] [INFO ] GET /api/records?page=1&pageSize=10&createdBy=u006 304 4ms - ::1
[2026-07-01 07:47:12] [INFO ] GET /api/maintenance-plans/upcoming?days=7 304 2ms - ::1
[2026-07-01 07:47:12] [INFO ] GET /api/statistics/dashboard 304 4ms - ::1
[2026-07-01 07:47:13] [INFO ] GET /api/equipments?pageSize=999 200 8ms - ::1
[2026-07-01 07:47:17] [INFO ] GET /api/records?equipmentId=emqwcj0ug9ug2&page=1&pageSize=1 200 5ms - ::1
[2026-07-01 07:47:38] [INFO ] GET /api/notifications/unread 304 6ms - ::1
[2026-07-01 07:47:41] [INFO ] POST /api/records 200 28ms - ::1
[2026-07-01 07:47:41] [INFO ] GET /api/records?page=1&pageSize=10&createdBy=u006 200 3ms - ::1
[2026-07-01 07:47:42] [INFO ] GET /api/records/rmr1rwev161am 200 3ms - ::1
[2026-07-01 07:48:08] [INFO ] GET /api/notifications/unread 304 4ms - ::1
[2026-07-01 07:48:38] [INFO ] GET /api/notifications/unread 304 7ms - ::1
[2026-07-01 07:49:09] [INFO ] GET /api/notifications/unread 200 2ms - ::1
[2026-07-01 07:50:53] [INFO ] ========================================
[2026-07-01 07:50:53] [INFO ]   设备台账与运维管理系统 - 后端服务
[2026-07-01 07:50:53] [INFO ] ========================================
[2026-07-01 07:50:53] [INFO ]   服务地址: http://localhost:3000
[2026-07-01 07:50:53] [INFO ]   API 前缀: /api
[2026-07-01 07:50:53] [INFO ]   健康检查: http://localhost:3000/api/health
[2026-07-01 07:50:53] [INFO ]   数据文件: ./data/eqdm.json
[2026-07-01 07:50:53] [INFO ]   运行环境: production
[2026-07-01 07:50:53] [INFO ] ========================================
[2026-07-01 07:50:53] [INFO ]   默认账号:
[2026-07-01 07:50:53] [INFO ]     管理员: admin / admin123
[2026-07-01 07:50:53] [INFO ]     部门经理: manager / manager123
[2026-07-01 07:50:53] [INFO ]     员工共享: sa / 123456
[2026-07-01 07:50:53] [INFO ] ========================================
[2026-07-01 07:51:03] [WARN ] GET /api/notifications/unread 401 7ms - ::1
[2026-07-01 07:51:07] [INFO ] POST /api/auth/login 200 166ms - ::1
[2026-07-01 07:51:08] [INFO ] GET /api/notifications/unread 200 8ms - ::1
[2026-07-01 07:51:08] [INFO ] GET /api/records?page=1&pageSize=10&createdBy=u006 200 15ms - ::1
[2026-07-01 07:51:08] [INFO ] GET /api/maintenance-plans/upcoming?days=7 200 1ms - ::1
[2026-07-01 07:51:08] [INFO ] GET /api/statistics/dashboard 200 2ms - ::1
[2026-07-01 07:51:10] [INFO ] GET /api/records/rmr1rwev161am 200 5ms - ::1
[2026-07-01 07:51:15] [INFO ] GET /api/records?page=1&pageSize=10&createdBy=u006 304 6ms - ::1
[2026-07-01 07:51:15] [INFO ] GET /api/maintenance-plans/upcoming?days=7 304 1ms - ::1
[2026-07-01 07:51:15] [INFO ] GET /api/statistics/dashboard 304 3ms - ::1
[2026-07-01 07:51:17] [INFO ] GET /api/equipments?pageSize=999 200 16ms - ::1
[2026-07-01 07:51:19] [INFO ] GET /api/records?equipmentId=emqwcj0ug9ug2&page=1&pageSize=1 200 5ms - ::1
[2026-07-01 07:51:38] [INFO ] GET /api/notifications/unread 304 4ms - ::1
[2026-07-01 07:52:08] [INFO ] GET /api/notifications/unread 304 3ms - ::1
[2026-07-01 08:04:13] [INFO ] ========================================
[2026-07-01 08:04:13] [INFO ]   设备台账与运维管理系统 - 后端服务
[2026-07-01 08:04:13] [INFO ] ========================================
[2026-07-01 08:04:13] [INFO ]   服务地址: http://localhost:3000
[2026-07-01 08:04:13] [INFO ]   API 前缀: /api
[2026-07-01 08:04:13] [INFO ]   健康检查: http://localhost:3000/api/health
[2026-07-01 08:04:13] [INFO ]   数据文件: ./data/eqdm.json
[2026-07-01 08:04:13] [INFO ]   运行环境: production
[2026-07-01 08:04:13] [INFO ] ========================================
[2026-07-01 08:04:13] [INFO ]   默认账号:
[2026-07-01 08:04:13] [INFO ]     管理员: admin / admin123
[2026-07-01 08:04:13] [INFO ]     部门经理: manager / manager123
[2026-07-01 08:04:13] [INFO ]     员工共享: sa / 123456
[2026-07-01 08:04:13] [INFO ] ========================================
[2026-07-01 08:04:23] [INFO ] GET /api/notifications/unread 200 13ms - ::1
[2026-07-01 08:04:23] [INFO ] GET /api/records?page=1&pageSize=10&createdBy=u006 200 17ms - ::1
[2026-07-01 08:04:23] [INFO ] GET /api/maintenance-plans/upcoming?days=7 200 2ms - ::1
[2026-07-01 08:04:23] [INFO ] GET /api/statistics/dashboard 200 2ms - ::1
[2026-07-01 08:04:53] [INFO ] GET /api/notifications/unread 304 4ms - ::1
[2026-07-01 08:05:04] [INFO ] GET /api/records/rmr1rwev161am 200 7ms - ::1
[2026-07-01 08:05:07] [INFO ] GET /api/records?page=1&pageSize=10&createdBy=u006 304 4ms - ::1
[2026-07-01 08:05:08] [INFO ] GET /api/maintenance-plans/upcoming?days=7 304 5ms - ::1
[2026-07-01 08:05:08] [INFO ] GET /api/statistics/dashboard 304 1ms - ::1
[2026-07-01 08:05:13] [INFO ] GET /api/equipments?pageSize=999 200 7ms - ::1
[2026-07-01 08:05:15] [INFO ] GET /api/records?equipmentId=emqwcj0udcd92&page=1&pageSize=1 200 5ms - ::1
[2026-07-01 08:05:23] [INFO ] GET /api/notifications/unread 304 2ms - ::1
[2026-07-01 08:05:34] [INFO ] POST /api/records 200 32ms - ::1
[2026-07-01 08:05:35] [INFO ] GET /api/records?page=1&pageSize=10&createdBy=u006 200 4ms - ::1
[2026-07-01 08:05:46] [INFO ] GET /api/records/rmr1sjf4hvzof 200 5ms - ::1
[2026-07-01 08:05:53] [INFO ] GET /api/notifications/unread 304 4ms - ::1
[2026-07-01 08:06:23] [INFO ] GET /api/notifications/unread 304 4ms - ::1
[2026-07-01 08:06:53] [INFO ] GET /api/notifications/unread 304 6ms - ::1
[2026-07-01 08:07:23] [INFO ] GET /api/notifications/unread 304 3ms - ::1
[2026-07-01 08:07:37] [INFO ] GET /api/records/rmr1sjf4hvzof 304 5ms - ::1
[2026-07-01 08:07:53] [INFO ] GET /api/notifications/unread 304 3ms - ::1
[2026-07-01 08:08:23] [INFO ] GET /api/notifications/unread 304 6ms - ::1
[2026-07-01 08:08:53] [INFO ] GET /api/notifications/unread 304 6ms - ::1
[2026-07-01 08:09:23] [INFO ] GET /api/notifications/unread 304 4ms - ::1
[2026-07-01 08:09:53] [INFO ] GET /api/notifications/unread 304 6ms - ::1
[2026-07-01 08:10:23] [INFO ] GET /api/notifications/unread 304 4ms - ::1
[2026-07-01 08:10:53] [INFO ] GET /api/notifications/unread 304 5ms - ::1
[2026-07-01 08:11:23] [INFO ] GET /api/notifications/unread 304 6ms - ::1
[2026-07-01 08:11:53] [INFO ] GET /api/notifications/unread 304 4ms - ::1
[2026-07-01 08:12:23] [INFO ] GET /api/notifications/unread 304 3ms - ::1
[2026-07-01 08:12:43] [INFO ] GET /api/notifications/unread 304 3ms - ::1
[2026-07-01 08:12:44] [INFO ] GET /api/records/rmr1sjf4hvzof 304 4ms - ::1
[2026-07-01 08:12:45] [INFO ] GET /api/notifications/unread 304 5ms - ::1
[2026-07-01 08:12:45] [INFO ] GET /api/records/rmr1sjf4hvzof 304 0ms - ::1
[2026-07-01 08:12:45] [INFO ] GET /api/notifications/unread 304 3ms - ::1
[2026-07-01 08:12:45] [INFO ] GET /api/records/rmr1sjf4hvzof 304 1ms - ::1
[2026-07-01 08:12:46] [INFO ] GET /api/records?page=1&pageSize=10&createdBy=u006 304 2ms - ::1
[2026-07-01 08:12:46] [INFO ] GET /api/maintenance-plans/upcoming?days=7 304 0ms - ::1
[2026-07-01 08:12:46] [INFO ] GET /api/statistics/dashboard 200 0ms - ::1
[2026-07-01 08:12:53] [INFO ] ========================================
[2026-07-01 08:12:53] [INFO ]   设备台账与运维管理系统 - 后端服务
[2026-07-01 08:12:53] [INFO ] ========================================
[2026-07-01 08:12:53] [INFO ]   服务地址: http://localhost:3000
[2026-07-01 08:12:53] [INFO ]   API 前缀: /api
[2026-07-01 08:12:53] [INFO ]   健康检查: http://localhost:3000/api/health
[2026-07-01 08:12:53] [INFO ]   数据文件: ./data/eqdm.json
[2026-07-01 08:12:53] [INFO ]   运行环境: production
[2026-07-01 08:12:53] [INFO ] ========================================
[2026-07-01 08:12:53] [INFO ]   默认账号:
[2026-07-01 08:12:53] [INFO ]     管理员: admin / admin123
[2026-07-01 08:12:53] [INFO ]     部门经理: manager / manager123
[2026-07-01 08:12:53] [INFO ]     员工共享: sa / 123456
[2026-07-01 08:12:53] [INFO ] ========================================
[2026-07-01 08:13:00] [INFO ] GET /api/notifications/unread 304 11ms - ::1
[2026-07-01 08:13:00] [INFO ] GET /api/records?page=1&pageSize=10&createdBy=u006 304 12ms - ::1
[2026-07-01 08:13:00] [INFO ] GET /api/maintenance-plans/upcoming?days=7 304 0ms - ::1
[2026-07-01 08:13:00] [INFO ] GET /api/statistics/dashboard 304 2ms - ::1
[2026-07-01 08:13:03] [INFO ] GET /api/records?page=1&pageSize=10&createdBy=u006 304 3ms - ::1
[2026-07-01 08:13:04] [INFO ] GET /api/records?page=1&pageSize=10&createdBy=u006 304 4ms - ::1
[2026-07-01 08:13:05] [INFO ] GET /api/maintenance-plans/upcoming?days=7 304 8ms - ::1
[2026-07-01 08:13:05] [INFO ] GET /api/statistics/dashboard 304 1ms - ::1
[2026-07-01 08:13:06] [INFO ] GET /api/equipments?pageSize=999 304 9ms - ::1
[2026-07-01 08:13:08] [INFO ] GET /api/records?equipmentId=emqwcj0ug9ug2&page=1&pageSize=1 200 7ms - ::1
[2026-07-01 08:13:14] [INFO ] POST /api/records 200 31ms - ::1
[2026-07-01 08:13:14] [INFO ] GET /api/records?page=1&pageSize=10&createdBy=u006 200 0ms - ::1
[2026-07-01 08:13:16] [INFO ] GET /api/records/rmr1sta7d6xcs 200 3ms - ::1
[2026-07-01 08:13:30] [INFO ] GET /api/notifications/unread 304 3ms - ::1
[2026-07-01 08:22:47] [INFO ] ========================================
[2026-07-01 08:22:47] [INFO ]   设备台账与运维管理系统 - 后端服务
[2026-07-01 08:22:47] [INFO ] ========================================
[2026-07-01 08:22:47] [INFO ]   服务地址: http://localhost:3000
[2026-07-01 08:22:47] [INFO ]   API 前缀: /api
[2026-07-01 08:22:47] [INFO ]   健康检查: http://localhost:3000/api/health
[2026-07-01 08:22:47] [INFO ]   数据文件: ./data/eqdm.json
[2026-07-01 08:22:47] [INFO ]   运行环境: production
[2026-07-01 08:22:47] [INFO ] ========================================
[2026-07-01 08:22:47] [INFO ]   默认账号:
[2026-07-01 08:22:47] [INFO ]     管理员: admin / admin123
[2026-07-01 08:22:47] [INFO ]     部门经理: manager / manager123
[2026-07-01 08:22:47] [INFO ]     员工共享: sa / 123456
[2026-07-01 08:22:47] [INFO ] ========================================
[2026-07-01 08:24:19] [INFO ] GET /api/notifications/unread 200 14ms - ::1
[2026-07-01 08:24:19] [INFO ] GET /api/records/rmr1sta7d6xcs 200 5ms - ::1
[2026-07-01 08:24:20] [INFO ] GET /api/records?page=1&pageSize=10&createdBy=u006 200 17ms - ::1
[2026-07-01 08:24:20] [INFO ] GET /api/maintenance-plans/upcoming?days=7 200 1ms - ::1
[2026-07-01 08:24:20] [INFO ] GET /api/statistics/dashboard 200 2ms - ::1
[2026-07-01 08:24:23] [INFO ] GET /api/equipments?pageSize=999 200 15ms - ::1
[2026-07-01 08:24:25] [INFO ] GET /api/records?equipmentId=emqwcj0ug9ug2&page=1&pageSize=1 200 6ms - ::1
[2026-07-01 08:24:30] [INFO ] POST /api/records 200 354ms - ::1
[2026-07-01 08:24:30] [INFO ] GET /api/records?page=1&pageSize=10&createdBy=u006 200 5ms - ::1
[2026-07-01 08:24:32] [INFO ] GET /api/records/rmr1t7rg7bm1r 200 4ms - ::1
[2026-07-01 08:24:49] [INFO ] GET /api/notifications/unread 304 4ms - ::1
[2026-07-01 08:25:19] [INFO ] GET /api/notifications/unread 304 7ms - ::1
[2026-07-01 08:25:26] [INFO ] GET /api/records?page=1&pageSize=10&createdBy=u006 304 5ms - ::1
[2026-07-01 08:25:49] [INFO ] GET /api/notifications/unread 304 2ms - ::1
[2026-07-01 08:26:19] [INFO ] GET /api/notifications/unread 304 3ms - ::1
